{"C:\\Users\\gmodi\\Documents\\GitHub\\marketing-campaigns-portal-development\\marketing-campaigns-portal-backend\\src\\app.ts": {"path":"C:\\Users\\gmodi\\Documents\\GitHub\\marketing-campaigns-portal-development\\marketing-campaigns-portal-backend\\src\\app.ts","statementMap":{"0":{"start":{"line":1,"column":0},"end":{"line":1,"column":30}},"1":{"start":{"line":2,"column":0},"end":{"line":2,"column":28}},"2":{"start":{"line":3,"column":0},"end":{"line":3,"column":24}},"3":{"start":{"line":4,"column":0},"end":{"line":4,"column":28}},"4":{"start":{"line":6,"column":0},"end":{"line":6,"column":36}},"5":{"start":{"line":7,"column":0},"end":{"line":7,"column":53}},"6":{"start":{"line":8,"column":0},"end":{"line":8,"column":45}},"7":{"start":{"line":9,"column":0},"end":{"line":9,"column":57}},"8":{"start":{"line":10,"column":0},"end":{"line":10,"column":36}},"9":{"start":{"line":11,"column":0},"end":{"line":11,"column":53}},"10":{"start":{"line":12,"column":0},"end":{"line":12,"column":55}},"11":{"start":{"line":13,"column":0},"end":{"line":13,"column":49}},"12":{"start":{"line":14,"column":0},"end":{"line":14,"column":53}},"13":{"start":{"line":15,"column":0},"end":{"line":15,"column":55}},"14":{"start":{"line":16,"column":0},"end":{"line":16,"column":47}},"15":{"start":{"line":17,"column":0},"end":{"line":17,"column":63}},"16":{"start":{"line":19,"column":0},"end":{"line":19,"column":28}},"17":{"start":{"line":21,"column":0},"end":{"line":21,"column":16}},"18":{"start":{"line":23,"column":12},"end":{"line":23,"column":21}},"19":{"start":{"line":25,"column":0},"end":{"line":25,"column":23}},"20":{"start":{"line":27,"column":0},"end":{"line":27,"column":18}},"21":{"start":{"line":28,"column":0},"end":{"line":28,"column":24}},"22":{"start":{"line":29,"column":0},"end":{"line":29,"column":16}},"23":{"start":{"line":30,"column":0},"end":{"line":30,"column":18}},"24":{"start":{"line":33,"column":0},"end":{"line":33,"column":89}},"25":{"start":{"line":33,"column":59},"end":{"line":33,"column":82}},"26":{"start":{"line":35,"column":0},"end":{"line":35,"column":12}},"27":{"start":{"line":37,"column":0},"end":{"line":37,"column":33}},"28":{"start":{"line":38,"column":0},"end":{"line":38,"column":42}},"29":{"start":{"line":39,"column":0},"end":{"line":39,"column":46}},"30":{"start":{"line":40,"column":0},"end":{"line":40,"column":43}},"31":{"start":{"line":41,"column":0},"end":{"line":41,"column":38}},"32":{"start":{"line":42,"column":0},"end":{"line":42,"column":42}},"33":{"start":{"line":43,"column":0},"end":{"line":43,"column":43}},"34":{"start":{"line":44,"column":0},"end":{"line":44,"column":36}},"35":{"start":{"line":45,"column":0},"end":{"line":45,"column":53}},"36":{"start":{"line":47,"column":0},"end":{"line":47,"column":22}},"37":{"start":{"line":49,"column":0},"end":{"line":49,"column":19}}},"fnMap":{"0":{"name":"(anonymous_1)","decl":{"start":{"line":33,"column":46},"end":{"line":33,"column":47}},"loc":{"start":{"line":33,"column":59},"end":{"line":33,"column":82}}}},"branchMap":{},"s":{"0":6,"1":6,"2":6,"3":6,"4":6,"5":6,"6":6,"7":6,"8":6,"9":6,"10":6,"11":6,"12":6,"13":6,"14":6,"15":6,"16":6,"17":6,"18":6,"19":6,"20":6,"21":6,"22":6,"23":6,"24":6,"25":38,"26":6,"27":6,"28":6,"29":6,"30":6,"31":6,"32":6,"33":6,"34":6,"35":6,"36":6,"37":6},"f":{"0":38},"b":{}}
,"C:\\Users\\gmodi\\Documents\\GitHub\\marketing-campaigns-portal-development\\marketing-campaigns-portal-backend\\src\\config\\db.ts": {"path":"C:\\Users\\gmodi\\Documents\\GitHub\\marketing-campaigns-portal-development\\marketing-campaigns-portal-backend\\src\\config\\db.ts","statementMap":{"0":{"start":{"line":1,"column":0},"end":{"line":1,"column":32}},"1":{"start":{"line":2,"column":0},"end":{"line":2,"column":28}},"2":{"start":{"line":4,"column":0},"end":{"line":4,"column":16}},"3":{"start":{"line":6,"column":18},"end":{"line":14,"column":2}},"4":{"start":{"line":6,"column":29},"end":{"line":14,"column":2}},"5":{"start":{"line":7,"column":2},"end":{"line":13,"column":3}},"6":{"start":{"line":8,"column":4},"end":{"line":8,"column":60}},"7":{"start":{"line":9,"column":4},"end":{"line":9,"column":40}},"8":{"start":{"line":11,"column":4},"end":{"line":11,"column":54}},"9":{"start":{"line":12,"column":4},"end":{"line":12,"column":20}},"10":{"start":{"line":16,"column":0},"end":{"line":16,"column":25}}},"fnMap":{"0":{"name":"(anonymous_8)","decl":{"start":{"line":6,"column":18},"end":{"line":6,"column":27}},"loc":{"start":{"line":6,"column":29},"end":{"line":14,"column":2}}},"1":{"name":"(anonymous_9)","decl":{"start":{"line":6,"column":29},"end":{"line":6,"column":null}},"loc":{"start":{"line":6,"column":29},"end":{"line":14,"column":1}}}},"branchMap":{},"s":{"0":6,"1":6,"2":6,"3":6,"4":6,"5":6,"6":6,"7":6,"8":0,"9":0,"10":6},"f":{"0":6,"1":6},"b":{}}
,"C:\\Users\\gmodi\\Documents\\GitHub\\marketing-campaigns-portal-development\\marketing-campaigns-portal-backend\\src\\controllers\\activityController.ts": {"path":"C:\\Users\\gmodi\\Documents\\GitHub\\marketing-campaigns-portal-development\\marketing-campaigns-portal-backend\\src\\controllers\\activityController.ts","statementMap":{"0":{"start":{"line":2,"column":0},"end":{"line":2,"column":48}},"1":{"start":{"line":4,"column":31},"end":{"line":11,"column":2}},"2":{"start":{"line":4,"column":69},"end":{"line":11,"column":2}},"3":{"start":{"line":5,"column":2},"end":{"line":10,"column":3}},"4":{"start":{"line":6,"column":17},"end":{"line":6,"column":110}},"5":{"start":{"line":7,"column":4},"end":{"line":7,"column":31}},"6":{"start":{"line":9,"column":4},"end":{"line":9,"column":77}},"7":{"start":{"line":4,"column":13},"end":{"line":4,"column":31}}},"fnMap":{"0":{"name":"(anonymous_8)","decl":{"start":{"line":4,"column":31},"end":{"line":4,"column":38}},"loc":{"start":{"line":4,"column":69},"end":{"line":11,"column":2}}},"1":{"name":"(anonymous_9)","decl":{"start":{"line":4,"column":69},"end":{"line":4,"column":null}},"loc":{"start":{"line":4,"column":69},"end":{"line":11,"column":1}}}},"branchMap":{},"s":{"0":6,"1":6,"2":0,"3":0,"4":0,"5":0,"6":0,"7":6},"f":{"0":0,"1":0},"b":{}}
,"C:\\Users\\gmodi\\Documents\\GitHub\\marketing-campaigns-portal-development\\marketing-campaigns-portal-backend\\src\\controllers\\analyticsController.ts": {"path":"C:\\Users\\gmodi\\Documents\\GitHub\\marketing-campaigns-portal-development\\marketing-campaigns-portal-backend\\src\\controllers\\analyticsController.ts","statementMap":{"0":{"start":{"line":2,"column":0},"end":{"line":2,"column":64}},"1":{"start":{"line":6,"column":32},"end":{"line":23,"column":2}},"2":{"start":{"line":6,"column":70},"end":{"line":23,"column":2}},"3":{"start":{"line":7,"column":2},"end":{"line":22,"column":3}},"4":{"start":{"line":8,"column":76},"end":{"line":8,"column":84}},"5":{"start":{"line":10,"column":24},"end":{"line":16,"column":6}},"6":{"start":{"line":18,"column":4},"end":{"line":18,"column":29}},"7":{"start":{"line":19,"column":4},"end":{"line":19,"column":38}},"8":{"start":{"line":21,"column":4},"end":{"line":21,"column":75}},"9":{"start":{"line":6,"column":13},"end":{"line":6,"column":32}},"10":{"start":{"line":26,"column":38},"end":{"line":36,"column":2}},"11":{"start":{"line":26,"column":76},"end":{"line":36,"column":2}},"12":{"start":{"line":27,"column":2},"end":{"line":35,"column":3}},"13":{"start":{"line":28,"column":27},"end":{"line":28,"column":37}},"14":{"start":{"line":29,"column":24},"end":{"line":29,"column":94}},"15":{"start":{"line":31,"column":4},"end":{"line":31,"column":99}},"16":{"start":{"line":31,"column":29},"end":{"line":31,"column":99}},"17":{"start":{"line":32,"column":4},"end":{"line":32,"column":38}},"18":{"start":{"line":34,"column":4},"end":{"line":34,"column":75}},"19":{"start":{"line":26,"column":13},"end":{"line":26,"column":38}},"20":{"start":{"line":39,"column":34},"end":{"line":62,"column":2}},"21":{"start":{"line":39,"column":72},"end":{"line":62,"column":2}},"22":{"start":{"line":40,"column":2},"end":{"line":61,"column":3}},"23":{"start":{"line":41,"column":22},"end":{"line":41,"column":31}},"24":{"start":{"line":43,"column":23},"end":{"line":43,"column":25}},"25":{"start":{"line":44,"column":23},"end":{"line":50,"column":6}},"26":{"start":{"line":52,"column":19},"end":{"line":56,"column":6}},"27":{"start":{"line":58,"column":4},"end":{"line":58,"column":33}},"28":{"start":{"line":60,"column":4},"end":{"line":60,"column":72}},"29":{"start":{"line":39,"column":13},"end":{"line":39,"column":34}}},"fnMap":{"0":{"name":"(anonymous_8)","decl":{"start":{"line":6,"column":32},"end":{"line":6,"column":39}},"loc":{"start":{"line":6,"column":70},"end":{"line":23,"column":2}}},"1":{"name":"(anonymous_9)","decl":{"start":{"line":6,"column":70},"end":{"line":6,"column":null}},"loc":{"start":{"line":6,"column":70},"end":{"line":23,"column":1}}},"2":{"name":"(anonymous_10)","decl":{"start":{"line":26,"column":38},"end":{"line":26,"column":45}},"loc":{"start":{"line":26,"column":76},"end":{"line":36,"column":2}}},"3":{"name":"(anonymous_11)","decl":{"start":{"line":26,"column":76},"end":{"line":26,"column":null}},"loc":{"start":{"line":26,"column":76},"end":{"line":36,"column":1}}},"4":{"name":"(anonymous_12)","decl":{"start":{"line":39,"column":34},"end":{"line":39,"column":41}},"loc":{"start":{"line":39,"column":72},"end":{"line":62,"column":2}}},"5":{"name":"(anonymous_13)","decl":{"start":{"line":39,"column":72},"end":{"line":39,"column":null}},"loc":{"start":{"line":39,"column":72},"end":{"line":62,"column":1}}}},"branchMap":{"0":{"loc":{"start":{"line":31,"column":4},"end":{"line":31,"column":99}},"type":"if","locations":[{"start":{"line":31,"column":4},"end":{"line":31,"column":99}}]}},"s":{"0":6,"1":6,"2":0,"3":0,"4":0,"5":0,"6":0,"7":0,"8":0,"9":6,"10":6,"11":0,"12":0,"13":0,"14":0,"15":0,"16":0,"17":0,"18":0,"19":6,"20":6,"21":0,"22":0,"23":0,"24":0,"25":0,"26":0,"27":0,"28":0,"29":6},"f":{"0":0,"1":0,"2":0,"3":0,"4":0,"5":0},"b":{"0":[0]}}
,"C:\\Users\\gmodi\\Documents\\GitHub\\marketing-campaigns-portal-development\\marketing-campaigns-portal-backend\\src\\controllers\\authController.ts": {"path":"C:\\Users\\gmodi\\Documents\\GitHub\\marketing-campaigns-portal-development\\marketing-campaigns-portal-backend\\src\\controllers\\authController.ts","statementMap":{"0":{"start":{"line":1,"column":0},"end":{"line":1,"column":26}},"1":{"start":{"line":3,"column":0},"end":{"line":3,"column":34}},"2":{"start":{"line":4,"column":0},"end":{"line":4,"column":31}},"3":{"start":{"line":5,"column":0},"end":{"line":5,"column":30}},"4":{"start":{"line":7,"column":20},"end":{"line":7,"column":75}},"5":{"start":{"line":9,"column":21},"end":{"line":56,"column":2}},"6":{"start":{"line":9,"column":59},"end":{"line":56,"column":2}},"7":{"start":{"line":10,"column":30},"end":{"line":10,"column":38}},"8":{"start":{"line":12,"column":2},"end":{"line":55,"column":3}},"9":{"start":{"line":14,"column":25},"end":{"line":17,"column":null}},"10":{"start":{"line":21,"column":29},"end":{"line":21,"column":46}},"11":{"start":{"line":22,"column":4},"end":{"line":24,"column":5}},"12":{"start":{"line":23,"column":6},"end":{"line":23,"column":70}},"13":{"start":{"line":27,"column":15},"end":{"line":27,"column":44}},"14":{"start":{"line":28,"column":4},"end":{"line":34,"column":5}},"15":{"start":{"line":29,"column":6},"end":{"line":29,"column":101}},"16":{"start":{"line":30,"column":6},"end":{"line":30,"column":24}},"17":{"start":{"line":32,"column":6},"end":{"line":32,"column":36}},"18":{"start":{"line":33,"column":6},"end":{"line":33,"column":24}},"19":{"start":{"line":37,"column":23},"end":{"line":37,"column":118}},"20":{"start":{"line":39,"column":4},"end":{"line":44,"column":7}},"21":{"start":{"line":46,"column":4},"end":{"line":54,"column":5}},"22":{"start":{"line":47,"column":25},"end":{"line":47,"column":37}},"23":{"start":{"line":48,"column":6},"end":{"line":51,"column":9}},"24":{"start":{"line":53,"column":6},"end":{"line":53,"column":73}},"25":{"start":{"line":9,"column":13},"end":{"line":9,"column":21}}},"fnMap":{"0":{"name":"(anonymous_8)","decl":{"start":{"line":9,"column":21},"end":{"line":9,"column":28}},"loc":{"start":{"line":9,"column":59},"end":{"line":56,"column":2}}},"1":{"name":"(anonymous_9)","decl":{"start":{"line":9,"column":59},"end":{"line":9,"column":null}},"loc":{"start":{"line":9,"column":59},"end":{"line":56,"column":1}}}},"branchMap":{"0":{"loc":{"start":{"line":22,"column":4},"end":{"line":24,"column":5}},"type":"if","locations":[{"start":{"line":22,"column":4},"end":{"line":24,"column":5}}]},"1":{"loc":{"start":{"line":28,"column":4},"end":{"line":34,"column":5}},"type":"if","locations":[{"start":{"line":28,"column":4},"end":{"line":34,"column":5}},{"start":{"line":31,"column":11},"end":{"line":34,"column":5}}]},"2":{"loc":{"start":{"line":46,"column":4},"end":{"line":54,"column":5}},"type":"if","locations":[{"start":{"line":46,"column":4},"end":{"line":54,"column":5}},{"start":{"line":52,"column":11},"end":{"line":54,"column":5}}]},"3":{"loc":{"start":{"line":50,"column":15},"end":{"line":50,"column":57}},"type":"binary-expr","locations":[{"start":{"line":50,"column":15},"end":{"line":50,"column":40}},{"start":{"line":50,"column":44},"end":{"line":50,"column":57}}]},"4":{"loc":{"start":{"line":50,"column":15},"end":{"line":50,"column":40}},"type":"cond-expr","locations":[{"start":{"line":50,"column":34},"end":{"line":50,"column":36}},{"start":{"line":50,"column":34},"end":{"line":50,"column":40}}]},"5":{"loc":{"start":{"line":50,"column":15},"end":{"line":50,"column":36}},"type":"binary-expr","locations":[{"start":{"line":50,"column":15},"end":{"line":50,"column":36}},{"start":{"line":50,"column":34},"end":{"line":50,"column":36}}]}},"s":{"0":6,"1":6,"2":6,"3":6,"4":6,"5":6,"6":2,"7":2,"8":2,"9":2,"10":0,"11":0,"12":0,"13":0,"14":0,"15":0,"16":0,"17":0,"18":0,"19":0,"20":0,"21":2,"22":2,"23":2,"24":0,"25":6},"f":{"0":2,"1":2},"b":{"0":[0],"1":[0,0],"2":[2,0],"3":[2,0],"4":[0,2],"5":[2,2]}}
,"C:\\Users\\gmodi\\Documents\\GitHub\\marketing-campaigns-portal-development\\marketing-campaigns-portal-backend\\src\\controllers\\campaignController.ts": {"path":"C:\\Users\\gmodi\\Documents\\GitHub\\marketing-campaigns-portal-development\\marketing-campaigns-portal-backend\\src\\controllers\\campaignController.ts","statementMap":{"0":{"start":{"line":4,"column":0},"end":{"line":4,"column":57}},"1":{"start":{"line":6,"column":28},"end":{"line":80,"column":2}},"2":{"start":{"line":6,"column":66},"end":{"line":80,"column":2}},"3":{"start":{"line":7,"column":2},"end":{"line":79,"column":3}},"4":{"start":{"line":18,"column":8},"end":{"line":18,"column":17}},"5":{"start":{"line":20,"column":21},"end":{"line":20,"column":23}},"6":{"start":{"line":23,"column":4},"end":{"line":25,"column":5}},"7":{"start":{"line":24,"column":6},"end":{"line":24,"column":63}},"8":{"start":{"line":28,"column":4},"end":{"line":31,"column":5}},"9":{"start":{"line":29,"column":27},"end":{"line":29,"column":76}},"10":{"start":{"line":29,"column":67},"end":{"line":29,"column":75}},"11":{"start":{"line":30,"column":6},"end":{"line":30,"column":42}},"12":{"start":{"line":34,"column":4},"end":{"line":36,"column":5}},"13":{"start":{"line":35,"column":6},"end":{"line":35,"column":77}},"14":{"start":{"line":35,"column":65},"end":{"line":35,"column":73}},"15":{"start":{"line":39,"column":4},"end":{"line":44,"column":5}},"16":{"start":{"line":40,"column":6},"end":{"line":43,"column":8}},"17":{"start":{"line":47,"column":23},"end":{"line":47,"column":56}},"18":{"start":{"line":48,"column":21},"end":{"line":48,"column":56}},"19":{"start":{"line":49,"column":17},"end":{"line":49,"column":44}},"20":{"start":{"line":52,"column":22},"end":{"line":52,"column":38}},"21":{"start":{"line":53,"column":22},"end":{"line":53,"column":47}},"22":{"start":{"line":55,"column":4},"end":{"line":55,"column":64}},"23":{"start":{"line":58,"column":22},"end":{"line":61,"column":22}},"24":{"start":{"line":64,"column":23},"end":{"line":64,"column":59}},"25":{"start":{"line":66,"column":4},"end":{"line":75,"column":7}},"26":{"start":{"line":77,"column":4},"end":{"line":77,"column":54}},"27":{"start":{"line":78,"column":4},"end":{"line":78,"column":63}},"28":{"start":{"line":6,"column":13},"end":{"line":6,"column":28}},"29":{"start":{"line":84,"column":38},"end":{"line":108,"column":2}},"30":{"start":{"line":84,"column":76},"end":{"line":108,"column":2}},"31":{"start":{"line":85,"column":2},"end":{"line":107,"column":3}},"32":{"start":{"line":86,"column":65},"end":{"line":86,"column":73}},"33":{"start":{"line":88,"column":4},"end":{"line":90,"column":5}},"34":{"start":{"line":89,"column":6},"end":{"line":89,"column":74}},"35":{"start":{"line":92,"column":24},"end":{"line":100,"column":6}},"36":{"start":{"line":102,"column":4},"end":{"line":102,"column":29}},"37":{"start":{"line":103,"column":4},"end":{"line":103,"column":92}},"38":{"start":{"line":105,"column":4},"end":{"line":105,"column":51}},"39":{"start":{"line":106,"column":4},"end":{"line":106,"column":63}},"40":{"start":{"line":84,"column":13},"end":{"line":84,"column":38}},"41":{"start":{"line":111,"column":28},"end":{"line":132,"column":2}},"42":{"start":{"line":111,"column":66},"end":{"line":132,"column":2}},"43":{"start":{"line":112,"column":2},"end":{"line":131,"column":3}},"44":{"start":{"line":113,"column":27},"end":{"line":113,"column":37}},"45":{"start":{"line":115,"column":24},"end":{"line":115,"column":32}},"46":{"start":{"line":117,"column":21},"end":{"line":120,"column":null}},"47":{"start":{"line":123,"column":4},"end":{"line":125,"column":5}},"48":{"start":{"line":124,"column":6},"end":{"line":124,"column":69}},"49":{"start":{"line":127,"column":4},"end":{"line":127,"column":81}},"50":{"start":{"line":129,"column":4},"end":{"line":129,"column":53}},"51":{"start":{"line":130,"column":4},"end":{"line":130,"column":63}},"52":{"start":{"line":111,"column":13},"end":{"line":111,"column":28}},"53":{"start":{"line":135,"column":31},"end":{"line":154,"column":2}},"54":{"start":{"line":135,"column":69},"end":{"line":154,"column":2}},"55":{"start":{"line":136,"column":2},"end":{"line":153,"column":3}},"56":{"start":{"line":137,"column":27},"end":{"line":137,"column":37}},"57":{"start":{"line":140,"column":21},"end":{"line":140,"column":56}},"58":{"start":{"line":142,"column":4},"end":{"line":144,"column":5}},"59":{"start":{"line":143,"column":6},"end":{"line":143,"column":69}},"60":{"start":{"line":146,"column":4},"end":{"line":149,"column":7}},"61":{"start":{"line":151,"column":4},"end":{"line":151,"column":61}},"62":{"start":{"line":152,"column":4},"end":{"line":152,"column":63}},"63":{"start":{"line":135,"column":13},"end":{"line":135,"column":31}},"64":{"start":{"line":157,"column":36},"end":{"line":177,"column":2}},"65":{"start":{"line":157,"column":74},"end":{"line":177,"column":2}},"66":{"start":{"line":158,"column":2},"end":{"line":176,"column":3}},"67":{"start":{"line":159,"column":27},"end":{"line":159,"column":37}},"68":{"start":{"line":161,"column":21},"end":{"line":161,"column":56}},"69":{"start":{"line":162,"column":4},"end":{"line":164,"column":5}},"70":{"start":{"line":163,"column":6},"end":{"line":163,"column":69}},"71":{"start":{"line":167,"column":4},"end":{"line":167,"column":77}},"72":{"start":{"line":168,"column":4},"end":{"line":168,"column":26}},"73":{"start":{"line":170,"column":4},"end":{"line":170,"column":47}},"74":{"start":{"line":172,"column":4},"end":{"line":172,"column":99}},"75":{"start":{"line":174,"column":4},"end":{"line":174,"column":60}},"76":{"start":{"line":175,"column":4},"end":{"line":175,"column":63}},"77":{"start":{"line":157,"column":13},"end":{"line":157,"column":36}},"78":{"start":{"line":180,"column":33},"end":{"line":208,"column":2}},"79":{"start":{"line":180,"column":71},"end":{"line":208,"column":2}},"80":{"start":{"line":181,"column":2},"end":{"line":207,"column":3}},"81":{"start":{"line":182,"column":27},"end":{"line":182,"column":37}},"82":{"start":{"line":184,"column":29},"end":{"line":184,"column":64}},"83":{"start":{"line":186,"column":4},"end":{"line":188,"column":5}},"84":{"start":{"line":187,"column":6},"end":{"line":187,"column":78}},"85":{"start":{"line":191,"column":25},"end":{"line":191,"column":52}},"86":{"start":{"line":192,"column":4},"end":{"line":192,"column":28}},"87":{"start":{"line":195,"column":4},"end":{"line":195,"column":59}},"88":{"start":{"line":196,"column":4},"end":{"line":196,"column":40}},"89":{"start":{"line":197,"column":4},"end":{"line":197,"column":44}},"90":{"start":{"line":198,"column":4},"end":{"line":198,"column":34}},"91":{"start":{"line":200,"column":31},"end":{"line":200,"column":57}},"92":{"start":{"line":201,"column":4},"end":{"line":201,"column":36}},"93":{"start":{"line":203,"column":4},"end":{"line":203,"column":104}},"94":{"start":{"line":205,"column":4},"end":{"line":205,"column":56}},"95":{"start":{"line":206,"column":4},"end":{"line":206,"column":63}},"96":{"start":{"line":180,"column":13},"end":{"line":180,"column":33}},"97":{"start":{"line":211,"column":30},"end":{"line":230,"column":2}},"98":{"start":{"line":211,"column":68},"end":{"line":230,"column":2}},"99":{"start":{"line":212,"column":2},"end":{"line":229,"column":3}},"100":{"start":{"line":213,"column":27},"end":{"line":213,"column":37}},"101":{"start":{"line":215,"column":21},"end":{"line":218,"column":null}},"102":{"start":{"line":221,"column":4},"end":{"line":223,"column":5}},"103":{"start":{"line":222,"column":6},"end":{"line":222,"column":69}},"104":{"start":{"line":225,"column":4},"end":{"line":225,"column":82}},"105":{"start":{"line":227,"column":4},"end":{"line":227,"column":54}},"106":{"start":{"line":228,"column":4},"end":{"line":228,"column":63}},"107":{"start":{"line":211,"column":13},"end":{"line":211,"column":30}},"108":{"start":{"line":233,"column":30},"end":{"line":248,"column":2}},"109":{"start":{"line":233,"column":68},"end":{"line":248,"column":2}},"110":{"start":{"line":234,"column":2},"end":{"line":247,"column":3}},"111":{"start":{"line":235,"column":27},"end":{"line":235,"column":37}},"112":{"start":{"line":237,"column":21},"end":{"line":237,"column":65}},"113":{"start":{"line":239,"column":4},"end":{"line":241,"column":5}},"114":{"start":{"line":240,"column":6},"end":{"line":240,"column":69}},"115":{"start":{"line":243,"column":4},"end":{"line":243,"column":71}},"116":{"start":{"line":245,"column":4},"end":{"line":245,"column":53}},"117":{"start":{"line":246,"column":4},"end":{"line":246,"column":63}},"118":{"start":{"line":233,"column":13},"end":{"line":233,"column":30}}},"fnMap":{"0":{"name":"(anonymous_8)","decl":{"start":{"line":6,"column":28},"end":{"line":6,"column":35}},"loc":{"start":{"line":6,"column":66},"end":{"line":80,"column":2}}},"1":{"name":"(anonymous_9)","decl":{"start":{"line":6,"column":66},"end":{"line":6,"column":null}},"loc":{"start":{"line":6,"column":66},"end":{"line":80,"column":1}}},"2":{"name":"(anonymous_10)","decl":{"start":{"line":29,"column":60},"end":{"line":29,"column":61}},"loc":{"start":{"line":29,"column":67},"end":{"line":29,"column":75}}},"3":{"name":"(anonymous_11)","decl":{"start":{"line":35,"column":58},"end":{"line":35,"column":59}},"loc":{"start":{"line":35,"column":65},"end":{"line":35,"column":73}}},"4":{"name":"(anonymous_12)","decl":{"start":{"line":84,"column":38},"end":{"line":84,"column":45}},"loc":{"start":{"line":84,"column":76},"end":{"line":108,"column":2}}},"5":{"name":"(anonymous_13)","decl":{"start":{"line":84,"column":76},"end":{"line":84,"column":null}},"loc":{"start":{"line":84,"column":76},"end":{"line":108,"column":1}}},"6":{"name":"(anonymous_14)","decl":{"start":{"line":111,"column":28},"end":{"line":111,"column":35}},"loc":{"start":{"line":111,"column":66},"end":{"line":132,"column":2}}},"7":{"name":"(anonymous_15)","decl":{"start":{"line":111,"column":66},"end":{"line":111,"column":null}},"loc":{"start":{"line":111,"column":66},"end":{"line":132,"column":1}}},"8":{"name":"(anonymous_16)","decl":{"start":{"line":135,"column":31},"end":{"line":135,"column":38}},"loc":{"start":{"line":135,"column":69},"end":{"line":154,"column":2}}},"9":{"name":"(anonymous_17)","decl":{"start":{"line":135,"column":69},"end":{"line":135,"column":null}},"loc":{"start":{"line":135,"column":69},"end":{"line":154,"column":1}}},"10":{"name":"(anonymous_18)","decl":{"start":{"line":157,"column":36},"end":{"line":157,"column":43}},"loc":{"start":{"line":157,"column":74},"end":{"line":177,"column":2}}},"11":{"name":"(anonymous_19)","decl":{"start":{"line":157,"column":74},"end":{"line":157,"column":null}},"loc":{"start":{"line":157,"column":74},"end":{"line":177,"column":1}}},"12":{"name":"(anonymous_20)","decl":{"start":{"line":180,"column":33},"end":{"line":180,"column":40}},"loc":{"start":{"line":180,"column":71},"end":{"line":208,"column":2}}},"13":{"name":"(anonymous_21)","decl":{"start":{"line":180,"column":71},"end":{"line":180,"column":null}},"loc":{"start":{"line":180,"column":71},"end":{"line":208,"column":1}}},"14":{"name":"(anonymous_22)","decl":{"start":{"line":211,"column":30},"end":{"line":211,"column":37}},"loc":{"start":{"line":211,"column":68},"end":{"line":230,"column":2}}},"15":{"name":"(anonymous_23)","decl":{"start":{"line":211,"column":68},"end":{"line":211,"column":null}},"loc":{"start":{"line":211,"column":68},"end":{"line":230,"column":1}}},"16":{"name":"(anonymous_24)","decl":{"start":{"line":233,"column":30},"end":{"line":233,"column":37}},"loc":{"start":{"line":233,"column":68},"end":{"line":248,"column":2}}},"17":{"name":"(anonymous_25)","decl":{"start":{"line":233,"column":68},"end":{"line":233,"column":null}},"loc":{"start":{"line":233,"column":68},"end":{"line":248,"column":1}}}},"branchMap":{"0":{"loc":{"start":{"line":14,"column":6},"end":{"line":14,"column":26}},"type":"default-arg","locations":[{"start":{"line":14,"column":15},"end":{"line":14,"column":26}}]},"1":{"loc":{"start":{"line":15,"column":6},"end":{"line":15,"column":20}},"type":"default-arg","locations":[{"start":{"line":15,"column":14},"end":{"line":15,"column":20}}]},"2":{"loc":{"start":{"line":16,"column":6},"end":{"line":16,"column":16}},"type":"default-arg","locations":[{"start":{"line":16,"column":13},"end":{"line":16,"column":16}}]},"3":{"loc":{"start":{"line":17,"column":6},"end":{"line":17,"column":18}},"type":"default-arg","locations":[{"start":{"line":17,"column":14},"end":{"line":17,"column":18}}]},"4":{"loc":{"start":{"line":23,"column":4},"end":{"line":25,"column":5}},"type":"if","locations":[{"start":{"line":23,"column":4},"end":{"line":25,"column":5}}]},"5":{"loc":{"start":{"line":28,"column":4},"end":{"line":31,"column":5}},"type":"if","locations":[{"start":{"line":28,"column":4},"end":{"line":31,"column":5}}]},"6":{"loc":{"start":{"line":34,"column":4},"end":{"line":36,"column":5}},"type":"if","locations":[{"start":{"line":34,"column":4},"end":{"line":36,"column":5}}]},"7":{"loc":{"start":{"line":39,"column":4},"end":{"line":44,"column":5}},"type":"if","locations":[{"start":{"line":39,"column":4},"end":{"line":44,"column":5}}]},"8":{"loc":{"start":{"line":39,"column":8},"end":{"line":39,"column":28}},"type":"binary-expr","locations":[{"start":{"line":39,"column":8},"end":{"line":39,"column":17}},{"start":{"line":39,"column":21},"end":{"line":39,"column":28}}]},"9":{"loc":{"start":{"line":47,"column":23},"end":{"line":47,"column":56}},"type":"binary-expr","locations":[{"start":{"line":47,"column":23},"end":{"line":47,"column":51}},{"start":{"line":47,"column":55},"end":{"line":47,"column":56}}]},"10":{"loc":{"start":{"line":48,"column":21},"end":{"line":48,"column":56}},"type":"binary-expr","locations":[{"start":{"line":48,"column":21},"end":{"line":48,"column":50}},{"start":{"line":48,"column":54},"end":{"line":48,"column":56}}]},"11":{"loc":{"start":{"line":53,"column":22},"end":{"line":53,"column":47}},"type":"cond-expr","locations":[{"start":{"line":53,"column":41},"end":{"line":53,"column":43}},{"start":{"line":53,"column":46},"end":{"line":53,"column":47}}]},"12":{"loc":{"start":{"line":88,"column":4},"end":{"line":90,"column":5}},"type":"if","locations":[{"start":{"line":88,"column":4},"end":{"line":90,"column":5}}]},"13":{"loc":{"start":{"line":88,"column":8},"end":{"line":88,"column":48}},"type":"binary-expr","locations":[{"start":{"line":88,"column":8},"end":{"line":88,"column":13}},{"start":{"line":88,"column":17},"end":{"line":88,"column":22}},{"start":{"line":88,"column":26},"end":{"line":88,"column":35}},{"start":{"line":88,"column":39},"end":{"line":88,"column":48}}]},"14":{"loc":{"start":{"line":98,"column":16},"end":{"line":98,"column":32}},"type":"binary-expr","locations":[{"start":{"line":98,"column":16},"end":{"line":98,"column":24}},{"start":{"line":98,"column":28},"end":{"line":98,"column":32}}]},"15":{"loc":{"start":{"line":99,"column":14},"end":{"line":99,"column":31}},"type":"binary-expr","locations":[{"start":{"line":99,"column":14},"end":{"line":99,"column":20}},{"start":{"line":99,"column":24},"end":{"line":99,"column":31}}]},"16":{"loc":{"start":{"line":123,"column":4},"end":{"line":125,"column":5}},"type":"if","locations":[{"start":{"line":123,"column":4},"end":{"line":125,"column":5}}]},"17":{"loc":{"start":{"line":142,"column":4},"end":{"line":144,"column":5}},"type":"if","locations":[{"start":{"line":142,"column":4},"end":{"line":144,"column":5}}]},"18":{"loc":{"start":{"line":162,"column":4},"end":{"line":164,"column":5}},"type":"if","locations":[{"start":{"line":162,"column":4},"end":{"line":164,"column":5}}]},"19":{"loc":{"start":{"line":167,"column":22},"end":{"line":167,"column":76}},"type":"cond-expr","locations":[{"start":{"line":167,"column":55},"end":{"line":167,"column":63}},{"start":{"line":167,"column":66},"end":{"line":167,"column":76}}]},"20":{"loc":{"start":{"line":186,"column":4},"end":{"line":188,"column":5}},"type":"if","locations":[{"start":{"line":186,"column":4},"end":{"line":188,"column":5}}]},"21":{"loc":{"start":{"line":221,"column":4},"end":{"line":223,"column":5}},"type":"if","locations":[{"start":{"line":221,"column":4},"end":{"line":223,"column":5}}]},"22":{"loc":{"start":{"line":239,"column":4},"end":{"line":241,"column":5}},"type":"if","locations":[{"start":{"line":239,"column":4},"end":{"line":241,"column":5}}]}},"s":{"0":6,"1":6,"2":1,"3":1,"4":1,"5":1,"6":1,"7":0,"8":1,"9":0,"10":0,"11":0,"12":1,"13":0,"14":0,"15":1,"16":0,"17":1,"18":1,"19":1,"20":1,"21":1,"22":1,"23":1,"24":1,"25":1,"26":0,"27":0,"28":6,"29":6,"30":1,"31":1,"32":1,"33":1,"34":0,"35":1,"36":1,"37":1,"38":0,"39":0,"40":6,"41":6,"42":1,"43":1,"44":1,"45":1,"46":1,"47":1,"48":0,"49":1,"50":0,"51":0,"52":6,"53":6,"54":2,"55":2,"56":2,"57":2,"58":2,"59":1,"60":1,"61":0,"62":0,"63":6,"64":6,"65":1,"66":1,"67":1,"68":1,"69":1,"70":0,"71":1,"72":1,"73":1,"74":1,"75":0,"76":0,"77":6,"78":6,"79":1,"80":1,"81":1,"82":1,"83":1,"84":0,"85":1,"86":1,"87":1,"88":1,"89":1,"90":1,"91":1,"92":1,"93":1,"94":0,"95":0,"96":6,"97":6,"98":1,"99":1,"100":1,"101":1,"102":1,"103":0,"104":1,"105":0,"106":0,"107":6,"108":6,"109":1,"110":1,"111":1,"112":1,"113":1,"114":0,"115":1,"116":0,"117":0,"118":6},"f":{"0":1,"1":1,"2":0,"3":0,"4":1,"5":1,"6":1,"7":1,"8":2,"9":2,"10":1,"11":1,"12":1,"13":1,"14":1,"15":1,"16":1,"17":1},"b":{"0":[1],"1":[1],"2":[1],"3":[1],"4":[0],"5":[0],"6":[0],"7":[0],"8":[1,0],"9":[1,0],"10":[1,0],"11":[1,0],"12":[0],"13":[1,1,1,1],"14":[1,0],"15":[1,0],"16":[0],"17":[1],"18":[0],"19":[0,1],"20":[0],"21":[0],"22":[0]}}
,"C:\\Users\\gmodi\\Documents\\GitHub\\marketing-campaigns-portal-development\\marketing-campaigns-portal-backend\\src\\controllers\\criteriaBlockController.ts": {"path":"C:\\Users\\gmodi\\Documents\\GitHub\\marketing-campaigns-portal-development\\marketing-campaigns-portal-backend\\src\\controllers\\criteriaBlockController.ts","statementMap":{"0":{"start":{"line":2,"column":0},"end":{"line":2,"column":56}},"1":{"start":{"line":6,"column":60},"end":{"line":10,"column":2}},"2":{"start":{"line":12,"column":35},"end":{"line":61,"column":2}},"3":{"start":{"line":12,"column":73},"end":{"line":61,"column":2}},"4":{"start":{"line":13,"column":2},"end":{"line":60,"column":3}},"5":{"start":{"line":14,"column":48},"end":{"line":14,"column":56}},"6":{"start":{"line":16,"column":4},"end":{"line":18,"column":5}},"7":{"start":{"line":17,"column":6},"end":{"line":17,"column":91}},"8":{"start":{"line":20,"column":4},"end":{"line":22,"column":5}},"9":{"start":{"line":21,"column":6},"end":{"line":21,"column":103}},"10":{"start":{"line":25,"column":4},"end":{"line":27,"column":5}},"11":{"start":{"line":26,"column":6},"end":{"line":26,"column":88}},"12":{"start":{"line":29,"column":29},"end":{"line":29,"column":70}},"13":{"start":{"line":30,"column":29},"end":{"line":30,"column":93}},"14":{"start":{"line":30,"column":62},"end":{"line":30,"column":92}},"15":{"start":{"line":31,"column":4},"end":{"line":36,"column":5}},"16":{"start":{"line":32,"column":6},"end":{"line":35,"column":9}},"17":{"start":{"line":38,"column":26},"end":{"line":41,"column":6}},"18":{"start":{"line":43,"column":4},"end":{"line":48,"column":5}},"19":{"start":{"line":44,"column":6},"end":{"line":47,"column":9}},"20":{"start":{"line":50,"column":21},"end":{"line":50,"column":84}},"21":{"start":{"line":52,"column":4},"end":{"line":56,"column":7}},"22":{"start":{"line":58,"column":4},"end":{"line":58,"column":59}},"23":{"start":{"line":59,"column":4},"end":{"line":59,"column":86}},"24":{"start":{"line":12,"column":13},"end":{"line":12,"column":35}},"25":{"start":{"line":64,"column":33},"end":{"line":78,"column":2}},"26":{"start":{"line":64,"column":71},"end":{"line":78,"column":2}},"27":{"start":{"line":65,"column":2},"end":{"line":77,"column":3}},"28":{"start":{"line":66,"column":25},"end":{"line":66,"column":34}},"29":{"start":{"line":68,"column":24},"end":{"line":68,"column":26}},"30":{"start":{"line":69,"column":4},"end":{"line":69,"column":45}},"31":{"start":{"line":69,"column":18},"end":{"line":69,"column":45}},"32":{"start":{"line":71,"column":19},"end":{"line":71,"column":75}},"33":{"start":{"line":73,"column":4},"end":{"line":73,"column":65}},"34":{"start":{"line":75,"column":4},"end":{"line":75,"column":60}},"35":{"start":{"line":76,"column":4},"end":{"line":76,"column":86}},"36":{"start":{"line":64,"column":13},"end":{"line":64,"column":33}},"37":{"start":{"line":81,"column":35},"end":{"line":92,"column":2}},"38":{"start":{"line":81,"column":73},"end":{"line":92,"column":2}},"39":{"start":{"line":82,"column":2},"end":{"line":91,"column":3}},"40":{"start":{"line":83,"column":19},"end":{"line":83,"column":29}},"41":{"start":{"line":85,"column":4},"end":{"line":85,"column":46}},"42":{"start":{"line":87,"column":4},"end":{"line":87,"column":87}},"43":{"start":{"line":89,"column":4},"end":{"line":89,"column":59}},"44":{"start":{"line":90,"column":4},"end":{"line":90,"column":86}},"45":{"start":{"line":81,"column":13},"end":{"line":81,"column":35}}},"fnMap":{"0":{"name":"(anonymous_7)","decl":{"start":{"line":12,"column":35},"end":{"line":12,"column":42}},"loc":{"start":{"line":12,"column":73},"end":{"line":61,"column":2}}},"1":{"name":"(anonymous_8)","decl":{"start":{"line":12,"column":73},"end":{"line":12,"column":null}},"loc":{"start":{"line":12,"column":73},"end":{"line":61,"column":1}}},"2":{"name":"(anonymous_9)","decl":{"start":{"line":30,"column":46},"end":{"line":30,"column":47}},"loc":{"start":{"line":30,"column":62},"end":{"line":30,"column":92}}},"3":{"name":"(anonymous_10)","decl":{"start":{"line":64,"column":33},"end":{"line":64,"column":40}},"loc":{"start":{"line":64,"column":71},"end":{"line":78,"column":2}}},"4":{"name":"(anonymous_11)","decl":{"start":{"line":64,"column":71},"end":{"line":64,"column":null}},"loc":{"start":{"line":64,"column":71},"end":{"line":78,"column":1}}},"5":{"name":"(anonymous_12)","decl":{"start":{"line":81,"column":35},"end":{"line":81,"column":42}},"loc":{"start":{"line":81,"column":73},"end":{"line":92,"column":2}}},"6":{"name":"(anonymous_13)","decl":{"start":{"line":81,"column":73},"end":{"line":81,"column":null}},"loc":{"start":{"line":81,"column":73},"end":{"line":92,"column":1}}}},"branchMap":{"0":{"loc":{"start":{"line":16,"column":4},"end":{"line":18,"column":5}},"type":"if","locations":[{"start":{"line":16,"column":4},"end":{"line":18,"column":5}}]},"1":{"loc":{"start":{"line":16,"column":8},"end":{"line":16,"column":49}},"type":"binary-expr","locations":[{"start":{"line":16,"column":8},"end":{"line":16,"column":13}},{"start":{"line":16,"column":17},"end":{"line":16,"column":22}},{"start":{"line":16,"column":26},"end":{"line":16,"column":35}},{"start":{"line":16,"column":39},"end":{"line":16,"column":49}}]},"2":{"loc":{"start":{"line":20,"column":4},"end":{"line":22,"column":5}},"type":"if","locations":[{"start":{"line":20,"column":4},"end":{"line":22,"column":5}}]},"3":{"loc":{"start":{"line":20,"column":8},"end":{"line":20,"column":59}},"type":"binary-expr","locations":[{"start":{"line":20,"column":8},"end":{"line":20,"column":33}},{"start":{"line":20,"column":37},"end":{"line":20,"column":59}}]},"4":{"loc":{"start":{"line":25,"column":4},"end":{"line":27,"column":5}},"type":"if","locations":[{"start":{"line":25,"column":4},"end":{"line":27,"column":5}}]},"5":{"loc":{"start":{"line":31,"column":4},"end":{"line":36,"column":5}},"type":"if","locations":[{"start":{"line":31,"column":4},"end":{"line":36,"column":5}}]},"6":{"loc":{"start":{"line":43,"column":4},"end":{"line":48,"column":5}},"type":"if","locations":[{"start":{"line":43,"column":4},"end":{"line":48,"column":5}}]},"7":{"loc":{"start":{"line":69,"column":4},"end":{"line":69,"column":45}},"type":"if","locations":[{"start":{"line":69,"column":4},"end":{"line":69,"column":45}}]}},"s":{"0":6,"1":6,"2":6,"3":3,"4":3,"5":3,"6":3,"7":0,"8":3,"9":0,"10":3,"11":1,"12":2,"13":2,"14":4,"15":2,"16":1,"17":1,"18":1,"19":0,"20":1,"21":1,"22":0,"23":0,"24":6,"25":6,"26":2,"27":2,"28":2,"29":2,"30":2,"31":1,"32":2,"33":2,"34":0,"35":0,"36":6,"37":6,"38":2,"39":2,"40":2,"41":2,"42":2,"43":0,"44":0,"45":6},"f":{"0":3,"1":3,"2":4,"3":2,"4":2,"5":2,"6":2},"b":{"0":[0],"1":[3,3,3,3],"2":[0],"3":[3,3],"4":[1],"5":[1],"6":[0],"7":[1]}}
,"C:\\Users\\gmodi\\Documents\\GitHub\\marketing-campaigns-portal-development\\marketing-campaigns-portal-backend\\src\\controllers\\dashboardController.ts": {"path":"C:\\Users\\gmodi\\Documents\\GitHub\\marketing-campaigns-portal-development\\marketing-campaigns-portal-backend\\src\\controllers\\dashboardController.ts","statementMap":{"0":{"start":{"line":2,"column":0},"end":{"line":2,"column":57}},"1":{"start":{"line":3,"column":0},"end":{"line":3,"column":38}},"2":{"start":{"line":6,"column":21},"end":{"line":6,"column":88}},"3":{"start":{"line":6,"column":39},"end":{"line":6,"column":88}},"4":{"start":{"line":7,"column":24},"end":{"line":7,"column":81}},"5":{"start":{"line":7,"column":57},"end":{"line":7,"column":81}},"6":{"start":{"line":8,"column":22},"end":{"line":8,"column":100}},"7":{"start":{"line":8,"column":55},"end":{"line":8,"column":100}},"8":{"start":{"line":9,"column":23},"end":{"line":9,"column":61}},"9":{"start":{"line":9,"column":41},"end":{"line":9,"column":61}},"10":{"start":{"line":10,"column":21},"end":{"line":10,"column":78}},"11":{"start":{"line":10,"column":39},"end":{"line":10,"column":78}},"12":{"start":{"line":12,"column":26},"end":{"line":17,"column":1}},"13":{"start":{"line":13,"column":14},"end":{"line":13,"column":24}},"14":{"start":{"line":14,"column":15},"end":{"line":14,"column":32}},"15":{"start":{"line":15,"column":16},"end":{"line":15,"column":30}},"16":{"start":{"line":16,"column":2},"end":{"line":16,"column":82}},"17":{"start":{"line":21,"column":33},"end":{"line":152,"column":2}},"18":{"start":{"line":21,"column":71},"end":{"line":152,"column":2}},"19":{"start":{"line":22,"column":2},"end":{"line":151,"column":3}},"20":{"start":{"line":23,"column":16},"end":{"line":23,"column":26}},"21":{"start":{"line":24,"column":24},"end":{"line":24,"column":41}},"22":{"start":{"line":26,"column":53},"end":{"line":31,"column":6}},"23":{"start":{"line":33,"column":27},"end":{"line":33,"column":58}},"24":{"start":{"line":34,"column":25},"end":{"line":34,"column":54}},"25":{"start":{"line":36,"column":34},"end":{"line":43,"column":6}},"26":{"start":{"line":39,"column":56},"end":{"line":43,"column":6}},"27":{"start":{"line":40,"column":20},"end":{"line":40,"column":56}},"28":{"start":{"line":41,"column":25},"end":{"line":41,"column":74}},"29":{"start":{"line":42,"column":6},"end":{"line":42,"column":35}},"30":{"start":{"line":45,"column":56},"end":{"line":50,"column":6}},"31":{"start":{"line":52,"column":59},"end":{"line":57,"column":6}},"32":{"start":{"line":59,"column":54},"end":{"line":64,"column":6}},"33":{"start":{"line":66,"column":33},"end":{"line":66,"column":35}},"34":{"start":{"line":67,"column":4},"end":{"line":75,"column":5}},"35":{"start":{"line":68,"column":37},"end":{"line":68,"column":99}},"36":{"start":{"line":69,"column":20},"end":{"line":69,"column":36}},"37":{"start":{"line":70,"column":25},"end":{"line":70,"column":87}},"38":{"start":{"line":70,"column":54},"end":{"line":70,"column":85}},"39":{"start":{"line":71,"column":26},"end":{"line":71,"column":83}},"40":{"start":{"line":71,"column":55},"end":{"line":71,"column":81}},"41":{"start":{"line":72,"column":23},"end":{"line":72,"column":67}},"42":{"start":{"line":73,"column":24},"end":{"line":73,"column":69}},"43":{"start":{"line":74,"column":6},"end":{"line":74,"column":72}},"44":{"start":{"line":77,"column":30},"end":{"line":96,"column":null}},"45":{"start":{"line":78,"column":52},"end":{"line":96,"column":8}},"46":{"start":{"line":79,"column":21},"end":{"line":79,"column":56}},"47":{"start":{"line":80,"column":19},"end":{"line":80,"column":52}},"48":{"start":{"line":81,"column":21},"end":{"line":81,"column":81}},"49":{"start":{"line":83,"column":25},"end":{"line":85,"column":13}},"50":{"start":{"line":84,"column":38},"end":{"line":84,"column":69}},"51":{"start":{"line":86,"column":26},"end":{"line":88,"column":13}},"52":{"start":{"line":87,"column":38},"end":{"line":87,"column":64}},"53":{"start":{"line":90,"column":8},"end":{"line":95,"column":10}},"54":{"start":{"line":99,"column":27},"end":{"line":99,"column":46}},"55":{"start":{"line":100,"column":47},"end":{"line":100,"column":109}},"56":{"start":{"line":102,"column":33},"end":{"line":117,"column":5}},"57":{"start":{"line":103,"column":88},"end":{"line":103,"column":90}},"58":{"start":{"line":104,"column":6},"end":{"line":110,"column":9}},"59":{"start":{"line":105,"column":24},"end":{"line":105,"column":64}},"60":{"start":{"line":106,"column":8},"end":{"line":106,"column":84}},"61":{"start":{"line":106,"column":31},"end":{"line":106,"column":84}},"62":{"start":{"line":107,"column":8},"end":{"line":107,"column":60}},"63":{"start":{"line":108,"column":8},"end":{"line":108,"column":56}},"64":{"start":{"line":109,"column":8},"end":{"line":109,"column":36}},"65":{"start":{"line":112,"column":6},"end":{"line":116,"column":10}},"66":{"start":{"line":112,"column":60},"end":{"line":116,"column":8}},"67":{"start":{"line":119,"column":32},"end":{"line":124,"column":6}},"68":{"start":{"line":120,"column":70},"end":{"line":120,"column":102}},"69":{"start":{"line":121,"column":71},"end":{"line":121,"column":104}},"70":{"start":{"line":126,"column":27},"end":{"line":130,"column":38}},"71":{"start":{"line":132,"column":4},"end":{"line":147,"column":7}},"72":{"start":{"line":149,"column":4},"end":{"line":149,"column":59}},"73":{"start":{"line":150,"column":4},"end":{"line":150,"column":63}},"74":{"start":{"line":21,"column":13},"end":{"line":21,"column":33}}},"fnMap":{"0":{"name":"(anonymous_8)","decl":{"start":{"line":6,"column":21},"end":{"line":6,"column":22}},"loc":{"start":{"line":6,"column":39},"end":{"line":6,"column":88}}},"1":{"name":"(anonymous_9)","decl":{"start":{"line":7,"column":24},"end":{"line":7,"column":25}},"loc":{"start":{"line":7,"column":57},"end":{"line":7,"column":81}}},"2":{"name":"(anonymous_10)","decl":{"start":{"line":8,"column":22},"end":{"line":8,"column":23}},"loc":{"start":{"line":8,"column":55},"end":{"line":8,"column":100}}},"3":{"name":"(anonymous_11)","decl":{"start":{"line":9,"column":23},"end":{"line":9,"column":24}},"loc":{"start":{"line":9,"column":41},"end":{"line":9,"column":61}}},"4":{"name":"(anonymous_12)","decl":{"start":{"line":10,"column":21},"end":{"line":10,"column":22}},"loc":{"start":{"line":10,"column":39},"end":{"line":10,"column":78}}},"5":{"name":"(anonymous_13)","decl":{"start":{"line":12,"column":26},"end":{"line":12,"column":29}},"loc":{"start":{"line":12,"column":31},"end":{"line":17,"column":1}}},"6":{"name":"(anonymous_14)","decl":{"start":{"line":21,"column":33},"end":{"line":21,"column":40}},"loc":{"start":{"line":21,"column":71},"end":{"line":152,"column":2}}},"7":{"name":"(anonymous_15)","decl":{"start":{"line":21,"column":71},"end":{"line":21,"column":null}},"loc":{"start":{"line":21,"column":71},"end":{"line":152,"column":1}}},"8":{"name":"(anonymous_16)","decl":{"start":{"line":36,"column":34},"end":{"line":36,"column":null}},"loc":{"start":{"line":39,"column":56},"end":{"line":43,"column":6}}},"9":{"name":"(anonymous_17)","decl":{"start":{"line":39,"column":56},"end":{"line":39,"column":null}},"loc":{"start":{"line":39,"column":56},"end":{"line":43,"column":5}}},"10":{"name":"(anonymous_18)","decl":{"start":{"line":70,"column":42},"end":{"line":70,"column":43}},"loc":{"start":{"line":70,"column":53},"end":{"line":70,"column":85}}},"11":{"name":"(anonymous_19)","decl":{"start":{"line":71,"column":43},"end":{"line":71,"column":44}},"loc":{"start":{"line":71,"column":54},"end":{"line":71,"column":81}}},"12":{"name":"(anonymous_20)","decl":{"start":{"line":78,"column":33},"end":{"line":78,"column":40}},"loc":{"start":{"line":78,"column":52},"end":{"line":96,"column":8}}},"13":{"name":"(anonymous_21)","decl":{"start":{"line":78,"column":52},"end":{"line":78,"column":null}},"loc":{"start":{"line":78,"column":52},"end":{"line":96,"column":7}}},"14":{"name":"(anonymous_22)","decl":{"start":{"line":84,"column":26},"end":{"line":84,"column":27}},"loc":{"start":{"line":84,"column":37},"end":{"line":84,"column":69}}},"15":{"name":"(anonymous_23)","decl":{"start":{"line":87,"column":26},"end":{"line":87,"column":27}},"loc":{"start":{"line":87,"column":37},"end":{"line":87,"column":64}}},"16":{"name":"(anonymous_24)","decl":{"start":{"line":102,"column":33},"end":{"line":102,"column":34}},"loc":{"start":{"line":102,"column":55},"end":{"line":117,"column":5}}},"17":{"name":"(anonymous_25)","decl":{"start":{"line":104,"column":19},"end":{"line":104,"column":20}},"loc":{"start":{"line":104,"column":27},"end":{"line":110,"column":7}}},"18":{"name":"(anonymous_26)","decl":{"start":{"line":112,"column":41},"end":{"line":112,"column":42}},"loc":{"start":{"line":112,"column":60},"end":{"line":116,"column":8}}},"19":{"name":"(anonymous_27)","decl":{"start":{"line":120,"column":63},"end":{"line":120,"column":64}},"loc":{"start":{"line":120,"column":70},"end":{"line":120,"column":102}}},"20":{"name":"(anonymous_28)","decl":{"start":{"line":121,"column":64},"end":{"line":121,"column":65}},"loc":{"start":{"line":121,"column":71},"end":{"line":121,"column":104}}}},"branchMap":{"0":{"loc":{"start":{"line":41,"column":25},"end":{"line":41,"column":74}},"type":"cond-expr","locations":[{"start":{"line":41,"column":37},"end":{"line":41,"column":70}},{"start":{"line":41,"column":73},"end":{"line":41,"column":74}}]},"1":{"loc":{"start":{"line":70,"column":67},"end":{"line":70,"column":82}},"type":"cond-expr","locations":[{"start":{"line":70,"column":77},"end":{"line":70,"column":81}},{"start":{"line":70,"column":81},"end":{"line":70,"column":82}}]},"2":{"loc":{"start":{"line":70,"column":67},"end":{"line":70,"column":81}},"type":"binary-expr","locations":[{"start":{"line":70,"column":67},"end":{"line":70,"column":81}},{"start":{"line":70,"column":77},"end":{"line":70,"column":81}}]},"3":{"loc":{"start":{"line":71,"column":68},"end":{"line":71,"column":78}},"type":"cond-expr","locations":[{"start":{"line":71,"column":73},"end":{"line":71,"column":77}},{"start":{"line":71,"column":77},"end":{"line":71,"column":78}}]},"4":{"loc":{"start":{"line":71,"column":68},"end":{"line":71,"column":77}},"type":"binary-expr","locations":[{"start":{"line":71,"column":68},"end":{"line":71,"column":77}},{"start":{"line":71,"column":73},"end":{"line":71,"column":77}}]},"5":{"loc":{"start":{"line":72,"column":23},"end":{"line":72,"column":67}},"type":"cond-expr","locations":[{"start":{"line":72,"column":31},"end":{"line":72,"column":63}},{"start":{"line":72,"column":66},"end":{"line":72,"column":67}}]},"6":{"loc":{"start":{"line":73,"column":24},"end":{"line":73,"column":69}},"type":"cond-expr","locations":[{"start":{"line":73,"column":32},"end":{"line":73,"column":65}},{"start":{"line":73,"column":68},"end":{"line":73,"column":69}}]},"7":{"loc":{"start":{"line":83,"column":25},"end":{"line":85,"column":13}},"type":"cond-expr","locations":[{"start":{"line":84,"column":12},"end":{"line":84,"column":97}},{"start":{"line":85,"column":12},"end":{"line":85,"column":13}}]},"8":{"loc":{"start":{"line":84,"column":51},"end":{"line":84,"column":66}},"type":"cond-expr","locations":[{"start":{"line":84,"column":61},"end":{"line":84,"column":65}},{"start":{"line":84,"column":65},"end":{"line":84,"column":66}}]},"9":{"loc":{"start":{"line":84,"column":51},"end":{"line":84,"column":65}},"type":"binary-expr","locations":[{"start":{"line":84,"column":51},"end":{"line":84,"column":65}},{"start":{"line":84,"column":61},"end":{"line":84,"column":65}}]},"10":{"loc":{"start":{"line":86,"column":26},"end":{"line":88,"column":13}},"type":"cond-expr","locations":[{"start":{"line":87,"column":12},"end":{"line":87,"column":92}},{"start":{"line":88,"column":12},"end":{"line":88,"column":13}}]},"11":{"loc":{"start":{"line":87,"column":51},"end":{"line":87,"column":61}},"type":"cond-expr","locations":[{"start":{"line":87,"column":56},"end":{"line":87,"column":60}},{"start":{"line":87,"column":60},"end":{"line":87,"column":61}}]},"12":{"loc":{"start":{"line":87,"column":51},"end":{"line":87,"column":60}},"type":"binary-expr","locations":[{"start":{"line":87,"column":51},"end":{"line":87,"column":60}},{"start":{"line":87,"column":56},"end":{"line":87,"column":60}}]},"13":{"loc":{"start":{"line":106,"column":8},"end":{"line":106,"column":84}},"type":"if","locations":[{"start":{"line":106,"column":8},"end":{"line":106,"column":84}}]},"14":{"loc":{"start":{"line":107,"column":41},"end":{"line":107,"column":58}},"type":"cond-expr","locations":[{"start":{"line":107,"column":53},"end":{"line":107,"column":57}},{"start":{"line":107,"column":57},"end":{"line":107,"column":58}}]},"15":{"loc":{"start":{"line":107,"column":41},"end":{"line":107,"column":57}},"type":"binary-expr","locations":[{"start":{"line":107,"column":41},"end":{"line":107,"column":57}},{"start":{"line":107,"column":53},"end":{"line":107,"column":57}}]},"16":{"loc":{"start":{"line":108,"column":42},"end":{"line":108,"column":54}},"type":"cond-expr","locations":[{"start":{"line":108,"column":49},"end":{"line":108,"column":53}},{"start":{"line":108,"column":53},"end":{"line":108,"column":54}}]},"17":{"loc":{"start":{"line":108,"column":42},"end":{"line":108,"column":53}},"type":"binary-expr","locations":[{"start":{"line":108,"column":42},"end":{"line":108,"column":53}},{"start":{"line":108,"column":49},"end":{"line":108,"column":53}}]},"18":{"loc":{"start":{"line":114,"column":18},"end":{"line":114,"column":72}},"type":"cond-expr","locations":[{"start":{"line":114,"column":31},"end":{"line":114,"column":68}},{"start":{"line":114,"column":71},"end":{"line":114,"column":72}}]},"19":{"loc":{"start":{"line":115,"column":19},"end":{"line":115,"column":74}},"type":"cond-expr","locations":[{"start":{"line":115,"column":32},"end":{"line":115,"column":70}},{"start":{"line":115,"column":73},"end":{"line":115,"column":74}}]},"20":{"loc":{"start":{"line":143,"column":21},"end":{"line":143,"column":59}},"type":"binary-expr","locations":[{"start":{"line":143,"column":21},"end":{"line":143,"column":54}},{"start":{"line":143,"column":58},"end":{"line":143,"column":59}}]},"21":{"loc":{"start":{"line":143,"column":21},"end":{"line":143,"column":54}},"type":"cond-expr","locations":[{"start":{"line":143,"column":44},"end":{"line":143,"column":46}},{"start":{"line":143,"column":44},"end":{"line":143,"column":54}}]},"22":{"loc":{"start":{"line":143,"column":21},"end":{"line":143,"column":46}},"type":"binary-expr","locations":[{"start":{"line":143,"column":21},"end":{"line":143,"column":46}},{"start":{"line":143,"column":44},"end":{"line":143,"column":46}}]},"23":{"loc":{"start":{"line":144,"column":22},"end":{"line":144,"column":61}},"type":"binary-expr","locations":[{"start":{"line":144,"column":22},"end":{"line":144,"column":56}},{"start":{"line":144,"column":60},"end":{"line":144,"column":61}}]},"24":{"loc":{"start":{"line":144,"column":22},"end":{"line":144,"column":56}},"type":"cond-expr","locations":[{"start":{"line":144,"column":45},"end":{"line":144,"column":47}},{"start":{"line":144,"column":45},"end":{"line":144,"column":56}}]},"25":{"loc":{"start":{"line":144,"column":22},"end":{"line":144,"column":47}},"type":"binary-expr","locations":[{"start":{"line":144,"column":22},"end":{"line":144,"column":47}},{"start":{"line":144,"column":45},"end":{"line":144,"column":47}}]}},"s":{"0":6,"1":6,"2":6,"3":6,"4":6,"5":13,"6":6,"7":13,"8":6,"9":2,"10":6,"11":0,"12":6,"13":1,"14":1,"15":1,"16":1,"17":6,"18":2,"19":2,"20":2,"21":2,"22":2,"23":2,"24":1,"25":1,"26":12,"27":12,"28":12,"29":12,"30":1,"31":1,"32":1,"33":1,"34":1,"35":4,"36":4,"37":4,"38":43,"39":4,"40":43,"41":4,"42":4,"43":4,"44":1,"45":12,"46":12,"47":12,"48":12,"49":12,"50":27,"51":12,"52":27,"53":12,"54":1,"55":1,"56":1,"57":3,"58":3,"59":16,"60":16,"61":6,"62":16,"63":16,"64":16,"65":3,"66":6,"67":1,"68":7,"69":7,"70":1,"71":1,"72":1,"73":1,"74":6},"f":{"0":6,"1":13,"2":13,"3":2,"4":0,"5":1,"6":2,"7":2,"8":12,"9":12,"10":43,"11":43,"12":12,"13":12,"14":27,"15":27,"16":3,"17":16,"18":6,"19":7,"20":7},"b":{"0":[8,4],"1":[43,0],"2":[43,43],"3":[43,0],"4":[43,43],"5":[4,0],"6":[4,0],"7":[2,10],"8":[27,0],"9":[27,27],"10":[2,10],"11":[27,0],"12":[27,27],"13":[6],"14":[16,0],"15":[16,16],"16":[16,0],"17":[16,16],"18":[6,0],"19":[6,0],"20":[1,0],"21":[0,1],"22":[1,1],"23":[1,0],"24":[0,1],"25":[1,1]}}
,"C:\\Users\\gmodi\\Documents\\GitHub\\marketing-campaigns-portal-development\\marketing-campaigns-portal-backend\\src\\controllers\\emailReportController.ts": {"path":"C:\\Users\\gmodi\\Documents\\GitHub\\marketing-campaigns-portal-development\\marketing-campaigns-portal-backend\\src\\controllers\\emailReportController.ts","statementMap":{"0":{"start":{"line":2,"column":0},"end":{"line":2,"column":42}},"1":{"start":{"line":4,"column":31},"end":{"line":54,"column":2}},"2":{"start":{"line":4,"column":69},"end":{"line":54,"column":2}},"3":{"start":{"line":5,"column":2},"end":{"line":53,"column":3}},"4":{"start":{"line":6,"column":86},"end":{"line":6,"column":95}},"5":{"start":{"line":9,"column":23},"end":{"line":9,"column":56}},"6":{"start":{"line":10,"column":21},"end":{"line":10,"column":56}},"7":{"start":{"line":11,"column":17},"end":{"line":11,"column":44}},"8":{"start":{"line":14,"column":21},"end":{"line":14,"column":23}},"9":{"start":{"line":15,"column":4},"end":{"line":17,"column":5}},"10":{"start":{"line":16,"column":6},"end":{"line":16,"column":68}},"11":{"start":{"line":20,"column":25},"end":{"line":23,"column":22}},"12":{"start":{"line":26,"column":29},"end":{"line":35,"column":9}},"13":{"start":{"line":26,"column":59},"end":{"line":35,"column":8}},"14":{"start":{"line":39,"column":23},"end":{"line":39,"column":59}},"15":{"start":{"line":41,"column":4},"end":{"line":49,"column":7}},"16":{"start":{"line":51,"column":4},"end":{"line":51,"column":58}},"17":{"start":{"line":52,"column":4},"end":{"line":52,"column":79}},"18":{"start":{"line":4,"column":13},"end":{"line":4,"column":31}}},"fnMap":{"0":{"name":"(anonymous_8)","decl":{"start":{"line":4,"column":31},"end":{"line":4,"column":38}},"loc":{"start":{"line":4,"column":69},"end":{"line":54,"column":2}}},"1":{"name":"(anonymous_9)","decl":{"start":{"line":4,"column":69},"end":{"line":4,"column":null}},"loc":{"start":{"line":4,"column":69},"end":{"line":54,"column":1}}},"2":{"name":"(anonymous_10)","decl":{"start":{"line":26,"column":46},"end":{"line":26,"column":47}},"loc":{"start":{"line":26,"column":59},"end":{"line":35,"column":8}}}},"branchMap":{"0":{"loc":{"start":{"line":6,"column":20},"end":{"line":6,"column":39}},"type":"default-arg","locations":[{"start":{"line":6,"column":29},"end":{"line":6,"column":39}}]},"1":{"loc":{"start":{"line":6,"column":41},"end":{"line":6,"column":55}},"type":"default-arg","locations":[{"start":{"line":6,"column":49},"end":{"line":6,"column":55}}]},"2":{"loc":{"start":{"line":6,"column":57},"end":{"line":6,"column":67}},"type":"default-arg","locations":[{"start":{"line":6,"column":64},"end":{"line":6,"column":67}}]},"3":{"loc":{"start":{"line":6,"column":69},"end":{"line":6,"column":81}},"type":"default-arg","locations":[{"start":{"line":6,"column":77},"end":{"line":6,"column":81}}]},"4":{"loc":{"start":{"line":9,"column":23},"end":{"line":9,"column":56}},"type":"binary-expr","locations":[{"start":{"line":9,"column":23},"end":{"line":9,"column":51}},{"start":{"line":9,"column":55},"end":{"line":9,"column":56}}]},"5":{"loc":{"start":{"line":10,"column":21},"end":{"line":10,"column":56}},"type":"binary-expr","locations":[{"start":{"line":10,"column":21},"end":{"line":10,"column":50}},{"start":{"line":10,"column":54},"end":{"line":10,"column":56}}]},"6":{"loc":{"start":{"line":15,"column":4},"end":{"line":17,"column":5}},"type":"if","locations":[{"start":{"line":15,"column":4},"end":{"line":17,"column":5}}]},"7":{"loc":{"start":{"line":21,"column":34},"end":{"line":21,"column":59}},"type":"cond-expr","locations":[{"start":{"line":21,"column":53},"end":{"line":21,"column":55}},{"start":{"line":21,"column":58},"end":{"line":21,"column":59}}]}},"s":{"0":6,"1":6,"2":0,"3":0,"4":0,"5":0,"6":0,"7":0,"8":0,"9":0,"10":0,"11":0,"12":0,"13":0,"14":0,"15":0,"16":0,"17":0,"18":6},"f":{"0":0,"1":0,"2":0},"b":{"0":[0],"1":[0],"2":[0],"3":[0],"4":[0,0],"5":[0,0],"6":[0],"7":[0,0]}}
,"C:\\Users\\gmodi\\Documents\\GitHub\\marketing-campaigns-portal-development\\marketing-campaigns-portal-backend\\src\\controllers\\filterController.ts": {"path":"C:\\Users\\gmodi\\Documents\\GitHub\\marketing-campaigns-portal-development\\marketing-campaigns-portal-backend\\src\\controllers\\filterController.ts","statementMap":{"0":{"start":{"line":2,"column":0},"end":{"line":2,"column":34}},"1":{"start":{"line":3,"column":0},"end":{"line":3,"column":38}},"2":{"start":{"line":4,"column":0},"end":{"line":4,"column":42}},"3":{"start":{"line":7,"column":36},"end":{"line":98,"column":2}},"4":{"start":{"line":7,"column":74},"end":{"line":98,"column":2}},"5":{"start":{"line":8,"column":2},"end":{"line":97,"column":3}},"6":{"start":{"line":9,"column":104},"end":{"line":9,"column":112}},"7":{"start":{"line":12,"column":4},"end":{"line":14,"column":5}},"8":{"start":{"line":13,"column":6},"end":{"line":13,"column":113}},"9":{"start":{"line":17,"column":4},"end":{"line":19,"column":5}},"10":{"start":{"line":18,"column":6},"end":{"line":18,"column":90}},"11":{"start":{"line":22,"column":21},"end":{"line":22,"column":56}},"12":{"start":{"line":23,"column":4},"end":{"line":25,"column":5}},"13":{"start":{"line":24,"column":6},"end":{"line":24,"column":69}},"14":{"start":{"line":27,"column":21},"end":{"line":27,"column":29}},"15":{"start":{"line":30,"column":26},"end":{"line":30,"column":31}},"16":{"start":{"line":31,"column":4},"end":{"line":37,"column":5}},"17":{"start":{"line":32,"column":6},"end":{"line":32,"column":29}},"18":{"start":{"line":33,"column":11},"end":{"line":37,"column":5}},"19":{"start":{"line":34,"column":6},"end":{"line":34,"column":30}},"20":{"start":{"line":36,"column":6},"end":{"line":36,"column":72}},"21":{"start":{"line":40,"column":29},"end":{"line":55,"column":6}},"22":{"start":{"line":42,"column":6},"end":{"line":44,"column":7}},"23":{"start":{"line":43,"column":8},"end":{"line":43,"column":86}},"24":{"start":{"line":46,"column":6},"end":{"line":54,"column":8}},"25":{"start":{"line":49,"column":58},"end":{"line":53,"column":10}},"26":{"start":{"line":58,"column":4},"end":{"line":60,"column":5}},"27":{"start":{"line":59,"column":6},"end":{"line":59,"column":109}},"28":{"start":{"line":63,"column":30},"end":{"line":63,"column":32}},"29":{"start":{"line":64,"column":4},"end":{"line":66,"column":5}},"30":{"start":{"line":65,"column":6},"end":{"line":65,"column":41}},"31":{"start":{"line":69,"column":30},"end":{"line":69,"column":63}},"32":{"start":{"line":71,"column":22},"end":{"line":82,"column":6}},"33":{"start":{"line":85,"column":4},"end":{"line":85,"column":27}},"34":{"start":{"line":86,"column":4},"end":{"line":86,"column":86}},"35":{"start":{"line":89,"column":4},"end":{"line":89,"column":49}},"36":{"start":{"line":92,"column":4},"end":{"line":96,"column":5}},"37":{"start":{"line":93,"column":6},"end":{"line":93,"column":55}},"38":{"start":{"line":95,"column":6},"end":{"line":95,"column":69}},"39":{"start":{"line":7,"column":13},"end":{"line":7,"column":36}},"40":{"start":{"line":103,"column":26},"end":{"line":223,"column":2}},"41":{"start":{"line":103,"column":64},"end":{"line":223,"column":2}},"42":{"start":{"line":104,"column":2},"end":{"line":222,"column":3}},"43":{"start":{"line":105,"column":25},"end":{"line":105,"column":35}},"44":{"start":{"line":115,"column":8},"end":{"line":115,"column":16}},"45":{"start":{"line":118,"column":4},"end":{"line":122,"column":5}},"46":{"start":{"line":119,"column":6},"end":{"line":121,"column":9}},"47":{"start":{"line":125,"column":4},"end":{"line":129,"column":5}},"48":{"start":{"line":126,"column":6},"end":{"line":128,"column":9}},"49":{"start":{"line":132,"column":21},"end":{"line":132,"column":56}},"50":{"start":{"line":133,"column":4},"end":{"line":135,"column":5}},"51":{"start":{"line":134,"column":6},"end":{"line":134,"column":69}},"52":{"start":{"line":137,"column":21},"end":{"line":137,"column":29}},"53":{"start":{"line":139,"column":26},"end":{"line":139,"column":31}},"54":{"start":{"line":140,"column":4},"end":{"line":146,"column":5}},"55":{"start":{"line":141,"column":6},"end":{"line":141,"column":29}},"56":{"start":{"line":142,"column":11},"end":{"line":146,"column":5}},"57":{"start":{"line":143,"column":6},"end":{"line":143,"column":30}},"58":{"start":{"line":145,"column":6},"end":{"line":145,"column":72}},"59":{"start":{"line":149,"column":29},"end":{"line":164,"column":6}},"60":{"start":{"line":151,"column":6},"end":{"line":153,"column":7}},"61":{"start":{"line":152,"column":8},"end":{"line":152,"column":86}},"62":{"start":{"line":155,"column":6},"end":{"line":163,"column":8}},"63":{"start":{"line":158,"column":58},"end":{"line":162,"column":10}},"64":{"start":{"line":167,"column":4},"end":{"line":171,"column":5}},"65":{"start":{"line":168,"column":6},"end":{"line":170,"column":9}},"66":{"start":{"line":174,"column":30},"end":{"line":174,"column":32}},"67":{"start":{"line":175,"column":4},"end":{"line":177,"column":5}},"68":{"start":{"line":176,"column":6},"end":{"line":176,"column":41}},"69":{"start":{"line":180,"column":30},"end":{"line":180,"column":63}},"70":{"start":{"line":183,"column":26},"end":{"line":198,"column":12}},"71":{"start":{"line":200,"column":4},"end":{"line":202,"column":5}},"72":{"start":{"line":201,"column":6},"end":{"line":201,"column":67}},"73":{"start":{"line":205,"column":26},"end":{"line":207,"column":null}},"74":{"start":{"line":210,"column":4},"end":{"line":213,"column":7}},"75":{"start":{"line":215,"column":4},"end":{"line":215,"column":51}},"76":{"start":{"line":217,"column":4},"end":{"line":221,"column":5}},"77":{"start":{"line":218,"column":6},"end":{"line":218,"column":55}},"78":{"start":{"line":220,"column":6},"end":{"line":220,"column":69}},"79":{"start":{"line":103,"column":13},"end":{"line":103,"column":26}},"80":{"start":{"line":228,"column":31},"end":{"line":269,"column":2}},"81":{"start":{"line":228,"column":69},"end":{"line":269,"column":2}},"82":{"start":{"line":229,"column":2},"end":{"line":268,"column":3}},"83":{"start":{"line":230,"column":25},"end":{"line":230,"column":35}},"84":{"start":{"line":231,"column":27},"end":{"line":231,"column":58}},"85":{"start":{"line":233,"column":4},"end":{"line":235,"column":5}},"86":{"start":{"line":234,"column":6},"end":{"line":234,"column":76}},"87":{"start":{"line":238,"column":23},"end":{"line":238,"column":71}},"88":{"start":{"line":240,"column":4},"end":{"line":240,"column":26}},"89":{"start":{"line":241,"column":4},"end":{"line":241,"column":32}},"90":{"start":{"line":244,"column":4},"end":{"line":244,"column":55}},"91":{"start":{"line":247,"column":4},"end":{"line":249,"column":5}},"92":{"start":{"line":248,"column":6},"end":{"line":248,"column":73}},"93":{"start":{"line":252,"column":4},"end":{"line":259,"column":5}},"94":{"start":{"line":253,"column":6},"end":{"line":256,"column":10}},"95":{"start":{"line":253,"column":76},"end":{"line":255,"column":null}},"96":{"start":{"line":258,"column":6},"end":{"line":258,"column":76}},"97":{"start":{"line":261,"column":29},"end":{"line":261,"column":51}},"98":{"start":{"line":262,"column":4},"end":{"line":262,"column":34}},"99":{"start":{"line":264,"column":4},"end":{"line":264,"column":98}},"100":{"start":{"line":266,"column":4},"end":{"line":266,"column":54}},"101":{"start":{"line":267,"column":4},"end":{"line":267,"column":63}},"102":{"start":{"line":228,"column":13},"end":{"line":228,"column":31}},"103":{"start":{"line":274,"column":26},"end":{"line":331,"column":2}},"104":{"start":{"line":274,"column":64},"end":{"line":331,"column":2}},"105":{"start":{"line":275,"column":2},"end":{"line":330,"column":3}},"106":{"start":{"line":276,"column":19},"end":{"line":276,"column":45}},"107":{"start":{"line":279,"column":99},"end":{"line":279,"column":108}},"108":{"start":{"line":282,"column":23},"end":{"line":282,"column":51}},"109":{"start":{"line":283,"column":24},"end":{"line":283,"column":53}},"110":{"start":{"line":284,"column":17},"end":{"line":284,"column":47}},"111":{"start":{"line":287,"column":24},"end":{"line":287,"column":81}},"112":{"start":{"line":290,"column":22},"end":{"line":290,"column":24}},"113":{"start":{"line":291,"column":4},"end":{"line":293,"column":5}},"114":{"start":{"line":292,"column":6},"end":{"line":292,"column":52}},"115":{"start":{"line":296,"column":22},"end":{"line":296,"column":46}},"116":{"start":{"line":299,"column":15},"end":{"line":302,"column":null}},"117":{"start":{"line":306,"column":20},"end":{"line":310,"column":25}},"118":{"start":{"line":313,"column":25},"end":{"line":313,"column":59}},"119":{"start":{"line":314,"column":23},"end":{"line":314,"column":60}},"120":{"start":{"line":316,"column":4},"end":{"line":326,"column":7}},"121":{"start":{"line":328,"column":4},"end":{"line":328,"column":52}},"122":{"start":{"line":329,"column":4},"end":{"line":329,"column":63}},"123":{"start":{"line":274,"column":13},"end":{"line":274,"column":26}},"124":{"start":{"line":336,"column":31},"end":{"line":413,"column":2}},"125":{"start":{"line":336,"column":69},"end":{"line":413,"column":2}},"126":{"start":{"line":337,"column":2},"end":{"line":412,"column":3}},"127":{"start":{"line":338,"column":21},"end":{"line":338,"column":40}},"128":{"start":{"line":341,"column":19},"end":{"line":341,"column":57}},"129":{"start":{"line":343,"column":4},"end":{"line":345,"column":5}},"130":{"start":{"line":344,"column":6},"end":{"line":344,"column":67}},"131":{"start":{"line":347,"column":4},"end":{"line":352,"column":5}},"132":{"start":{"line":348,"column":6},"end":{"line":351,"column":9}},"133":{"start":{"line":355,"column":15},"end":{"line":355,"column":19}},"134":{"start":{"line":356,"column":4},"end":{"line":361,"column":5}},"135":{"start":{"line":357,"column":23},"end":{"line":357,"column":72}},"136":{"start":{"line":358,"column":6},"end":{"line":360,"column":7}},"137":{"start":{"line":359,"column":8},"end":{"line":359,"column":29}},"138":{"start":{"line":364,"column":92},"end":{"line":364,"column":94}},"139":{"start":{"line":366,"column":4},"end":{"line":385,"column":7}},"140":{"start":{"line":367,"column":6},"end":{"line":384,"column":7}},"141":{"start":{"line":368,"column":24},"end":{"line":368,"column":41}},"142":{"start":{"line":369,"column":8},"end":{"line":374,"column":9}},"143":{"start":{"line":370,"column":10},"end":{"line":373,"column":12}},"144":{"start":{"line":377,"column":8},"end":{"line":383,"column":11}},"145":{"start":{"line":378,"column":10},"end":{"line":382,"column":13}},"146":{"start":{"line":388,"column":19},"end":{"line":392,"column":7}},"147":{"start":{"line":388,"column":66},"end":{"line":392,"column":6}},"148":{"start":{"line":394,"column":4},"end":{"line":408,"column":7}},"149":{"start":{"line":410,"column":4},"end":{"line":410,"column":51}},"150":{"start":{"line":411,"column":4},"end":{"line":411,"column":61}},"151":{"start":{"line":336,"column":13},"end":{"line":336,"column":31}},"152":{"start":{"line":421,"column":31},"end":{"line":437,"column":2}},"153":{"start":{"line":421,"column":69},"end":{"line":437,"column":2}},"154":{"start":{"line":422,"column":2},"end":{"line":436,"column":3}},"155":{"start":{"line":423,"column":27},"end":{"line":423,"column":35}},"156":{"start":{"line":425,"column":4},"end":{"line":427,"column":5}},"157":{"start":{"line":426,"column":6},"end":{"line":426,"column":86}},"158":{"start":{"line":430,"column":30},"end":{"line":430,"column":63}},"159":{"start":{"line":432,"column":4},"end":{"line":432,"column":100}},"160":{"start":{"line":434,"column":4},"end":{"line":434,"column":63}},"161":{"start":{"line":435,"column":4},"end":{"line":435,"column":63}},"162":{"start":{"line":421,"column":13},"end":{"line":421,"column":31}},"163":{"start":{"line":440,"column":27},"end":{"line":467,"column":2}},"164":{"start":{"line":440,"column":65},"end":{"line":467,"column":2}},"165":{"start":{"line":441,"column":2},"end":{"line":466,"column":3}},"166":{"start":{"line":442,"column":25},"end":{"line":442,"column":35}},"167":{"start":{"line":443,"column":19},"end":{"line":443,"column":50}},"168":{"start":{"line":444,"column":4},"end":{"line":444,"column":78}},"169":{"start":{"line":444,"column":17},"end":{"line":444,"column":78}},"170":{"start":{"line":446,"column":21},"end":{"line":446,"column":23}},"171":{"start":{"line":447,"column":31},"end":{"line":447,"column":33}},"172":{"start":{"line":448,"column":30},"end":{"line":448,"column":32}},"173":{"start":{"line":450,"column":4},"end":{"line":460,"column":7}},"174":{"start":{"line":451,"column":6},"end":{"line":459,"column":7}},"175":{"start":{"line":452,"column":8},"end":{"line":452,"column":38}},"176":{"start":{"line":453,"column":13},"end":{"line":459,"column":7}},"177":{"start":{"line":454,"column":8},"end":{"line":454,"column":36}},"178":{"start":{"line":456,"column":26},"end":{"line":456,"column":81}},"179":{"start":{"line":457,"column":8},"end":{"line":457,"column":38}},"180":{"start":{"line":458,"column":8},"end":{"line":458,"column":37}},"181":{"start":{"line":462,"column":18},"end":{"line":462,"column":40}},"182":{"start":{"line":463,"column":4},"end":{"line":463,"column":20}},"183":{"start":{"line":465,"column":4},"end":{"line":465,"column":70}},"184":{"start":{"line":440,"column":13},"end":{"line":440,"column":27}},"185":{"start":{"line":470,"column":28},"end":{"line":488,"column":2}},"186":{"start":{"line":470,"column":66},"end":{"line":488,"column":2}},"187":{"start":{"line":471,"column":2},"end":{"line":487,"column":3}},"188":{"start":{"line":472,"column":25},"end":{"line":472,"column":35}},"189":{"start":{"line":473,"column":19},"end":{"line":477,"column":6}},"190":{"start":{"line":479,"column":4},"end":{"line":481,"column":5}},"191":{"start":{"line":480,"column":6},"end":{"line":480,"column":67}},"192":{"start":{"line":483,"column":4},"end":{"line":483,"column":69}},"193":{"start":{"line":485,"column":4},"end":{"line":485,"column":51}},"194":{"start":{"line":486,"column":4},"end":{"line":486,"column":63}},"195":{"start":{"line":470,"column":13},"end":{"line":470,"column":28}}},"fnMap":{"0":{"name":"(anonymous_8)","decl":{"start":{"line":7,"column":36},"end":{"line":7,"column":43}},"loc":{"start":{"line":7,"column":74},"end":{"line":98,"column":2}}},"1":{"name":"(anonymous_9)","decl":{"start":{"line":7,"column":74},"end":{"line":7,"column":null}},"loc":{"start":{"line":7,"column":74},"end":{"line":98,"column":1}}},"2":{"name":"(anonymous_10)","decl":{"start":{"line":40,"column":44},"end":{"line":40,"column":45}},"loc":{"start":{"line":40,"column":59},"end":{"line":55,"column":5}}},"3":{"name":"(anonymous_11)","decl":{"start":{"line":49,"column":37},"end":{"line":49,"column":38}},"loc":{"start":{"line":49,"column":58},"end":{"line":53,"column":10}}},"4":{"name":"(anonymous_12)","decl":{"start":{"line":103,"column":26},"end":{"line":103,"column":33}},"loc":{"start":{"line":103,"column":64},"end":{"line":223,"column":2}}},"5":{"name":"(anonymous_13)","decl":{"start":{"line":103,"column":64},"end":{"line":103,"column":null}},"loc":{"start":{"line":103,"column":64},"end":{"line":223,"column":1}}},"6":{"name":"(anonymous_14)","decl":{"start":{"line":149,"column":44},"end":{"line":149,"column":45}},"loc":{"start":{"line":149,"column":59},"end":{"line":164,"column":5}}},"7":{"name":"(anonymous_15)","decl":{"start":{"line":158,"column":37},"end":{"line":158,"column":38}},"loc":{"start":{"line":158,"column":58},"end":{"line":162,"column":10}}},"8":{"name":"(anonymous_16)","decl":{"start":{"line":228,"column":31},"end":{"line":228,"column":38}},"loc":{"start":{"line":228,"column":69},"end":{"line":269,"column":2}}},"9":{"name":"(anonymous_17)","decl":{"start":{"line":228,"column":69},"end":{"line":228,"column":null}},"loc":{"start":{"line":228,"column":69},"end":{"line":269,"column":1}}},"10":{"name":"(anonymous_18)","decl":{"start":{"line":253,"column":56},"end":{"line":253,"column":57}},"loc":{"start":{"line":253,"column":76},"end":{"line":255,"column":null}}},"11":{"name":"(anonymous_19)","decl":{"start":{"line":274,"column":26},"end":{"line":274,"column":33}},"loc":{"start":{"line":274,"column":64},"end":{"line":331,"column":2}}},"12":{"name":"(anonymous_20)","decl":{"start":{"line":274,"column":64},"end":{"line":274,"column":null}},"loc":{"start":{"line":274,"column":64},"end":{"line":331,"column":1}}},"13":{"name":"(anonymous_21)","decl":{"start":{"line":336,"column":31},"end":{"line":336,"column":38}},"loc":{"start":{"line":336,"column":69},"end":{"line":413,"column":2}}},"14":{"name":"(anonymous_22)","decl":{"start":{"line":336,"column":69},"end":{"line":336,"column":null}},"loc":{"start":{"line":336,"column":69},"end":{"line":413,"column":1}}},"15":{"name":"(anonymous_23)","decl":{"start":{"line":366,"column":30},"end":{"line":366,"column":31}},"loc":{"start":{"line":366,"column":49},"end":{"line":385,"column":5}}},"16":{"name":"(anonymous_24)","decl":{"start":{"line":377,"column":35},"end":{"line":377,"column":36}},"loc":{"start":{"line":377,"column":53},"end":{"line":383,"column":9}}},"17":{"name":"(anonymous_25)","decl":{"start":{"line":388,"column":54},"end":{"line":388,"column":61}},"loc":{"start":{"line":388,"column":66},"end":{"line":392,"column":6}}},"18":{"name":"(anonymous_26)","decl":{"start":{"line":421,"column":31},"end":{"line":421,"column":38}},"loc":{"start":{"line":421,"column":69},"end":{"line":437,"column":2}}},"19":{"name":"(anonymous_27)","decl":{"start":{"line":421,"column":69},"end":{"line":421,"column":null}},"loc":{"start":{"line":421,"column":69},"end":{"line":437,"column":1}}},"20":{"name":"(anonymous_28)","decl":{"start":{"line":440,"column":27},"end":{"line":440,"column":34}},"loc":{"start":{"line":440,"column":65},"end":{"line":467,"column":2}}},"21":{"name":"(anonymous_29)","decl":{"start":{"line":440,"column":65},"end":{"line":440,"column":null}},"loc":{"start":{"line":440,"column":65},"end":{"line":467,"column":1}}},"22":{"name":"(anonymous_30)","decl":{"start":{"line":450,"column":30},"end":{"line":450,"column":31}},"loc":{"start":{"line":450,"column":44},"end":{"line":460,"column":5}}},"23":{"name":"(anonymous_31)","decl":{"start":{"line":470,"column":28},"end":{"line":470,"column":35}},"loc":{"start":{"line":470,"column":66},"end":{"line":488,"column":2}}},"24":{"name":"(anonymous_32)","decl":{"start":{"line":470,"column":66},"end":{"line":470,"column":null}},"loc":{"start":{"line":470,"column":66},"end":{"line":488,"column":1}}}},"branchMap":{"0":{"loc":{"start":{"line":12,"column":4},"end":{"line":14,"column":5}},"type":"if","locations":[{"start":{"line":12,"column":4},"end":{"line":14,"column":5}}]},"1":{"loc":{"start":{"line":12,"column":8},"end":{"line":12,"column":63}},"type":"binary-expr","locations":[{"start":{"line":12,"column":8},"end":{"line":12,"column":13}},{"start":{"line":12,"column":17},"end":{"line":12,"column":28}},{"start":{"line":12,"column":32},"end":{"line":12,"column":48}},{"start":{"line":12,"column":52},"end":{"line":12,"column":63}}]},"2":{"loc":{"start":{"line":17,"column":4},"end":{"line":19,"column":5}},"type":"if","locations":[{"start":{"line":17,"column":4},"end":{"line":19,"column":5}}]},"3":{"loc":{"start":{"line":17,"column":8},"end":{"line":17,"column":61}},"type":"binary-expr","locations":[{"start":{"line":17,"column":8},"end":{"line":17,"column":34}},{"start":{"line":17,"column":38},"end":{"line":17,"column":61}}]},"4":{"loc":{"start":{"line":23,"column":4},"end":{"line":25,"column":5}},"type":"if","locations":[{"start":{"line":23,"column":4},"end":{"line":25,"column":5}}]},"5":{"loc":{"start":{"line":31,"column":4},"end":{"line":37,"column":5}},"type":"if","locations":[{"start":{"line":31,"column":4},"end":{"line":37,"column":5}},{"start":{"line":33,"column":11},"end":{"line":37,"column":5}}]},"6":{"loc":{"start":{"line":33,"column":11},"end":{"line":37,"column":5}},"type":"if","locations":[{"start":{"line":33,"column":11},"end":{"line":37,"column":5}},{"start":{"line":35,"column":11},"end":{"line":37,"column":5}}]},"7":{"loc":{"start":{"line":33,"column":15},"end":{"line":33,"column":64}},"type":"binary-expr","locations":[{"start":{"line":33,"column":15},"end":{"line":33,"column":40}},{"start":{"line":33,"column":44},"end":{"line":33,"column":64}}]},"8":{"loc":{"start":{"line":42,"column":6},"end":{"line":44,"column":7}},"type":"if","locations":[{"start":{"line":42,"column":6},"end":{"line":44,"column":7}}]},"9":{"loc":{"start":{"line":42,"column":10},"end":{"line":42,"column":59}},"type":"binary-expr","locations":[{"start":{"line":42,"column":10},"end":{"line":42,"column":26}},{"start":{"line":42,"column":30},"end":{"line":42,"column":59}}]},"10":{"loc":{"start":{"line":47,"column":17},"end":{"line":47,"column":55}},"type":"binary-expr","locations":[{"start":{"line":47,"column":17},"end":{"line":47,"column":30}},{"start":{"line":47,"column":34},"end":{"line":47,"column":55}}]},"11":{"loc":{"start":{"line":48,"column":23},"end":{"line":48,"column":76}},"type":"cond-expr","locations":[{"start":{"line":48,"column":41},"end":{"line":48,"column":68}},{"start":{"line":48,"column":71},"end":{"line":48,"column":76}}]},"12":{"loc":{"start":{"line":48,"column":41},"end":{"line":48,"column":68}},"type":"binary-expr","locations":[{"start":{"line":48,"column":41},"end":{"line":48,"column":60}},{"start":{"line":48,"column":64},"end":{"line":48,"column":68}}]},"13":{"loc":{"start":{"line":58,"column":4},"end":{"line":60,"column":5}},"type":"if","locations":[{"start":{"line":58,"column":4},"end":{"line":60,"column":5}}]},"14":{"loc":{"start":{"line":58,"column":8},"en
[...]
,"C:\\Users\\gmodi\\Documents\\GitHub\\marketing-campaigns-portal-development\\marketing-campaigns-portal-backend\\src\\middleware\\errorHandler.ts": {"path":"C:\\Users\\gmodi\\Documents\\GitHub\\marketing-campaigns-portal-development\\marketing-campaigns-portal-backend\\src\\middleware\\errorHandler.ts","statementMap":{"0":{"start":{"line":2,"column":0},"end":{"line":2,"column":37}},"1":{"start":{"line":4,"column":28},"end":{"line":13,"column":1}},"2":{"start":{"line":5,"column":2},"end":{"line":5,"column":60}},"3":{"start":{"line":7,"column":21},"end":{"line":7,"column":42}},"4":{"start":{"line":8,"column":2},"end":{"line":12,"column":5}},"5":{"start":{"line":4,"column":13},"end":{"line":4,"column":28}}},"fnMap":{"0":{"name":"(anonymous_1)","decl":{"start":{"line":4,"column":28},"end":{"line":4,"column":29}},"loc":{"start":{"line":4,"column":90},"end":{"line":13,"column":1}}}},"branchMap":{"0":{"loc":{"start":{"line":7,"column":21},"end":{"line":7,"column":42}},"type":"binary-expr","locations":[{"start":{"line":7,"column":21},"end":{"line":7,"column":35}},{"start":{"line":7,"column":39},"end":{"line":7,"column":42}}]},"1":{"loc":{"start":{"line":10,"column":13},"end":{"line":10,"column":51}},"type":"binary-expr","locations":[{"start":{"line":10,"column":13},"end":{"line":10,"column":24}},{"start":{"line":10,"column":28},"end":{"line":10,"column":51}}]},"2":{"loc":{"start":{"line":11,"column":11},"end":{"line":11,"column":67}},"type":"cond-expr","locations":[{"start":{"line":11,"column":51},"end":{"line":11,"column":55}},{"start":{"line":11,"column":58},"end":{"line":11,"column":67}}]}},"s":{"0":6,"1":6,"2":0,"3":0,"4":0,"5":6},"f":{"0":0},"b":{"0":[0,0],"1":[0,0],"2":[0,0]}}
,"C:\\Users\\gmodi\\Documents\\GitHub\\marketing-campaigns-portal-development\\marketing-campaigns-portal-backend\\src\\models\\ActivityLog.ts": {"path":"C:\\Users\\gmodi\\Documents\\GitHub\\marketing-campaigns-portal-development\\marketing-campaigns-portal-backend\\src\\models\\ActivityLog.ts","statementMap":{"0":{"start":{"line":14,"column":0},"end":{"line":14,"column":32}},"1":{"start":{"line":16,"column":26},"end":{"line":21,"column":2}},"2":{"start":{"line":23,"column":20},"end":{"line":23,"column":68}},"3":{"start":{"line":24,"column":0},"end":{"line":24,"column":27}}},"fnMap":{},"branchMap":{},"s":{"0":6,"1":6,"2":6,"3":6},"f":{},"b":{}}
,"C:\\Users\\gmodi\\Documents\\GitHub\\marketing-campaigns-portal-development\\marketing-campaigns-portal-backend\\src\\models\\Campaign.ts": {"path":"C:\\Users\\gmodi\\Documents\\GitHub\\marketing-campaigns-portal-development\\marketing-campaigns-portal-backend\\src\\models\\Campaign.ts","statementMap":{"0":{"start":{"line":43,"column":0},"end":{"line":43,"column":54}},"1":{"start":{"line":65,"column":31},"end":{"line":85,"column":2}},"2":{"start":{"line":87,"column":17},"end":{"line":87,"column":70}},"3":{"start":{"line":88,"column":0},"end":{"line":88,"column":24}}},"fnMap":{},"branchMap":{},"s":{"0":6,"1":6,"2":6,"3":6},"f":{},"b":{}}
,"C:\\Users\\gmodi\\Documents\\GitHub\\marketing-campaigns-portal-development\\marketing-campaigns-portal-backend\\src\\models\\CampaignPerformance.ts": {"path":"C:\\Users\\gmodi\\Documents\\GitHub\\marketing-campaigns-portal-development\\marketing-campaigns-portal-backend\\src\\models\\CampaignPerformance.ts","statementMap":{"0":{"start":{"line":1,"column":0},"end":{"line":1,"column":32}},"1":{"start":{"line":3,"column":34},"end":{"line":10,"column":2}},"2":{"start":{"line":12,"column":28},"end":{"line":12,"column":92}},"3":{"start":{"line":13,"column":0},"end":{"line":13,"column":35}}},"fnMap":{},"branchMap":{},"s":{"0":6,"1":6,"2":6,"3":6},"f":{},"b":{}}
,"C:\\Users\\gmodi\\Documents\\GitHub\\marketing-campaigns-portal-development\\marketing-campaigns-portal-backend\\src\\models\\EmailLog.ts": {"path":"C:\\Users\\gmodi\\Documents\\GitHub\\marketing-campaigns-portal-development\\marketing-campaigns-portal-backend\\src\\models\\EmailLog.ts","statementMap":{"0":{"start":{"line":1,"column":0},"end":{"line":1,"column":32}},"1":{"start":{"line":3,"column":23},"end":{"line":12,"column":24}},"2":{"start":{"line":14,"column":0},"end":{"line":14,"column":58}}},"fnMap":{},"branchMap":{},"s":{"0":6,"1":6,"2":6},"f":{},"b":{}}
,"C:\\Users\\gmodi\\Documents\\GitHub\\marketing-campaigns-portal-development\\marketing-campaigns-portal-backend\\src\\models\\Filter.ts": {"path":"C:\\Users\\gmodi\\Documents\\GitHub\\marketing-campaigns-portal-development\\marketing-campaigns-portal-backend\\src\\models\\Filter.ts","statementMap":{"0":{"start":{"line":28,"column":0},"end":{"line":28,"column":32}},"1":{"start":{"line":30,"column":23},"end":{"line":34,"column":2}},"2":{"start":{"line":36,"column":29},"end":{"line":40,"column":2}},"3":{"start":{"line":42,"column":21},"end":{"line":62,"column":2}},"4":{"start":{"line":64,"column":15},"end":{"line":64,"column":53}},"5":{"start":{"line":65,"column":0},"end":{"line":65,"column":22}}},"fnMap":{},"branchMap":{},"s":{"0":6,"1":6,"2":6,"3":6,"4":6,"5":6},"f":{},"b":{}}
,"C:\\Users\\gmodi\\Documents\\GitHub\\marketing-campaigns-portal-development\\marketing-campaigns-portal-backend\\src\\models\\Template.ts": {"path":"C:\\Users\\gmodi\\Documents\\GitHub\\marketing-campaigns-portal-development\\marketing-campaigns-portal-backend\\src\\models\\Template.ts","statementMap":{"0":{"start":{"line":1,"column":0},"end":{"line":1,"column":32}},"1":{"start":{"line":3,"column":23},"end":{"line":21,"column":2}},"2":{"start":{"line":23,"column":17},"end":{"line":23,"column":59}},"3":{"start":{"line":24,"column":0},"end":{"line":24,"column":24}}},"fnMap":{},"branchMap":{},"s":{"0":6,"1":6,"2":6,"3":6},"f":{},"b":{}}
,"C:\\Users\\gmodi\\Documents\\GitHub\\marketing-campaigns-portal-development\\marketing-campaigns-portal-backend\\src\\models\\User.ts": {"path":"C:\\Users\\gmodi\\Documents\\GitHub\\marketing-campaigns-portal-development\\marketing-campaigns-portal-backend\\src\\models\\User.ts","statementMap":{"0":{"start":{"line":1,"column":0},"end":{"line":1,"column":32}},"1":{"start":{"line":2,"column":0},"end":{"line":2,"column":30}},"2":{"start":{"line":4,"column":19},"end":{"line":8,"column":2}},"3":{"start":{"line":10,"column":0},"end":{"line":14,"column":3}},"4":{"start":{"line":11,"column":2},"end":{"line":11,"column":50}},"5":{"start":{"line":11,"column":36},"end":{"line":11,"column":50}},"6":{"start":{"line":12,"column":2},"end":{"line":12,"column":55}},"7":{"start":{"line":13,"column":2},"end":{"line":13,"column":9}},"8":{"start":{"line":16,"column":13},"end":{"line":16,"column":47}},"9":{"start":{"line":17,"column":0},"end":{"line":17,"column":20}}},"fnMap":{"0":{"name":"(anonymous_8)","decl":{"start":{"line":10,"column":23},"end":{"line":10,"column":39}},"loc":{"start":{"line":10,"column":43},"end":{"line":14,"column":2}}}},"branchMap":{"0":{"loc":{"start":{"line":11,"column":2},"end":{"line":11,"column":50}},"type":"if","locations":[{"start":{"line":11,"column":2},"end":{"line":11,"column":50}}]}},"s":{"0":6,"1":6,"2":6,"3":6,"4":0,"5":0,"6":0,"7":0,"8":6,"9":6},"f":{"0":0},"b":{"0":[0]}}
,"C:\\Users\\gmodi\\Documents\\GitHub\\marketing-campaigns-portal-development\\marketing-campaigns-portal-backend\\src\\models\\criteriaBlock.ts": {"path":"C:\\Users\\gmodi\\Documents\\GitHub\\marketing-campaigns-portal-development\\marketing-campaigns-portal-backend\\src\\models\\criteriaBlock.ts","statementMap":{"0":{"start":{"line":1,"column":0},"end":{"line":1,"column":54}},"1":{"start":{"line":10,"column":36},"end":{"line":24,"column":null}},"2":{"start":{"line":19,"column":36},"end":{"line":19,"column":68}},"3":{"start":{"line":27,"column":13},"end":{"line":27,"column":98}}},"fnMap":{"0":{"name":"(anonymous_9)","decl":{"start":{"line":19,"column":19},"end":{"line":19,"column":20}},"loc":{"start":{"line":19,"column":36},"end":{"line":19,"column":68}}}},"branchMap":{"0":{"loc":{"start":{"line":19,"column":36},"end":{"line":19,"column":68}},"type":"binary-expr","locations":[{"start":{"line":19,"column":36},"end":{"line":19,"column":52}},{"start":{"line":19,"column":56},"end":{"line":19,"column":68}}]}},"s":{"0":6,"1":6,"2":4,"3":6},"f":{"0":4},"b":{"0":[4,4]}}
,"C:\\Users\\gmodi\\Documents\\GitHub\\marketing-campaigns-portal-development\\marketing-campaigns-portal-backend\\src\\routes\\activityRoutes.ts": {"path":"C:\\Users\\gmodi\\Documents\\GitHub\\marketing-campaigns-portal-development\\marketing-campaigns-portal-backend\\src\\routes\\activityRoutes.ts","statementMap":{"0":{"start":{"line":1,"column":0},"end":{"line":1,"column":30}},"1":{"start":{"line":2,"column":0},"end":{"line":2,"column":68}},"2":{"start":{"line":3,"column":0},"end":{"line":3,"column":65}},"3":{"start":{"line":5,"column":15},"end":{"line":5,"column":31}},"4":{"start":{"line":7,"column":0},"end":{"line":7,"column":52}},"5":{"start":{"line":9,"column":0},"end":{"line":9,"column":22}}},"fnMap":{},"branchMap":{},"s":{"0":6,"1":6,"2":6,"3":6,"4":6,"5":6},"f":{},"b":{}}
,"C:\\Users\\gmodi\\Documents\\GitHub\\marketing-campaigns-portal-development\\marketing-campaigns-portal-backend\\src\\routes\\analyticsRoutes.ts": {"path":"C:\\Users\\gmodi\\Documents\\GitHub\\marketing-campaigns-portal-development\\marketing-campaigns-portal-backend\\src\\routes\\analyticsRoutes.ts","statementMap":{"0":{"start":{"line":1,"column":0},"end":{"line":1,"column":30}},"1":{"start":{"line":2,"column":0},"end":{"line":2,"column":114}},"2":{"start":{"line":3,"column":0},"end":{"line":3,"column":65}},"3":{"start":{"line":5,"column":15},"end":{"line":5,"column":31}},"4":{"start":{"line":7,"column":0},"end":{"line":7,"column":59}},"5":{"start":{"line":8,"column":0},"end":{"line":8,"column":82}},"6":{"start":{"line":9,"column":0},"end":{"line":9,"column":61}},"7":{"start":{"line":11,"column":0},"end":{"line":11,"column":22}}},"fnMap":{},"branchMap":{},"s":{"0":6,"1":6,"2":6,"3":6,"4":6,"5":6,"6":6,"7":6},"f":{},"b":{}}
,"C:\\Users\\gmodi\\Documents\\GitHub\\marketing-campaigns-portal-development\\marketing-campaigns-portal-backend\\src\\routes\\authRoutes.ts": {"path":"C:\\Users\\gmodi\\Documents\\GitHub\\marketing-campaigns-portal-development\\marketing-campaigns-portal-backend\\src\\routes\\authRoutes.ts","statementMap":{"0":{"start":{"line":1,"column":0},"end":{"line":1,"column":30}},"1":{"start":{"line":2,"column":0},"end":{"line":2,"column":55}},"2":{"start":{"line":4,"column":15},"end":{"line":4,"column":31}},"3":{"start":{"line":6,"column":0},"end":{"line":6,"column":35}},"4":{"start":{"line":8,"column":0},"end":{"line":8,"column":22}}},"fnMap":{},"branchMap":{},"s":{"0":6,"1":6,"2":6,"3":6,"4":6},"f":{},"b":{}}
,"C:\\Users\\gmodi\\Documents\\GitHub\\marketing-campaigns-portal-development\\marketing-campaigns-portal-backend\\src\\routes\\campaignRoutes.ts": {"path":"C:\\Users\\gmodi\\Documents\\GitHub\\marketing-campaigns-portal-development\\marketing-campaigns-portal-backend\\src\\routes\\campaignRoutes.ts","statementMap":{"0":{"start":{"line":16,"column":0},"end":{"line":16,"column":30}},"1":{"start":{"line":17,"column":0},"end":{"line":17,"column":194}},"2":{"start":{"line":20,"column":15},"end":{"line":20,"column":31}},"3":{"start":{"line":23,"column":0},"end":{"line":23,"column":64}},"4":{"start":{"line":24,"column":0},"end":{"line":24,"column":54}},"5":{"start":{"line":25,"column":0},"end":{"line":25,"column":73}},"6":{"start":{"line":26,"column":0},"end":{"line":26,"column":70}},"7":{"start":{"line":27,"column":0},"end":{"line":27,"column":69}},"8":{"start":{"line":28,"column":0},"end":{"line":28,"column":67}},"9":{"start":{"line":29,"column":0},"end":{"line":29,"column":85}},"10":{"start":{"line":30,"column":0},"end":{"line":30,"column":80}},"11":{"start":{"line":32,"column":0},"end":{"line":32,"column":22}}},"fnMap":{},"branchMap":{},"s":{"0":6,"1":6,"2":6,"3":6,"4":6,"5":6,"6":6,"7":6,"8":6,"9":6,"10":6,"11":6},"f":{},"b":{}}
,"C:\\Users\\gmodi\\Documents\\GitHub\\marketing-campaigns-portal-development\\marketing-campaigns-portal-backend\\src\\routes\\criteriaBlockRoutes.ts": {"path":"C:\\Users\\gmodi\\Documents\\GitHub\\marketing-campaigns-portal-development\\marketing-campaigns-portal-backend\\src\\routes\\criteriaBlockRoutes.ts","statementMap":{"0":{"start":{"line":1,"column":0},"end":{"line":1,"column":30}},"1":{"start":{"line":2,"column":0},"end":{"line":2,"column":null}},"2":{"start":{"line":8,"column":15},"end":{"line":8,"column":31}},"3":{"start":{"line":10,"column":0},"end":{"line":10,"column":38}},"4":{"start":{"line":11,"column":0},"end":{"line":11,"column":35}},"5":{"start":{"line":12,"column":0},"end":{"line":12,"column":43}},"6":{"start":{"line":14,"column":0},"end":{"line":14,"column":22}}},"fnMap":{},"branchMap":{},"s":{"0":6,"1":6,"2":6,"3":6,"4":6,"5":6,"6":6},"f":{},"b":{}}
,"C:\\Users\\gmodi\\Documents\\GitHub\\marketing-campaigns-portal-development\\marketing-campaigns-portal-backend\\src\\routes\\dashboardRoutes.ts": {"path":"C:\\Users\\gmodi\\Documents\\GitHub\\marketing-campaigns-portal-development\\marketing-campaigns-portal-backend\\src\\routes\\dashboardRoutes.ts","statementMap":{"0":{"start":{"line":1,"column":0},"end":{"line":1,"column":30}},"1":{"start":{"line":2,"column":0},"end":{"line":2,"column":71}},"2":{"start":{"line":5,"column":15},"end":{"line":5,"column":31}},"3":{"start":{"line":7,"column":0},"end":{"line":7,"column":58}},"4":{"start":{"line":9,"column":0},"end":{"line":9,"column":22}}},"fnMap":{},"branchMap":{},"s":{"0":6,"1":6,"2":6,"3":6,"4":6},"f":{},"b":{}}
,"C:\\Users\\gmodi\\Documents\\GitHub\\marketing-campaigns-portal-development\\marketing-campaigns-portal-backend\\src\\routes\\emailRoutes.ts": {"path":"C:\\Users\\gmodi\\Documents\\GitHub\\marketing-campaigns-portal-development\\marketing-campaigns-portal-backend\\src\\routes\\emailRoutes.ts","statementMap":{"0":{"start":{"line":1,"column":0},"end":{"line":1,"column":30}},"1":{"start":{"line":2,"column":0},"end":{"line":2,"column":71}},"2":{"start":{"line":4,"column":15},"end":{"line":4,"column":31}},"3":{"start":{"line":7,"column":0},"end":{"line":7,"column":46}},"4":{"start":{"line":9,"column":0},"end":{"line":9,"column":22}}},"fnMap":{},"branchMap":{},"s":{"0":6,"1":6,"2":6,"3":6,"4":6},"f":{},"b":{}}
,"C:\\Users\\gmodi\\Documents\\GitHub\\marketing-campaigns-portal-development\\marketing-campaigns-portal-backend\\src\\routes\\filterRoutes.ts": {"path":"C:\\Users\\gmodi\\Documents\\GitHub\\marketing-campaigns-portal-development\\marketing-campaigns-portal-backend\\src\\routes\\filterRoutes.ts","statementMap":{"0":{"start":{"line":13,"column":0},"end":{"line":13,"column":30}},"1":{"start":{"line":14,"column":0},"end":{"line":14,"column":172}},"2":{"start":{"line":17,"column":15},"end":{"line":17,"column":31}},"3":{"start":{"line":19,"column":0},"end":{"line":19,"column":62}},"4":{"start":{"line":20,"column":0},"end":{"line":20,"column":60}},"5":{"start":{"line":21,"column":0},"end":{"line":21,"column":76}},"6":{"start":{"line":22,"column":0},"end":{"line":22,"column":51}},"7":{"start":{"line":23,"column":0},"end":{"line":23,"column":65}},"8":{"start":{"line":24,"column":0},"end":{"line":24,"column":87}},"9":{"start":{"line":25,"column":0},"end":{"line":25,"column":64}},"10":{"start":{"line":26,"column":0},"end":{"line":26,"column":65}},"11":{"start":{"line":28,"column":0},"end":{"line":28,"column":22}}},"fnMap":{},"branchMap":{},"s":{"0":6,"1":6,"2":6,"3":6,"4":6,"5":6,"6":6,"7":6,"8":6,"9":6,"10":6,"11":6},"f":{},"b":{}}
,"C:\\Users\\gmodi\\Documents\\GitHub\\marketing-campaigns-portal-development\\marketing-campaigns-portal-backend\\src\\routes\\templateRoutes.ts": {"path":"C:\\Users\\gmodi\\Documents\\GitHub\\marketing-campaigns-portal-development\\marketing-campaigns-portal-backend\\src\\routes\\templateRoutes.ts","statementMap":{"0":{"start":{"line":22,"column":0},"end":{"line":22,"column":30}},"1":{"start":{"line":23,"column":0},"end":{"line":23,"column":335}},"2":{"start":{"line":26,"column":15},"end":{"line":26,"column":31}},"3":{"start":{"line":28,"column":0},"end":{"line":28,"column":56}},"4":{"start":{"line":29,"column":0},"end":{"line":29,"column":56}},"5":{"start":{"line":30,"column":0},"end":{"line":30,"column":58}},"6":{"start":{"line":31,"column":0},"end":{"line":31,"column":71}},"7":{"start":{"line":32,"column":0},"end":{"line":32,"column":69}},"8":{"start":{"line":33,"column":0},"end":{"line":33,"column":71}},"9":{"start":{"line":34,"column":0},"end":{"line":34,"column":59}},"10":{"start":{"line":35,"column":0},"end":{"line":35,"column":67}},"11":{"start":{"line":36,"column":0},"end":{"line":36,"column":68}},"12":{"start":{"line":37,"column":0},"end":{"line":37,"column":72}},"13":{"start":{"line":38,"column":0},"end":{"line":38,"column":61}},"14":{"start":{"line":39,"column":0},"end":{"line":39,"column":73}},"15":{"start":{"line":41,"column":0},"end":{"line":41,"column":83}},"16":{"start":{"line":43,"column":0},"end":{"line":43,"column":22}}},"fnMap":{},"branchMap":{},"s":{"0":6,"1":6,"2":6,"3":6,"4":6,"5":6,"6":6,"7":6,"8":6,"9":6,"10":6,"11":6,"12":6,"13":6,"14":6,"15":6,"16":6},"f":{},"b":{}}
,"C:\\Users\\gmodi\\Documents\\GitHub\\marketing-campaigns-portal-development\\marketing-campaigns-portal-backend\\src\\utils\\logger.ts": {"path":"C:\\Users\\gmodi\\Documents\\GitHub\\marketing-campaigns-portal-development\\marketing-campaigns-portal-backend\\src\\utils\\logger.ts","statementMap":{"0":{"start":{"line":1,"column":0},"end":{"line":1,"column":30}},"1":{"start":{"line":3,"column":15},"end":{"line":14,"column":2}},"2":{"start":{"line":16,"column":0},"end":{"line":16,"column":22}}},"fnMap":{},"branchMap":{},"s":{"0":6,"1":6,"2":6},"f":{},"b":{}}
,"C:\\Users\\gmodi\\Documents\\GitHub\\marketing-campaigns-portal-development\\marketing-campaigns-portal-backend\\tests\\setup\\db.ts": {"path":"C:\\Users\\gmodi\\Documents\\GitHub\\marketing-campaigns-portal-development\\marketing-campaigns-portal-backend\\tests\\setup\\db.ts","statementMap":{"0":{"start":{"line":1,"column":0},"end":{"line":1,"column":32}},"1":{"start":{"line":2,"column":0},"end":{"line":2,"column":28}},"2":{"start":{"line":4,"column":0},"end":{"line":4,"column":16}},"3":{"start":{"line":6,"column":18},"end":{"line":6,"column":23}},"4":{"start":{"line":8,"column":25},"end":{"line":21,"column":2}},"5":{"start":{"line":8,"column":36},"end":{"line":21,"column":2}},"6":{"start":{"line":9,"column":2},"end":{"line":9,"column":65}},"7":{"start":{"line":9,"column":58},"end":{"line":9,"column":65}},"8":{"start":{"line":11,"column":2},"end":{"line":20,"column":3}},"9":{"start":{"line":12,"column":4},"end":{"line":14,"column":7}},"10":{"start":{"line":15,"column":4},"end":{"line":15,"column":49}},"11":{"start":{"line":16,"column":4},"end":{"line":16,"column":23}},"12":{"start":{"line":18,"column":4},"end":{"line":18,"column":54}},"13":{"start":{"line":19,"column":4},"end":{"line":19,"column":20}},"14":{"start":{"line":8,"column":13},"end":{"line":8,"column":25}}},"fnMap":{"0":{"name":"(anonymous_8)","decl":{"start":{"line":8,"column":25},"end":{"line":8,"column":34}},"loc":{"start":{"line":8,"column":36},"end":{"line":21,"column":2}}},"1":{"name":"(anonymous_9)","decl":{"start":{"line":8,"column":36},"end":{"line":8,"column":null}},"loc":{"start":{"line":8,"column":36},"end":{"line":21,"column":1}}}},"branchMap":{"0":{"loc":{"start":{"line":9,"column":2},"end":{"line":9,"column":65}},"type":"if","locations":[{"start":{"line":9,"column":2},"end":{"line":9,"column":65}}]},"1":{"loc":{"start":{"line":9,"column":6},"end":{"line":9,"column":56}},"type":"binary-expr","locations":[{"start":{"line":9,"column":6},"end":{"line":9,"column":17}},{"start":{"line":9,"column":21},"end":{"line":9,"column":56}}]}},"s":{"0":4,"1":4,"2":4,"3":4,"4":4,"5":4,"6":4,"7":4,"8":0,"9":0,"10":0,"11":0,"12":0,"13":0,"14":4},"f":{"0":4,"1":4},"b":{"0":[4],"1":[4,4]}}
}
