{"C:\\Users\\sajal\\OneDrive\\Desktop\\marketing-campaigns-portal-development\\marketing-campaigns-portal-backend\\src\\app.ts": {"path":"C:\\Users\\sajal\\OneDrive\\Desktop\\marketing-campaigns-portal-development\\marketing-campaigns-portal-backend\\src\\app.ts","statementMap":{"0":{"start":{"line":1,"column":0},"end":{"line":1,"column":30}},"1":{"start":{"line":2,"column":0},"end":{"line":2,"column":28}},"2":{"start":{"line":3,"column":0},"end":{"line":3,"column":24}},"3":{"start":{"line":4,"column":0},"end":{"line":4,"column":28}},"4":{"start":{"line":6,"column":0},"end":{"line":6,"column":36}},"5":{"start":{"line":7,"column":0},"end":{"line":7,"column":53}},"6":{"start":{"line":8,"column":0},"end":{"line":8,"column":45}},"7":{"start":{"line":9,"column":0},"end":{"line":9,"column":57}},"8":{"start":{"line":10,"column":0},"end":{"line":10,"column":36}},"9":{"start":{"line":11,"column":0},"end":{"line":11,"column":53}},"10":{"start":{"line":12,"column":0},"end":{"line":12,"column":55}},"11":{"start":{"line":13,"column":0},"end":{"line":13,"column":49}},"12":{"start":{"line":14,"column":0},"end":{"line":14,"column":53}},"13":{"start":{"line":15,"column":0},"end":{"line":15,"column":55}},"14":{"start":{"line":16,"column":0},"end":{"line":16,"column":47}},"15":{"start":{"line":18,"column":0},"end":{"line":18,"column":28}},"16":{"start":{"line":20,"column":0},"end":{"line":20,"column":16}},"17":{"start":{"line":22,"column":12},"end":{"line":22,"column":21}},"18":{"start":{"line":24,"column":0},"end":{"line":24,"column":23}},"19":{"start":{"line":26,"column":0},"end":{"line":26,"column":18}},"20":{"start":{"line":27,"column":0},"end":{"line":27,"column":24}},"21":{"start":{"line":28,"column":0},"end":{"line":28,"column":16}},"22":{"start":{"line":29,"column":0},"end":{"line":29,"column":18}},"23":{"start":{"line":32,"column":0},"end":{"line":32,"column":89}},"24":{"start":{"line":32,"column":59},"end":{"line":32,"column":82}},"25":{"start":{"line":34,"column":0},"end":{"line":34,"column":12}},"26":{"start":{"line":36,"column":0},"end":{"line":36,"column":33}},"27":{"start":{"line":37,"column":0},"end":{"line":37,"column":42}},"28":{"start":{"line":38,"column":0},"end":{"line":38,"column":46}},"29":{"start":{"line":39,"column":0},"end":{"line":39,"column":43}},"30":{"start":{"line":40,"column":0},"end":{"line":40,"column":38}},"31":{"start":{"line":41,"column":0},"end":{"line":41,"column":42}},"32":{"start":{"line":42,"column":0},"end":{"line":42,"column":43}},"33":{"start":{"line":43,"column":0},"end":{"line":43,"column":36}},"34":{"start":{"line":45,"column":0},"end":{"line":45,"column":22}},"35":{"start":{"line":47,"column":0},"end":{"line":47,"column":19}}},"fnMap":{"0":{"name":"(anonymous_1)","decl":{"start":{"line":32,"column":46},"end":{"line":32,"column":47}},"loc":{"start":{"line":32,"column":59},"end":{"line":32,"column":82}}}},"branchMap":{},"s":{"0":5,"1":5,"2":5,"3":5,"4":5,"5":5,"6":5,"7":5,"8":5,"9":5,"10":5,"11":5,"12":5,"13":5,"14":5,"15":5,"16":5,"17":5,"18":5,"19":5,"20":5,"21":5,"22":5,"23":5,"24":29,"25":5,"26":5,"27":5,"28":5,"29":5,"30":5,"31":5,"32":5,"33":5,"34":5,"35":5},"f":{"0":29},"b":{}}
,"C:\\Users\\sajal\\OneDrive\\Desktop\\marketing-campaigns-portal-development\\marketing-campaigns-portal-backend\\src\\config\\db.ts": {"path":"C:\\Users\\sajal\\OneDrive\\Desktop\\marketing-campaigns-portal-development\\marketing-campaigns-portal-backend\\src\\config\\db.ts","statementMap":{"0":{"start":{"line":1,"column":0},"end":{"line":1,"column":32}},"1":{"start":{"line":2,"column":0},"end":{"line":2,"column":28}},"2":{"start":{"line":4,"column":0},"end":{"line":4,"column":16}},"3":{"start":{"line":6,"column":18},"end":{"line":14,"column":2}},"4":{"start":{"line":6,"column":29},"end":{"line":14,"column":2}},"5":{"start":{"line":7,"column":2},"end":{"line":13,"column":3}},"6":{"start":{"line":8,"column":4},"end":{"line":8,"column":60}},"7":{"start":{"line":9,"column":4},"end":{"line":9,"column":40}},"8":{"start":{"line":11,"column":4},"end":{"line":11,"column":54}},"9":{"start":{"line":12,"column":4},"end":{"line":12,"column":20}},"10":{"start":{"line":16,"column":0},"end":{"line":16,"column":25}}},"fnMap":{"0":{"name":"(anonymous_8)","decl":{"start":{"line":6,"column":18},"end":{"line":6,"column":27}},"loc":{"start":{"line":6,"column":29},"end":{"line":14,"column":2}}},"1":{"name":"(anonymous_9)","decl":{"start":{"line":6,"column":29},"end":{"line":6,"column":null}},"loc":{"start":{"line":6,"column":29},"end":{"line":14,"column":1}}}},"branchMap":{},"s":{"0":5,"1":5,"2":5,"3":5,"4":5,"5":5,"6":5,"7":5,"8":0,"9":0,"10":5},"f":{"0":5,"1":5},"b":{}}
,"C:\\Users\\sajal\\OneDrive\\Desktop\\marketing-campaigns-portal-development\\marketing-campaigns-portal-backend\\src\\controllers\\activityController.ts": {"path":"C:\\Users\\sajal\\OneDrive\\Desktop\\marketing-campaigns-portal-development\\marketing-campaigns-portal-backend\\src\\controllers\\activityController.ts","statementMap":{"0":{"start":{"line":2,"column":0},"end":{"line":2,"column":48}},"1":{"start":{"line":4,"column":31},"end":{"line":11,"column":2}},"2":{"start":{"line":4,"column":69},"end":{"line":11,"column":2}},"3":{"start":{"line":5,"column":2},"end":{"line":10,"column":3}},"4":{"start":{"line":6,"column":17},"end":{"line":6,"column":110}},"5":{"start":{"line":7,"column":4},"end":{"line":7,"column":31}},"6":{"start":{"line":9,"column":4},"end":{"line":9,"column":77}},"7":{"start":{"line":4,"column":13},"end":{"line":4,"column":31}}},"fnMap":{"0":{"name":"(anonymous_8)","decl":{"start":{"line":4,"column":31},"end":{"line":4,"column":38}},"loc":{"start":{"line":4,"column":69},"end":{"line":11,"column":2}}},"1":{"name":"(anonymous_9)","decl":{"start":{"line":4,"column":69},"end":{"line":4,"column":null}},"loc":{"start":{"line":4,"column":69},"end":{"line":11,"column":1}}}},"branchMap":{},"s":{"0":5,"1":5,"2":0,"3":0,"4":0,"5":0,"6":0,"7":5},"f":{"0":0,"1":0},"b":{}}
,"C:\\Users\\sajal\\OneDrive\\Desktop\\marketing-campaigns-portal-development\\marketing-campaigns-portal-backend\\src\\controllers\\analyticsController.ts": {"path":"C:\\Users\\sajal\\OneDrive\\Desktop\\marketing-campaigns-portal-development\\marketing-campaigns-portal-backend\\src\\controllers\\analyticsController.ts","statementMap":{"0":{"start":{"line":2,"column":0},"end":{"line":2,"column":64}},"1":{"start":{"line":6,"column":32},"end":{"line":23,"column":2}},"2":{"start":{"line":6,"column":70},"end":{"line":23,"column":2}},"3":{"start":{"line":7,"column":2},"end":{"line":22,"column":3}},"4":{"start":{"line":8,"column":76},"end":{"line":8,"column":84}},"5":{"start":{"line":10,"column":24},"end":{"line":16,"column":6}},"6":{"start":{"line":18,"column":4},"end":{"line":18,"column":29}},"7":{"start":{"line":19,"column":4},"end":{"line":19,"column":38}},"8":{"start":{"line":21,"column":4},"end":{"line":21,"column":75}},"9":{"start":{"line":6,"column":13},"end":{"line":6,"column":32}},"10":{"start":{"line":26,"column":38},"end":{"line":36,"column":2}},"11":{"start":{"line":26,"column":76},"end":{"line":36,"column":2}},"12":{"start":{"line":27,"column":2},"end":{"line":35,"column":3}},"13":{"start":{"line":28,"column":27},"end":{"line":28,"column":37}},"14":{"start":{"line":29,"column":24},"end":{"line":29,"column":94}},"15":{"start":{"line":31,"column":4},"end":{"line":31,"column":99}},"16":{"start":{"line":31,"column":29},"end":{"line":31,"column":99}},"17":{"start":{"line":32,"column":4},"end":{"line":32,"column":38}},"18":{"start":{"line":34,"column":4},"end":{"line":34,"column":75}},"19":{"start":{"line":26,"column":13},"end":{"line":26,"column":38}},"20":{"start":{"line":39,"column":34},"end":{"line":62,"column":2}},"21":{"start":{"line":39,"column":72},"end":{"line":62,"column":2}},"22":{"start":{"line":40,"column":2},"end":{"line":61,"column":3}},"23":{"start":{"line":41,"column":22},"end":{"line":41,"column":31}},"24":{"start":{"line":43,"column":23},"end":{"line":43,"column":25}},"25":{"start":{"line":44,"column":23},"end":{"line":50,"column":6}},"26":{"start":{"line":52,"column":19},"end":{"line":56,"column":6}},"27":{"start":{"line":58,"column":4},"end":{"line":58,"column":33}},"28":{"start":{"line":60,"column":4},"end":{"line":60,"column":72}},"29":{"start":{"line":39,"column":13},"end":{"line":39,"column":34}}},"fnMap":{"0":{"name":"(anonymous_8)","decl":{"start":{"line":6,"column":32},"end":{"line":6,"column":39}},"loc":{"start":{"line":6,"column":70},"end":{"line":23,"column":2}}},"1":{"name":"(anonymous_9)","decl":{"start":{"line":6,"column":70},"end":{"line":6,"column":null}},"loc":{"start":{"line":6,"column":70},"end":{"line":23,"column":1}}},"2":{"name":"(anonymous_10)","decl":{"start":{"line":26,"column":38},"end":{"line":26,"column":45}},"loc":{"start":{"line":26,"column":76},"end":{"line":36,"column":2}}},"3":{"name":"(anonymous_11)","decl":{"start":{"line":26,"column":76},"end":{"line":26,"column":null}},"loc":{"start":{"line":26,"column":76},"end":{"line":36,"column":1}}},"4":{"name":"(anonymous_12)","decl":{"start":{"line":39,"column":34},"end":{"line":39,"column":41}},"loc":{"start":{"line":39,"column":72},"end":{"line":62,"column":2}}},"5":{"name":"(anonymous_13)","decl":{"start":{"line":39,"column":72},"end":{"line":39,"column":null}},"loc":{"start":{"line":39,"column":72},"end":{"line":62,"column":1}}}},"branchMap":{"0":{"loc":{"start":{"line":31,"column":4},"end":{"line":31,"column":99}},"type":"if","locations":[{"start":{"line":31,"column":4},"end":{"line":31,"column":99}}]}},"s":{"0":5,"1":5,"2":0,"3":0,"4":0,"5":0,"6":0,"7":0,"8":0,"9":5,"10":5,"11":0,"12":0,"13":0,"14":0,"15":0,"16":0,"17":0,"18":0,"19":5,"20":5,"21":0,"22":0,"23":0,"24":0,"25":0,"26":0,"27":0,"28":0,"29":5},"f":{"0":0,"1":0,"2":0,"3":0,"4":0,"5":0},"b":{"0":[0]}}
,"C:\\Users\\sajal\\OneDrive\\Desktop\\marketing-campaigns-portal-development\\marketing-campaigns-portal-backend\\src\\controllers\\authController.ts": {"path":"C:\\Users\\sajal\\OneDrive\\Desktop\\marketing-campaigns-portal-development\\marketing-campaigns-portal-backend\\src\\controllers\\authController.ts","statementMap":{"0":{"start":{"line":1,"column":0},"end":{"line":1,"column":26}},"1":{"start":{"line":3,"column":0},"end":{"line":3,"column":34}},"2":{"start":{"line":4,"column":0},"end":{"line":4,"column":31}},"3":{"start":{"line":5,"column":0},"end":{"line":5,"column":30}},"4":{"start":{"line":7,"column":20},"end":{"line":7,"column":75}},"5":{"start":{"line":9,"column":21},"end":{"line":56,"column":2}},"6":{"start":{"line":9,"column":59},"end":{"line":56,"column":2}},"7":{"start":{"line":10,"column":30},"end":{"line":10,"column":38}},"8":{"start":{"line":12,"column":2},"end":{"line":55,"column":3}},"9":{"start":{"line":14,"column":25},"end":{"line":17,"column":null}},"10":{"start":{"line":21,"column":29},"end":{"line":21,"column":46}},"11":{"start":{"line":22,"column":4},"end":{"line":24,"column":5}},"12":{"start":{"line":23,"column":6},"end":{"line":23,"column":70}},"13":{"start":{"line":27,"column":15},"end":{"line":27,"column":44}},"14":{"start":{"line":28,"column":4},"end":{"line":34,"column":5}},"15":{"start":{"line":29,"column":6},"end":{"line":29,"column":101}},"16":{"start":{"line":30,"column":6},"end":{"line":30,"column":24}},"17":{"start":{"line":32,"column":6},"end":{"line":32,"column":36}},"18":{"start":{"line":33,"column":6},"end":{"line":33,"column":24}},"19":{"start":{"line":37,"column":23},"end":{"line":37,"column":118}},"20":{"start":{"line":39,"column":4},"end":{"line":44,"column":7}},"21":{"start":{"line":46,"column":4},"end":{"line":54,"column":5}},"22":{"start":{"line":47,"column":25},"end":{"line":47,"column":37}},"23":{"start":{"line":48,"column":6},"end":{"line":51,"column":9}},"24":{"start":{"line":53,"column":6},"end":{"line":53,"column":73}},"25":{"start":{"line":9,"column":13},"end":{"line":9,"column":21}}},"fnMap":{"0":{"name":"(anonymous_8)","decl":{"start":{"line":9,"column":21},"end":{"line":9,"column":28}},"loc":{"start":{"line":9,"column":59},"end":{"line":56,"column":2}}},"1":{"name":"(anonymous_9)","decl":{"start":{"line":9,"column":59},"end":{"line":9,"column":null}},"loc":{"start":{"line":9,"column":59},"end":{"line":56,"column":1}}}},"branchMap":{"0":{"loc":{"start":{"line":22,"column":4},"end":{"line":24,"column":5}},"type":"if","locations":[{"start":{"line":22,"column":4},"end":{"line":24,"column":5}}]},"1":{"loc":{"start":{"line":28,"column":4},"end":{"line":34,"column":5}},"type":"if","locations":[{"start":{"line":28,"column":4},"end":{"line":34,"column":5}},{"start":{"line":31,"column":11},"end":{"line":34,"column":5}}]},"2":{"loc":{"start":{"line":46,"column":4},"end":{"line":54,"column":5}},"type":"if","locations":[{"start":{"line":46,"column":4},"end":{"line":54,"column":5}},{"start":{"line":52,"column":11},"end":{"line":54,"column":5}}]},"3":{"loc":{"start":{"line":50,"column":15},"end":{"line":50,"column":57}},"type":"binary-expr","locations":[{"start":{"line":50,"column":15},"end":{"line":50,"column":40}},{"start":{"line":50,"column":44},"end":{"line":50,"column":57}}]},"4":{"loc":{"start":{"line":50,"column":15},"end":{"line":50,"column":40}},"type":"cond-expr","locations":[{"start":{"line":50,"column":34},"end":{"line":50,"column":36}},{"start":{"line":50,"column":34},"end":{"line":50,"column":40}}]},"5":{"loc":{"start":{"line":50,"column":15},"end":{"line":50,"column":36}},"type":"binary-expr","locations":[{"start":{"line":50,"column":15},"end":{"line":50,"column":36}},{"start":{"line":50,"column":34},"end":{"line":50,"column":36}}]}},"s":{"0":5,"1":5,"2":5,"3":5,"4":5,"5":5,"6":8,"7":8,"8":8,"9":8,"10":0,"11":0,"12":0,"13":0,"14":0,"15":0,"16":0,"17":0,"18":0,"19":0,"20":0,"21":8,"22":8,"23":8,"24":0,"25":5},"f":{"0":8,"1":8},"b":{"0":[0],"1":[0,0],"2":[8,0],"3":[8,8],"4":[8,0],"5":[8,8]}}
,"C:\\Users\\sajal\\OneDrive\\Desktop\\marketing-campaigns-portal-development\\marketing-campaigns-portal-backend\\src\\controllers\\campaignController.ts": {"path":"C:\\Users\\sajal\\OneDrive\\Desktop\\marketing-campaigns-portal-development\\marketing-campaigns-portal-backend\\src\\controllers\\campaignController.ts","statementMap":{"0":{"start":{"line":73,"column":0},"end":{"line":73,"column":57}},"1":{"start":{"line":75,"column":28},"end":{"line":149,"column":2}},"2":{"start":{"line":75,"column":66},"end":{"line":149,"column":2}},"3":{"start":{"line":76,"column":2},"end":{"line":148,"column":3}},"4":{"start":{"line":87,"column":8},"end":{"line":87,"column":17}},"5":{"start":{"line":89,"column":21},"end":{"line":89,"column":23}},"6":{"start":{"line":92,"column":4},"end":{"line":94,"column":5}},"7":{"start":{"line":93,"column":6},"end":{"line":93,"column":63}},"8":{"start":{"line":97,"column":4},"end":{"line":100,"column":5}},"9":{"start":{"line":98,"column":27},"end":{"line":98,"column":76}},"10":{"start":{"line":98,"column":67},"end":{"line":98,"column":75}},"11":{"start":{"line":99,"column":6},"end":{"line":99,"column":42}},"12":{"start":{"line":103,"column":4},"end":{"line":105,"column":5}},"13":{"start":{"line":104,"column":6},"end":{"line":104,"column":77}},"14":{"start":{"line":104,"column":65},"end":{"line":104,"column":73}},"15":{"start":{"line":108,"column":4},"end":{"line":113,"column":5}},"16":{"start":{"line":109,"column":6},"end":{"line":112,"column":8}},"17":{"start":{"line":116,"column":23},"end":{"line":116,"column":56}},"18":{"start":{"line":117,"column":21},"end":{"line":117,"column":56}},"19":{"start":{"line":118,"column":17},"end":{"line":118,"column":44}},"20":{"start":{"line":121,"column":22},"end":{"line":121,"column":38}},"21":{"start":{"line":122,"column":22},"end":{"line":122,"column":47}},"22":{"start":{"line":124,"column":4},"end":{"line":124,"column":64}},"23":{"start":{"line":127,"column":22},"end":{"line":130,"column":22}},"24":{"start":{"line":133,"column":23},"end":{"line":133,"column":59}},"25":{"start":{"line":135,"column":4},"end":{"line":144,"column":7}},"26":{"start":{"line":146,"column":4},"end":{"line":146,"column":54}},"27":{"start":{"line":147,"column":4},"end":{"line":147,"column":63}},"28":{"start":{"line":75,"column":13},"end":{"line":75,"column":28}},"29":{"start":{"line":153,"column":38},"end":{"line":176,"column":2}},"30":{"start":{"line":153,"column":76},"end":{"line":176,"column":2}},"31":{"start":{"line":154,"column":2},"end":{"line":175,"column":3}},"32":{"start":{"line":155,"column":65},"end":{"line":155,"column":73}},"33":{"start":{"line":157,"column":4},"end":{"line":159,"column":5}},"34":{"start":{"line":158,"column":6},"end":{"line":158,"column":74}},"35":{"start":{"line":161,"column":24},"end":{"line":168,"column":6}},"36":{"start":{"line":170,"column":4},"end":{"line":170,"column":29}},"37":{"start":{"line":171,"column":4},"end":{"line":171,"column":92}},"38":{"start":{"line":173,"column":4},"end":{"line":173,"column":51}},"39":{"start":{"line":174,"column":4},"end":{"line":174,"column":63}},"40":{"start":{"line":153,"column":13},"end":{"line":153,"column":38}},"41":{"start":{"line":179,"column":28},"end":{"line":199,"column":2}},"42":{"start":{"line":179,"column":66},"end":{"line":199,"column":2}},"43":{"start":{"line":180,"column":2},"end":{"line":198,"column":3}},"44":{"start":{"line":181,"column":27},"end":{"line":181,"column":37}},"45":{"start":{"line":182,"column":24},"end":{"line":182,"column":32}},"46":{"start":{"line":184,"column":21},"end":{"line":187,"column":null}},"47":{"start":{"line":190,"column":4},"end":{"line":192,"column":5}},"48":{"start":{"line":191,"column":6},"end":{"line":191,"column":69}},"49":{"start":{"line":194,"column":4},"end":{"line":194,"column":81}},"50":{"start":{"line":196,"column":4},"end":{"line":196,"column":53}},"51":{"start":{"line":197,"column":4},"end":{"line":197,"column":63}},"52":{"start":{"line":179,"column":13},"end":{"line":179,"column":28}},"53":{"start":{"line":202,"column":31},"end":{"line":221,"column":2}},"54":{"start":{"line":202,"column":69},"end":{"line":221,"column":2}},"55":{"start":{"line":203,"column":2},"end":{"line":220,"column":3}},"56":{"start":{"line":204,"column":27},"end":{"line":204,"column":37}},"57":{"start":{"line":207,"column":21},"end":{"line":207,"column":56}},"58":{"start":{"line":209,"column":4},"end":{"line":211,"column":5}},"59":{"start":{"line":210,"column":6},"end":{"line":210,"column":69}},"60":{"start":{"line":213,"column":4},"end":{"line":216,"column":7}},"61":{"start":{"line":218,"column":4},"end":{"line":218,"column":61}},"62":{"start":{"line":219,"column":4},"end":{"line":219,"column":63}},"63":{"start":{"line":202,"column":13},"end":{"line":202,"column":31}},"64":{"start":{"line":224,"column":36},"end":{"line":244,"column":2}},"65":{"start":{"line":224,"column":74},"end":{"line":244,"column":2}},"66":{"start":{"line":225,"column":2},"end":{"line":243,"column":3}},"67":{"start":{"line":226,"column":27},"end":{"line":226,"column":37}},"68":{"start":{"line":228,"column":21},"end":{"line":228,"column":56}},"69":{"start":{"line":229,"column":4},"end":{"line":231,"column":5}},"70":{"start":{"line":230,"column":6},"end":{"line":230,"column":69}},"71":{"start":{"line":234,"column":4},"end":{"line":234,"column":77}},"72":{"start":{"line":235,"column":4},"end":{"line":235,"column":26}},"73":{"start":{"line":237,"column":4},"end":{"line":237,"column":47}},"74":{"start":{"line":239,"column":4},"end":{"line":239,"column":99}},"75":{"start":{"line":241,"column":4},"end":{"line":241,"column":60}},"76":{"start":{"line":242,"column":4},"end":{"line":242,"column":63}},"77":{"start":{"line":224,"column":13},"end":{"line":224,"column":36}},"78":{"start":{"line":247,"column":33},"end":{"line":274,"column":2}},"79":{"start":{"line":247,"column":71},"end":{"line":274,"column":2}},"80":{"start":{"line":248,"column":2},"end":{"line":273,"column":3}},"81":{"start":{"line":249,"column":27},"end":{"line":249,"column":37}},"82":{"start":{"line":250,"column":29},"end":{"line":250,"column":64}},"83":{"start":{"line":252,"column":4},"end":{"line":254,"column":5}},"84":{"start":{"line":253,"column":6},"end":{"line":253,"column":78}},"85":{"start":{"line":257,"column":25},"end":{"line":257,"column":52}},"86":{"start":{"line":258,"column":4},"end":{"line":258,"column":28}},"87":{"start":{"line":261,"column":4},"end":{"line":261,"column":59}},"88":{"start":{"line":262,"column":4},"end":{"line":262,"column":40}},"89":{"start":{"line":263,"column":4},"end":{"line":263,"column":44}},"90":{"start":{"line":264,"column":4},"end":{"line":264,"column":34}},"91":{"start":{"line":266,"column":31},"end":{"line":266,"column":57}},"92":{"start":{"line":267,"column":4},"end":{"line":267,"column":36}},"93":{"start":{"line":269,"column":4},"end":{"line":269,"column":104}},"94":{"start":{"line":271,"column":4},"end":{"line":271,"column":56}},"95":{"start":{"line":272,"column":4},"end":{"line":272,"column":63}},"96":{"start":{"line":247,"column":13},"end":{"line":247,"column":33}},"97":{"start":{"line":290,"column":30},"end":{"line":309,"column":2}},"98":{"start":{"line":290,"column":68},"end":{"line":309,"column":2}},"99":{"start":{"line":291,"column":2},"end":{"line":308,"column":3}},"100":{"start":{"line":292,"column":27},"end":{"line":292,"column":37}},"101":{"start":{"line":294,"column":21},"end":{"line":297,"column":null}},"102":{"start":{"line":300,"column":4},"end":{"line":302,"column":5}},"103":{"start":{"line":301,"column":6},"end":{"line":301,"column":69}},"104":{"start":{"line":304,"column":4},"end":{"line":304,"column":82}},"105":{"start":{"line":306,"column":4},"end":{"line":306,"column":54}},"106":{"start":{"line":307,"column":4},"end":{"line":307,"column":63}},"107":{"start":{"line":290,"column":13},"end":{"line":290,"column":30}},"108":{"start":{"line":312,"column":30},"end":{"line":326,"column":2}},"109":{"start":{"line":312,"column":68},"end":{"line":326,"column":2}},"110":{"start":{"line":313,"column":2},"end":{"line":325,"column":3}},"111":{"start":{"line":314,"column":27},"end":{"line":314,"column":37}},"112":{"start":{"line":315,"column":21},"end":{"line":315,"column":65}},"113":{"start":{"line":317,"column":4},"end":{"line":319,"column":5}},"114":{"start":{"line":318,"column":6},"end":{"line":318,"column":69}},"115":{"start":{"line":321,"column":4},"end":{"line":321,"column":71}},"116":{"start":{"line":323,"column":4},"end":{"line":323,"column":53}},"117":{"start":{"line":324,"column":4},"end":{"line":324,"column":63}},"118":{"start":{"line":312,"column":13},"end":{"line":312,"column":30}}},"fnMap":{"0":{"name":"(anonymous_8)","decl":{"start":{"line":75,"column":28},"end":{"line":75,"column":35}},"loc":{"start":{"line":75,"column":66},"end":{"line":149,"column":2}}},"1":{"name":"(anonymous_9)","decl":{"start":{"line":75,"column":66},"end":{"line":75,"column":null}},"loc":{"start":{"line":75,"column":66},"end":{"line":149,"column":1}}},"2":{"name":"(anonymous_10)","decl":{"start":{"line":98,"column":60},"end":{"line":98,"column":61}},"loc":{"start":{"line":98,"column":67},"end":{"line":98,"column":75}}},"3":{"name":"(anonymous_11)","decl":{"start":{"line":104,"column":58},"end":{"line":104,"column":59}},"loc":{"start":{"line":104,"column":65},"end":{"line":104,"column":73}}},"4":{"name":"(anonymous_12)","decl":{"start":{"line":153,"column":38},"end":{"line":153,"column":45}},"loc":{"start":{"line":153,"column":76},"end":{"line":176,"column":2}}},"5":{"name":"(anonymous_13)","decl":{"start":{"line":153,"column":76},"end":{"line":153,"column":null}},"loc":{"start":{"line":153,"column":76},"end":{"line":176,"column":1}}},"6":{"name":"(anonymous_14)","decl":{"start":{"line":179,"column":28},"end":{"line":179,"column":35}},"loc":{"start":{"line":179,"column":66},"end":{"line":199,"column":2}}},"7":{"name":"(anonymous_15)","decl":{"start":{"line":179,"column":66},"end":{"line":179,"column":null}},"loc":{"start":{"line":179,"column":66},"end":{"line":199,"column":1}}},"8":{"name":"(anonymous_16)","decl":{"start":{"line":202,"column":31},"end":{"line":202,"column":38}},"loc":{"start":{"line":202,"column":69},"end":{"line":221,"column":2}}},"9":{"name":"(anonymous_17)","decl":{"start":{"line":202,"column":69},"end":{"line":202,"column":null}},"loc":{"start":{"line":202,"column":69},"end":{"line":221,"column":1}}},"10":{"name":"(anonymous_18)","decl":{"start":{"line":224,"column":36},"end":{"line":224,"column":43}},"loc":{"start":{"line":224,"column":74},"end":{"line":244,"column":2}}},"11":{"name":"(anonymous_19)","decl":{"start":{"line":224,"column":74},"end":{"line":224,"column":null}},"loc":{"start":{"line":224,"column":74},"end":{"line":244,"column":1}}},"12":{"name":"(anonymous_20)","decl":{"start":{"line":247,"column":33},"end":{"line":247,"column":40}},"loc":{"start":{"line":247,"column":71},"end":{"line":274,"column":2}}},"13":{"name":"(anonymous_21)","decl":{"start":{"line":247,"column":71},"end":{"line":247,"column":null}},"loc":{"start":{"line":247,"column":71},"end":{"line":274,"column":1}}},"14":{"name":"(anonymous_22)","decl":{"start":{"line":290,"column":30},"end":{"line":290,"column":37}},"loc":{"start":{"line":290,"column":68},"end":{"line":309,"column":2}}},"15":{"name":"(anonymous_23)","decl":{"start":{"line":290,"column":68},"end":{"line":290,"column":null}},"loc":{"start":{"line":290,"column":68},"end":{"line":309,"column":1}}},"16":{"name":"(anonymous_24)","decl":{"start":{"line":312,"column":30},"end":{"line":312,"column":37}},"loc":{"start":{"line":312,"column":68},"end":{"line":326,"column":2}}},"17":{"name":"(anonymous_25)","decl":{"start":{"line":312,"column":68},"end":{"line":312,"column":null}},"loc":{"start":{"line":312,"column":68},"end":{"line":326,"column":1}}}},"branchMap":{"0":{"loc":{"start":{"line":83,"column":6},"end":{"line":83,"column":26}},"type":"default-arg","locations":[{"start":{"line":83,"column":15},"end":{"line":83,"column":26}}]},"1":{"loc":{"start":{"line":84,"column":6},"end":{"line":84,"column":20}},"type":"default-arg","locations":[{"start":{"line":84,"column":14},"end":{"line":84,"column":20}}]},"2":{"loc":{"start":{"line":85,"column":6},"end":{"line":85,"column":16}},"type":"default-arg","locations":[{"start":{"line":85,"column":13},"end":{"line":85,"column":16}}]},"3":{"loc":{"start":{"line":86,"column":6},"end":{"line":86,"column":18}},"type":"default-arg","locations":[{"start":{"line":86,"column":14},"end":{"line":86,"column":18}}]},"4":{"loc":{"start":{"line":92,"column":4},"end":{"line":94,"column":5}},"type":"if","locations":[{"start":{"line":92,"column":4},"end":{"line":94,"column":5}}]},"5":{"loc":{"start":{"line":97,"column":4},"end":{"line":100,"column":5}},"type":"if","locations":[{"start":{"line":97,"column":4},"end":{"line":100,"column":5}}]},"6":{"loc":{"start":{"line":103,"column":4},"end":{"line":105,"column":5}},"type":"if","locations":[{"start":{"line":103,"column":4},"end":{"line":105,"column":5}}]},"7":{"loc":{"start":{"line":108,"column":4},"end":{"line":113,"column":5}},"type":"if","locations":[{"start":{"line":108,"column":4},"end":{"line":113,"column":5}}]},"8":{"loc":{"start":{"line":108,"column":8},"end":{"line":108,"column":28}},"type":"binary-expr","locations":[{"start":{"line":108,"column":8},"end":{"line":108,"column":17}},{"start":{"line":108,"column":21},"end":{"line":108,"column":28}}]},"9":{"loc":{"start":{"line":116,"column":23},"end":{"line":116,"column":56}},"type":"binary-expr","locations":[{"start":{"line":116,"column":23},"end":{"line":116,"column":51}},{"start":{"line":116,"column":55},"end":{"line":116,"column":56}}]},"10":{"loc":{"start":{"line":117,"column":21},"end":{"line":117,"column":56}},"type":"binary-expr","locations":[{"start":{"line":117,"column":21},"end":{"line":117,"column":50}},{"start":{"line":117,"column":54},"end":{"line":117,"column":56}}]},"11":{"loc":{"start":{"line":122,"column":22},"end":{"line":122,"column":47}},"type":"cond-expr","locations":[{"start":{"line":122,"column":41},"end":{"line":122,"column":43}},{"start":{"line":122,"column":46},"end":{"line":122,"column":47}}]},"12":{"loc":{"start":{"line":157,"column":4},"end":{"line":159,"column":5}},"type":"if","locations":[{"start":{"line":157,"column":4},"end":{"line":159,"column":5}}]},"13":{"loc":{"start":{"line":157,"column":8},"end":{"line":157,"column":61}},"type":"binary-expr","locations":[{"start":{"line":157,"column":8},"end":{"line":157,"column":13}},{"start":{"line":157,"column":17},"end":{"line":157,"column":22}},{"start":{"line":157,"column":26},"end":{"line":157,"column":35}},{"start":{"line":157,"column":39},"end":{"line":157,"column":48}},{"start":{"line":157,"column":52},"end":{"line":157,"column":61}}]},"14":{"loc":{"start":{"line":167,"column":14},"end":{"line":167,"column":31}},"type":"binary-expr","locations":[{"start":{"line":167,"column":14},"end":{"line":167,"column":20}},{"start":{"line":167,"column":24},"end":{"line":167,"column":31}}]},"15":{"loc":{"start":{"line":190,"column":4},"end":{"line":192,"column":5}},"type":"if","locations":[{"start":{"line":190,"column":4},"end":{"line":192,"column":5}}]},"16":{"loc":{"start":{"line":209,"column":4},"end":{"line":211,"column":5}},"type":"if","locations":[{"start":{"line":209,"column":4},"end":{"line":211,"column":5}}]},"17":{"loc":{"start":{"line":229,"column":4},"end":{"line":231,"column":5}},"type":"if","locations":[{"start":{"line":229,"column":4},"end":{"line":231,"column":5}}]},"18":{"loc":{"start":{"line":234,"column":22},"end":{"line":234,"column":76}},"type":"cond-expr","locations":[{"start":{"line":234,"column":55},"end":{"line":234,"column":63}},{"start":{"line":234,"column":66},"end":{"line":234,"column":76}}]},"19":{"loc":{"start":{"line":252,"column":4},"end":{"line":254,"column":5}},"type":"if","locations":[{"start":{"line":252,"column":4},"end":{"line":254,"column":5}}]},"20":{"loc":{"start":{"line":300,"column":4},"end":{"line":302,"column":5}},"type":"if","locations":[{"start":{"line":300,"column":4},"end":{"line":302,"column":5}}]},"21":{"loc":{"start":{"line":317,"column":4},"end":{"line":319,"column":5}},"type":"if","locations":[{"start":{"line":317,"column":4},"end":{"line":319,"column":5}}]}},"s":{"0":5,"1":5,"2":2,"3":2,"4":2,"5":2,"6":2,"7":0,"8":2,"9":0,"10":0,"11":0,"12":2,"13":0,"14":0,"15":2,"16":0,"17":2,"18":2,"19":2,"20":2,"21":2,"22":2,"23":2,"24":2,"25":2,"26":0,"27":0,"28":5,"29":5,"30":1,"31":1,"32":1,"33":1,"34":1,"35":0,"36":0,"37":0,"38":0,"39":0,"40":5,"41":5,"42":1,"43":1,"44":1,"45":1,"46":1,"47":0,"48":0,"49":0,"50":1,"51":1,"52":5,"53":5,"54":0,"55":0,"56":0,"57":0,"58":0,"59":0,"60":0,"61":0,"62":0,"63":5,"64":5,"65":1,"66":1,"67":1,"68":1,"69":0,"70":0,"71":0,"72":0,"73":0,"74":0,"75":1,"76":1,"77":5,"78":5,"79":1,"80":1,"81":1,"82":1,"83":0,"84":0,"85":0,"86":0,"87":0,"88":0,"89":0,"90":0,"91":0,"92":0,"93":0,"94":1,"95":1,"96":5,"97":5,"98":1,"99":1,"100":1,"101":1,"102":0,"103":0,"104":0,"105":1,"106":1,"107":5,"108":5,"109":1,"110":1,"111":1,"112":1,"113":0,"114":0,"115":0,"116":1,"117":1,"118":5},"f":{"0":2,"1":2,"2":0,"3":0,"4":1,"5":1,"6":1,"7":1,"8":0,"9":0,"10":1,"11":1,"12":1,"13":1,"14":1,"15":1,"16":1,"17":1},"b":{"0":[2],"1":[2],"2":[2],"3":[2],"4":[0],"5":[0],"6":[0],"7":[0],"8":[2,0],"9":[2,0],"10":[2,0],"11":[2,0],"12":[1],"13":[1,1,1,1,1],"14":[0,0],"15":[0],"16":[0],"17":[0],"18":[0,0],"19":[0],"20":[0],"21":[0]}}
,"C:\\Users\\sajal\\OneDrive\\Desktop\\marketing-campaigns-portal-development\\marketing-campaigns-portal-backend\\src\\controllers\\dashboardController.ts": {"path":"C:\\Users\\sajal\\OneDrive\\Desktop\\marketing-campaigns-portal-development\\marketing-campaigns-portal-backend\\src\\controllers\\dashboardController.ts","statementMap":{"0":{"start":{"line":2,"column":0},"end":{"line":2,"column":42}},"1":{"start":{"line":3,"column":0},"end":{"line":3,"column":38}},"2":{"start":{"line":4,"column":0},"end":{"line":4,"column":42}},"3":{"start":{"line":5,"column":0},"end":{"line":5,"column":48}},"4":{"start":{"line":8,"column":33},"end":{"line":55,"column":2}},"5":{"start":{"line":8,"column":71},"end":{"line":55,"column":2}},"6":{"start":{"line":9,"column":2},"end":{"line":54,"column":3}},"7":{"start":{"line":11,"column":28},"end":{"line":11,"column":79}},"8":{"start":{"line":14,"column":31},"end":{"line":14,"column":85}},"9":{"start":{"line":17,"column":26},"end":{"line":17,"column":55}},"10":{"start":{"line":20,"column":28},"end":{"line":20,"column":125}},"11":{"start":{"line":21,"column":29},"end":{"line":21,"column":130}},"12":{"start":{"line":22,"column":30},"end":{"line":22,"column":132}},"13":{"start":{"line":25,"column":22},"end":{"line":25,"column":114}},"14":{"start":{"line":26,"column":24},"end":{"line":26,"column":40}},"15":{"start":{"line":27,"column":23},"end":{"line":27,"column":73}},"16":{"start":{"line":27,"column":54},"end":{"line":27,"column":69}},"17":{"start":{"line":28,"column":24},"end":{"line":28,"column":75}},"18":{"start":{"line":28,"column":55},"end":{"line":28,"column":71}},"19":{"start":{"line":30,"column":21},"end":{"line":30,"column":86}},"20":{"start":{"line":31,"column":22},"end":{"line":31,"column":88}},"21":{"start":{"line":34,"column":27},"end":{"line":34,"column":85}},"22":{"start":{"line":36,"column":4},"end":{"line":50,"column":7}},"23":{"start":{"line":52,"column":4},"end":{"line":52,"column":59}},"24":{"start":{"line":53,"column":4},"end":{"line":53,"column":63}},"25":{"start":{"line":8,"column":13},"end":{"line":8,"column":33}}},"fnMap":{"0":{"name":"(anonymous_8)","decl":{"start":{"line":8,"column":33},"end":{"line":8,"column":40}},"loc":{"start":{"line":8,"column":71},"end":{"line":55,"column":2}}},"1":{"name":"(anonymous_9)","decl":{"start":{"line":8,"column":71},"end":{"line":8,"column":null}},"loc":{"start":{"line":8,"column":71},"end":{"line":55,"column":1}}},"2":{"name":"(anonymous_10)","decl":{"start":{"line":27,"column":40},"end":{"line":27,"column":41}},"loc":{"start":{"line":27,"column":54},"end":{"line":27,"column":69}}},"3":{"name":"(anonymous_11)","decl":{"start":{"line":28,"column":41},"end":{"line":28,"column":42}},"loc":{"start":{"line":28,"column":55},"end":{"line":28,"column":71}}}},"branchMap":{"0":{"loc":{"start":{"line":30,"column":21},"end":{"line":30,"column":86}},"type":"cond-expr","locations":[{"start":{"line":30,"column":35},"end":{"line":30,"column":80}},{"start":{"line":30,"column":83},"end":{"line":30,"column":86}}]},"1":{"loc":{"start":{"line":31,"column":22},"end":{"line":31,"column":88}},"type":"cond-expr","locations":[{"start":{"line":31,"column":36},"end":{"line":31,"column":82}},{"start":{"line":31,"column":85},"end":{"line":31,"column":88}}]}},"s":{"0":5,"1":5,"2":5,"3":5,"4":5,"5":1,"6":1,"7":1,"8":1,"9":1,"10":1,"11":1,"12":1,"13":1,"14":1,"15":1,"16":0,"17":1,"18":0,"19":1,"20":1,"21":1,"22":1,"23":0,"24":0,"25":5},"f":{"0":1,"1":1,"2":0,"3":0},"b":{"0":[0,1],"1":[0,1]}}
,"C:\\Users\\sajal\\OneDrive\\Desktop\\marketing-campaigns-portal-development\\marketing-campaigns-portal-backend\\src\\controllers\\emailReportController.ts": {"path":"C:\\Users\\sajal\\OneDrive\\Desktop\\marketing-campaigns-portal-development\\marketing-campaigns-portal-backend\\src\\controllers\\emailReportController.ts","statementMap":{"0":{"start":{"line":2,"column":0},"end":{"line":2,"column":42}},"1":{"start":{"line":4,"column":31},"end":{"line":54,"column":2}},"2":{"start":{"line":4,"column":69},"end":{"line":54,"column":2}},"3":{"start":{"line":5,"column":2},"end":{"line":53,"column":3}},"4":{"start":{"line":6,"column":86},"end":{"line":6,"column":95}},"5":{"start":{"line":9,"column":23},"end":{"line":9,"column":56}},"6":{"start":{"line":10,"column":21},"end":{"line":10,"column":56}},"7":{"start":{"line":11,"column":17},"end":{"line":11,"column":44}},"8":{"start":{"line":14,"column":21},"end":{"line":14,"column":23}},"9":{"start":{"line":15,"column":4},"end":{"line":17,"column":5}},"10":{"start":{"line":16,"column":6},"end":{"line":16,"column":68}},"11":{"start":{"line":20,"column":25},"end":{"line":23,"column":22}},"12":{"start":{"line":26,"column":29},"end":{"line":35,"column":9}},"13":{"start":{"line":26,"column":59},"end":{"line":35,"column":8}},"14":{"start":{"line":39,"column":23},"end":{"line":39,"column":59}},"15":{"start":{"line":41,"column":4},"end":{"line":49,"column":7}},"16":{"start":{"line":51,"column":4},"end":{"line":51,"column":58}},"17":{"start":{"line":52,"column":4},"end":{"line":52,"column":79}},"18":{"start":{"line":4,"column":13},"end":{"line":4,"column":31}}},"fnMap":{"0":{"name":"(anonymous_8)","decl":{"start":{"line":4,"column":31},"end":{"line":4,"column":38}},"loc":{"start":{"line":4,"column":69},"end":{"line":54,"column":2}}},"1":{"name":"(anonymous_9)","decl":{"start":{"line":4,"column":69},"end":{"line":4,"column":null}},"loc":{"start":{"line":4,"column":69},"end":{"line":54,"column":1}}},"2":{"name":"(anonymous_10)","decl":{"start":{"line":26,"column":46},"end":{"line":26,"column":47}},"loc":{"start":{"line":26,"column":59},"end":{"line":35,"column":8}}}},"branchMap":{"0":{"loc":{"start":{"line":6,"column":20},"end":{"line":6,"column":39}},"type":"default-arg","locations":[{"start":{"line":6,"column":29},"end":{"line":6,"column":39}}]},"1":{"loc":{"start":{"line":6,"column":41},"end":{"line":6,"column":55}},"type":"default-arg","locations":[{"start":{"line":6,"column":49},"end":{"line":6,"column":55}}]},"2":{"loc":{"start":{"line":6,"column":57},"end":{"line":6,"column":67}},"type":"default-arg","locations":[{"start":{"line":6,"column":64},"end":{"line":6,"column":67}}]},"3":{"loc":{"start":{"line":6,"column":69},"end":{"line":6,"column":81}},"type":"default-arg","locations":[{"start":{"line":6,"column":77},"end":{"line":6,"column":81}}]},"4":{"loc":{"start":{"line":9,"column":23},"end":{"line":9,"column":56}},"type":"binary-expr","locations":[{"start":{"line":9,"column":23},"end":{"line":9,"column":51}},{"start":{"line":9,"column":55},"end":{"line":9,"column":56}}]},"5":{"loc":{"start":{"line":10,"column":21},"end":{"line":10,"column":56}},"type":"binary-expr","locations":[{"start":{"line":10,"column":21},"end":{"line":10,"column":50}},{"start":{"line":10,"column":54},"end":{"line":10,"column":56}}]},"6":{"loc":{"start":{"line":15,"column":4},"end":{"line":17,"column":5}},"type":"if","locations":[{"start":{"line":15,"column":4},"end":{"line":17,"column":5}}]},"7":{"loc":{"start":{"line":21,"column":34},"end":{"line":21,"column":59}},"type":"cond-expr","locations":[{"start":{"line":21,"column":53},"end":{"line":21,"column":55}},{"start":{"line":21,"column":58},"end":{"line":21,"column":59}}]}},"s":{"0":5,"1":5,"2":0,"3":0,"4":0,"5":0,"6":0,"7":0,"8":0,"9":0,"10":0,"11":0,"12":0,"13":0,"14":0,"15":0,"16":0,"17":0,"18":5},"f":{"0":0,"1":0,"2":0},"b":{"0":[0],"1":[0],"2":[0],"3":[0],"4":[0,0],"5":[0,0],"6":[0],"7":[0,0]}}
,"C:\\Users\\sajal\\OneDrive\\Desktop\\marketing-campaigns-portal-development\\marketing-campaigns-portal-backend\\src\\controllers\\filterController.ts": {"path":"C:\\Users\\sajal\\OneDrive\\Desktop\\marketing-campaigns-portal-development\\marketing-campaigns-portal-backend\\src\\controllers\\filterController.ts","statementMap":{"0":{"start":{"line":3,"column":0},"end":{"line":3,"column":34}},"1":{"start":{"line":57,"column":2},"end":{"line":57,"column":40}},"2":{"start":{"line":59,"column":38},"end":{"line":88,"column":4}},"3":{"start":{"line":59,"column":76},"end":{"line":88,"column":4}},"4":{"start":{"line":60,"column":4},"end":{"line":87,"column":5}},"5":{"start":{"line":61,"column":80},"end":{"line":61,"column":88}},"6":{"start":{"line":63,"column":6},"end":{"line":65,"column":7}},"7":{"start":{"line":64,"column":8},"end":{"line":64,"column":76}},"8":{"start":{"line":68,"column":32},"end":{"line":68,"column":65}},"9":{"start":{"line":70,"column":24},"end":{"line":80,"column":8}},"10":{"start":{"line":82,"column":6},"end":{"line":82,"column":29}},"11":{"start":{"line":83,"column":6},"end":{"line":83,"column":88}},"12":{"start":{"line":85,"column":6},"end":{"line":85,"column":51}},"13":{"start":{"line":86,"column":6},"end":{"line":86,"column":65}},"14":{"start":{"line":59,"column":15},"end":{"line":59,"column":38}},"15":{"start":{"line":91,"column":28},"end":{"line":112,"column":4}},"16":{"start":{"line":91,"column":66},"end":{"line":112,"column":4}},"17":{"start":{"line":92,"column":4},"end":{"line":111,"column":5}},"18":{"start":{"line":93,"column":27},"end":{"line":93,"column":37}},"19":{"start":{"line":94,"column":26},"end":{"line":94,"column":34}},"20":{"start":{"line":96,"column":21},"end":{"line":100,"column":null}},"21":{"start":{"line":103,"column":6},"end":{"line":105,"column":7}},"22":{"start":{"line":104,"column":8},"end":{"line":104,"column":69}},"23":{"start":{"line":107,"column":6},"end":{"line":107,"column":79}},"24":{"start":{"line":109,"column":6},"end":{"line":109,"column":53}},"25":{"start":{"line":110,"column":6},"end":{"line":110,"column":65}},"26":{"start":{"line":91,"column":15},"end":{"line":91,"column":28}},"27":{"start":{"line":115,"column":33},"end":{"line":139,"column":4}},"28":{"start":{"line":115,"column":71},"end":{"line":139,"column":4}},"29":{"start":{"line":116,"column":4},"end":{"line":138,"column":5}},"30":{"start":{"line":117,"column":27},"end":{"line":117,"column":37}},"31":{"start":{"line":118,"column":29},"end":{"line":118,"column":60}},"32":{"start":{"line":120,"column":6},"end":{"line":122,"column":7}},"33":{"start":{"line":121,"column":8},"end":{"line":121,"column":78}},"34":{"start":{"line":125,"column":25},"end":{"line":125,"column":73}},"35":{"start":{"line":127,"column":6},"end":{"line":127,"column":28}},"36":{"start":{"line":128,"column":6},"end":{"line":128,"column":57}},"37":{"start":{"line":129,"column":6},"end":{"line":129,"column":40}},"38":{"start":{"line":131,"column":31},"end":{"line":131,"column":53}},"39":{"start":{"line":132,"column":6},"end":{"line":132,"column":36}},"40":{"start":{"line":134,"column":6},"end":{"line":134,"column":100}},"41":{"start":{"line":136,"column":6},"end":{"line":136,"column":56}},"42":{"start":{"line":137,"column":6},"end":{"line":137,"column":65}},"43":{"start":{"line":115,"column":15},"end":{"line":115,"column":33}},"44":{"start":{"line":142,"column":28},"end":{"line":151,"column":4}},"45":{"start":{"line":142,"column":66},"end":{"line":151,"column":4}},"46":{"start":{"line":143,"column":4},"end":{"line":150,"column":5}},"47":{"start":{"line":144,"column":22},"end":{"line":144,"column":137}},"48":{"start":{"line":146,"column":6},"end":{"line":146,"column":36}},"49":{"start":{"line":148,"column":6},"end":{"line":148,"column":54}},"50":{"start":{"line":149,"column":6},"end":{"line":149,"column":65}},"51":{"start":{"line":142,"column":15},"end":{"line":142,"column":28}},"52":{"start":{"line":154,"column":35},"end":{"line":176,"column":6}},"53":{"start":{"line":154,"column":73},"end":{"line":176,"column":6}},"54":{"start":{"line":155,"column":6},"end":{"line":175,"column":7}},"55":{"start":{"line":156,"column":25},"end":{"line":156,"column":44}},"56":{"start":{"line":157,"column":23},"end":{"line":157,"column":54}},"57":{"start":{"line":159,"column":8},"end":{"line":161,"column":9}},"58":{"start":{"line":160,"column":10},"end":{"line":160,"column":71}},"59":{"start":{"line":163,"column":8},"end":{"line":172,"column":11}},"60":{"start":{"line":174,"column":8},"end":{"line":174,"column":65}},"61":{"start":{"line":154,"column":17},"end":{"line":154,"column":35}},"62":{"start":{"line":179,"column":33},"end":{"line":195,"column":4}},"63":{"start":{"line":179,"column":71},"end":{"line":195,"column":4}},"64":{"start":{"line":180,"column":4},"end":{"line":194,"column":5}},"65":{"start":{"line":181,"column":29},"end":{"line":181,"column":37}},"66":{"start":{"line":183,"column":6},"end":{"line":185,"column":7}},"67":{"start":{"line":184,"column":8},"end":{"line":184,"column":88}},"68":{"start":{"line":188,"column":32},"end":{"line":188,"column":65}},"69":{"start":{"line":190,"column":6},"end":{"line":190,"column":102}},"70":{"start":{"line":192,"column":6},"end":{"line":192,"column":65}},"71":{"start":{"line":193,"column":6},"end":{"line":193,"column":65}},"72":{"start":{"line":179,"column":15},"end":{"line":179,"column":33}},"73":{"start":{"line":198,"column":27},"end":{"line":225,"column":2}},"74":{"start":{"line":198,"column":65},"end":{"line":225,"column":2}},"75":{"start":{"line":199,"column":2},"end":{"line":224,"column":3}},"76":{"start":{"line":200,"column":25},"end":{"line":200,"column":35}},"77":{"start":{"line":201,"column":19},"end":{"line":201,"column":50}},"78":{"start":{"line":202,"column":4},"end":{"line":202,"column":78}},"79":{"start":{"line":202,"column":17},"end":{"line":202,"column":78}},"80":{"start":{"line":204,"column":21},"end":{"line":204,"column":23}},"81":{"start":{"line":205,"column":31},"end":{"line":205,"column":33}},"82":{"start":{"line":206,"column":30},"end":{"line":206,"column":32}},"83":{"start":{"line":208,"column":4},"end":{"line":218,"column":7}},"84":{"start":{"line":209,"column":6},"end":{"line":217,"column":7}},"85":{"start":{"line":210,"column":8},"end":{"line":210,"column":38}},"86":{"start":{"line":211,"column":13},"end":{"line":217,"column":7}},"87":{"start":{"line":212,"column":8},"end":{"line":212,"column":36}},"88":{"start":{"line":214,"column":26},"end":{"line":214,"column":81}},"89":{"start":{"line":215,"column":8},"end":{"line":215,"column":38}},"90":{"start":{"line":216,"column":8},"end":{"line":216,"column":37}},"91":{"start":{"line":220,"column":18},"end":{"line":220,"column":40}},"92":{"start":{"line":221,"column":4},"end":{"line":221,"column":20}},"93":{"start":{"line":223,"column":4},"end":{"line":223,"column":70}},"94":{"start":{"line":198,"column":13},"end":{"line":198,"column":27}},"95":{"start":{"line":228,"column":30},"end":{"line":245,"column":4}},"96":{"start":{"line":228,"column":68},"end":{"line":245,"column":4}},"97":{"start":{"line":229,"column":4},"end":{"line":244,"column":5}},"98":{"start":{"line":230,"column":27},"end":{"line":230,"column":37}},"99":{"start":{"line":231,"column":21},"end":{"line":234,"column":10}},"100":{"start":{"line":236,"column":6},"end":{"line":238,"column":7}},"101":{"start":{"line":237,"column":8},"end":{"line":237,"column":69}},"102":{"start":{"line":240,"column":6},"end":{"line":240,"column":71}},"103":{"start":{"line":242,"column":6},"end":{"line":242,"column":53}},"104":{"start":{"line":243,"column":6},"end":{"line":243,"column":65}},"105":{"start":{"line":228,"column":15},"end":{"line":228,"column":30}}},"fnMap":{"0":{"name":"(anonymous_8)","decl":{"start":{"line":59,"column":38},"end":{"line":59,"column":45}},"loc":{"start":{"line":59,"column":76},"end":{"line":88,"column":4}}},"1":{"name":"(anonymous_9)","decl":{"start":{"line":59,"column":76},"end":{"line":59,"column":null}},"loc":{"start":{"line":59,"column":76},"end":{"line":88,"column":3}}},"2":{"name":"(anonymous_10)","decl":{"start":{"line":91,"column":28},"end":{"line":91,"column":35}},"loc":{"start":{"line":91,"column":66},"end":{"line":112,"column":4}}},"3":{"name":"(anonymous_11)","decl":{"start":{"line":91,"column":66},"end":{"line":91,"column":null}},"loc":{"start":{"line":91,"column":66},"end":{"line":112,"column":3}}},"4":{"name":"(anonymous_12)","decl":{"start":{"line":115,"column":33},"end":{"line":115,"column":40}},"loc":{"start":{"line":115,"column":71},"end":{"line":139,"column":4}}},"5":{"name":"(anonymous_13)","decl":{"start":{"line":115,"column":71},"end":{"line":115,"column":null}},"loc":{"start":{"line":115,"column":71},"end":{"line":139,"column":3}}},"6":{"name":"(anonymous_14)","decl":{"start":{"line":142,"column":28},"end":{"line":142,"column":35}},"loc":{"start":{"line":142,"column":66},"end":{"line":151,"column":4}}},"7":{"name":"(anonymous_15)","decl":{"start":{"line":142,"column":66},"end":{"line":142,"column":null}},"loc":{"start":{"line":142,"column":66},"end":{"line":151,"column":3}}},"8":{"name":"(anonymous_16)","decl":{"start":{"line":154,"column":35},"end":{"line":154,"column":42}},"loc":{"start":{"line":154,"column":73},"end":{"line":176,"column":6}}},"9":{"name":"(anonymous_17)","decl":{"start":{"line":154,"column":73},"end":{"line":154,"column":null}},"loc":{"start":{"line":154,"column":73},"end":{"line":176,"column":5}}},"10":{"name":"(anonymous_18)","decl":{"start":{"line":179,"column":33},"end":{"line":179,"column":40}},"loc":{"start":{"line":179,"column":71},"end":{"line":195,"column":4}}},"11":{"name":"(anonymous_19)","decl":{"start":{"line":179,"column":71},"end":{"line":179,"column":null}},"loc":{"start":{"line":179,"column":71},"end":{"line":195,"column":3}}},"12":{"name":"(anonymous_20)","decl":{"start":{"line":198,"column":27},"end":{"line":198,"column":34}},"loc":{"start":{"line":198,"column":65},"end":{"line":225,"column":2}}},"13":{"name":"(anonymous_21)","decl":{"start":{"line":198,"column":65},"end":{"line":198,"column":null}},"loc":{"start":{"line":198,"column":65},"end":{"line":225,"column":1}}},"14":{"name":"(anonymous_22)","decl":{"start":{"line":208,"column":30},"end":{"line":208,"column":31}},"loc":{"start":{"line":208,"column":44},"end":{"line":218,"column":5}}},"15":{"name":"(anonymous_23)","decl":{"start":{"line":228,"column":30},"end":{"line":228,"column":37}},"loc":{"start":{"line":228,"column":68},"end":{"line":245,"column":4}}},"16":{"name":"(anonymous_24)","decl":{"start":{"line":228,"column":68},"end":{"line":228,"column":null}},"loc":{"start":{"line":228,"column":68},"end":{"line":245,"column":3}}}},"branchMap":{"0":{"loc":{"start":{"line":63,"column":6},"end":{"line":65,"column":7}},"type":"if","locations":[{"start":{"line":63,"column":6},"end":{"line":65,"column":7}}]},"1":{"loc":{"start":{"line":63,"column":10},"end":{"line":63,"column":50}},"type":"binary-expr","locations":[{"start":{"line":63,"column":10},"end":{"line":63,"column":15}},{"start":{"line":63,"column":19},"end":{"line":63,"column":30}},{"start":{"line":63,"column":34},"end":{"line":63,"column":50}}]},"2":{"loc":{"start":{"line":103,"column":6},"end":{"line":105,"column":7}},"type":"if","locations":[{"start":{"line":103,"column":6},"end":{"line":105,"column":7}}]},"3":{"loc":{"start":{"line":120,"column":6},"end":{"line":122,"column":7}},"type":"if","locations":[{"start":{"line":120,"column":6},"end":{"line":122,"column":7}}]},"4":{"loc":{"start":{"line":159,"column":8},"end":{"line":161,"column":9}},"type":"if","locations":[{"start":{"line":159,"column":8},"end":{"line":161,"column":9}}]},"5":{"loc":{"start":{"line":183,"column":6},"end":{"line":185,"column":7}},"type":"if","locations":[{"start":{"line":183,"column":6},"end":{"line":185,"column":7}}]},"6":{"loc":{"start":{"line":183,"column":10},"end":{"line":183,"column":48}},"type":"binary-expr","locations":[{"start":{"line":183,"column":10},"end":{"line":183,"column":21}},{"start":{"line":183,"column":25},"end":{"line":183,"column":48}}]},"7":{"loc":{"start":{"line":202,"column":4},"end":{"line":202,"column":78}},"type":"if","locations":[{"start":{"line":202,"column":4},"end":{"line":202,"column":78}}]},"8":{"loc":{"start":{"line":209,"column":6},"end":{"line":217,"column":7}},"type":"if","locations":[{"start":{"line":209,"column":6},"end":{"line":217,"column":7}},{"start":{"line":211,"column":13},"end":{"line":217,"column":7}}]},"9":{"loc":{"start":{"line":211,"column":13},"end":{"line":217,"column":7}},"type":"if","locations":[{"start":{"line":211,"column":13},"end":{"line":217,"column":7}},{"start":{"line":213,"column":13},"end":{"line":217,"column":7}}]},"10":{"loc":{"start":{"line":236,"column":6},"end":{"line":238,"column":7}},"type":"if","locations":[{"start":{"line":236,"column":6},"end":{"line":238,"column":7}}]}},"s":{"0":5,"1":5,"2":5,"3":1,"4":1,"5":1,"6":1,"7":1,"8":0,"9":0,"10":0,"11":0,"12":0,"13":0,"14":5,"15":5,"16":1,"17":1,"18":1,"19":1,"20":1,"21":0,"22":0,"23":0,"24":1,"25":1,"26":5,"27":5,"28":1,"29":1,"30":1,"31":1,"32":0,"33":0,"34":0,"35":0,"36":0,"37":0,"38":0,"39":0,"40":0,"41":1,"42":1,"43":5,"44":5,"45":1,"46":1,"47":1,"48":1,"49":0,"50":0,"51":5,"52":5,"53":0,"54":0,"55":0,"56":0,"57":0,"58":0,"59":0,"60":0,"61":5,"62":5,"63":1,"64":1,"65":1,"66":1,"67":0,"68":1,"69":1,"70":0,"71":0,"72":5,"73":5,"74":0,"75":0,"76":0,"77":0,"78":0,"79":0,"80":0,"81":0,"82":0,"83":0,"84":0,"85":0,"86":0,"87":0,"88":0,"89":0,"90":0,"91":0,"92":0,"93":0,"94":5,"95":5,"96":1,"97":1,"98":1,"99":1,"100":0,"101":0,"102":0,"103":1,"104":1,"105":5},"f":{"0":1,"1":1,"2":1,"3":1,"4":1,"5":1,"6":1,"7":1,"8":0,"9":0,"10":1,"11":1,"12":0,"13":0,"14":0,"15":1,"16":1},"b":{"0":[1],"1":[1,1,1],"2":[0],"3":[0],"4":[0],"5":[0],"6":[1,1],"7":[0],"8":[0,0],"9":[0,0],"10":[0]}}
,"C:\\Users\\sajal\\OneDrive\\Desktop\\marketing-campaigns-portal-development\\marketing-campaigns-portal-backend\\src\\controllers\\templateController.ts": {"path":"C:\\Users\\sajal\\OneDrive\\Desktop\\marketing-campaigns-portal-development\\marketing-campaigns-portal-backend\\src\\controllers\\templateController.ts","statementMap":{"0":{"start":{"line":83,"column":0},"end":{"line":83,"column":42}},"1":{"start":{"line":87,"column":30},"end":{"line":122,"column":2}},"2":{"start":{"line":87,"column":68},"end":{"line":122,"column":2}},"3":{"start":{"line":88,"column":2},"end":{"line":121,"column":3}},"4":{"start":{"line":89,"column":70},"end":{"line":89,"column":78}},"5":{"start":{"line":92,"column":29},"end":{"line":92,"column":61}},"6":{"start":{"line":93,"column":4},"end":{"line":95,"column":5}},"7":{"start":{"line":94,"column":6},"end":{"line":94,"column":79}},"8":{"start":{"line":98,"column":4},"end":{"line":100,"column":5}},"9":{"start":{"line":99,"column":6},"end":{"line":99,"column":87}},"10":{"start":{"line":102,"column":21},"end":{"line":114,"column":6}},"11":{"start":{"line":116,"column":4},"end":{"line":116,"column":26}},"12":{"start":{"line":117,"column":4},"end":{"line":117,"column":81}},"13":{"start":{"line":119,"column":4},"end":{"line":119,"column":53}},"14":{"start":{"line":120,"column":4},"end":{"line":120,"column":70}},"15":{"start":{"line":87,"column":13},"end":{"line":87,"column":30}},"16":{"start":{"line":126,"column":31},"end":{"line":198,"column":2}},"17":{"start":{"line":126,"column":69},"end":{"line":198,"column":2}},"18":{"start":{"line":127,"column":2},"end":{"line":197,"column":3}},"19":{"start":{"line":137,"column":8},"end":{"line":137,"column":17}},"20":{"start":{"line":139,"column":21},"end":{"line":139,"column":23}},"21":{"start":{"line":142,"column":4},"end":{"line":147,"column":5}},"22":{"start":{"line":143,"column":6},"end":{"line":146,"column":8}},"23":{"start":{"line":150,"column":4},"end":{"line":152,"column":5}},"24":{"start":{"line":151,"column":6},"end":{"line":151,"column":24}},"25":{"start":{"line":155,"column":4},"end":{"line":157,"column":5}},"26":{"start":{"line":156,"column":6},"end":{"line":156,"column":32}},"27":{"start":{"line":160,"column":4},"end":{"line":162,"column":5}},"28":{"start":{"line":161,"column":6},"end":{"line":161,"column":43}},"29":{"start":{"line":165,"column":23},"end":{"line":165,"column":56}},"30":{"start":{"line":166,"column":21},"end":{"line":166,"column":56}},"31":{"start":{"line":167,"column":17},"end":{"line":167,"column":44}},"32":{"start":{"line":170,"column":22},"end":{"line":170,"column":38}},"33":{"start":{"line":171,"column":22},"end":{"line":171,"column":47}},"34":{"start":{"line":173,"column":4},"end":{"line":173,"column":64}},"35":{"start":{"line":176,"column":22},"end":{"line":179,"column":22}},"36":{"start":{"line":182,"column":23},"end":{"line":182,"column":59}},"37":{"start":{"line":184,"column":4},"end":{"line":193,"column":7}},"38":{"start":{"line":195,"column":4},"end":{"line":195,"column":54}},"39":{"start":{"line":196,"column":4},"end":{"line":196,"column":63}},"40":{"start":{"line":126,"column":13},"end":{"line":126,"column":31}},"41":{"start":{"line":202,"column":31},"end":{"line":210,"column":2}},"42":{"start":{"line":202,"column":69},"end":{"line":210,"column":2}},"43":{"start":{"line":203,"column":2},"end":{"line":209,"column":3}},"44":{"start":{"line":204,"column":21},"end":{"line":204,"column":59}},"45":{"start":{"line":205,"column":4},"end":{"line":205,"column":82}},"46":{"start":{"line":205,"column":19},"end":{"line":205,"column":82}},"47":{"start":{"line":206,"column":4},"end":{"line":206,"column":23}},"48":{"start":{"line":208,"column":4},"end":{"line":208,"column":72}},"49":{"start":{"line":202,"column":13},"end":{"line":202,"column":31}},"50":{"start":{"line":214,"column":31},"end":{"line":233,"column":2}},"51":{"start":{"line":214,"column":69},"end":{"line":233,"column":2}},"52":{"start":{"line":215,"column":2},"end":{"line":232,"column":3}},"53":{"start":{"line":216,"column":23},"end":{"line":216,"column":36}},"54":{"start":{"line":217,"column":21},"end":{"line":217,"column":56}},"55":{"start":{"line":219,"column":4},"end":{"line":221,"column":5}},"56":{"start":{"line":220,"column":6},"end":{"line":220,"column":69}},"57":{"start":{"line":223,"column":4},"end":{"line":228,"column":7}},"58":{"start":{"line":230,"column":4},"end":{"line":230,"column":61}},"59":{"start":{"line":231,"column":4},"end":{"line":231,"column":63}},"60":{"start":{"line":214,"column":13},"end":{"line":214,"column":31}},"61":{"start":{"line":237,"column":35},"end":{"line":251,"column":2}},"62":{"start":{"line":237,"column":73},"end":{"line":251,"column":2}},"63":{"start":{"line":238,"column":2},"end":{"line":250,"column":3}},"64":{"start":{"line":239,"column":30},"end":{"line":239,"column":38}},"65":{"start":{"line":241,"column":6},"end":{"line":243,"column":7}},"66":{"start":{"line":242,"column":10},"end":{"line":242,"column":90}},"67":{"start":{"line":246,"column":6},"end":{"line":246,"column":57}},"68":{"start":{"line":248,"column":6},"end":{"line":248,"column":57}},"69":{"start":{"line":249,"column":6},"end":{"line":249,"column":63}},"70":{"start":{"line":237,"column":13},"end":{"line":237,"column":35}},"71":{"start":{"line":256,"column":30},"end":{"line":306,"column":2}},"72":{"start":{"line":256,"column":68},"end":{"line":306,"column":2}},"73":{"start":{"line":257,"column":2},"end":{"line":305,"column":3}},"74":{"start":{"line":258,"column":79},"end":{"line":258,"column":87}},"75":{"start":{"line":261,"column":21},"end":{"line":261,"column":59}},"76":{"start":{"line":262,"column":4},"end":{"line":262,"column":82}},"77":{"start":{"line":262,"column":19},"end":{"line":262,"column":82}},"78":{"start":{"line":265,"column":28},"end":{"line":275,"column":6}},"79":{"start":{"line":278,"column":4},"end":{"line":278,"column":42}},"80":{"start":{"line":279,"column":4},"end":{"line":279,"column":51}},"81":{"start":{"line":280,"column":4},"end":{"line":280,"column":51}},"82":{"start":{"line":281,"column":4},"end":{"line":281,"column":42}},"83":{"start":{"line":282,"column":4},"end":{"line":282,"column":54}},"84":{"start":{"line":283,"column":4},"end":{"line":283,"column":42}},"85":{"start":{"line":284,"column":4},"end":{"line":284,"column":48}},"86":{"start":{"line":285,"column":4},"end":{"line":285,"column":78}},"87":{"start":{"line":288,"column":4},"end":{"line":290,"column":5}},"88":{"start":{"line":289,"column":6},"end":{"line":289,"column":53}},"89":{"start":{"line":293,"column":4},"end":{"line":293,"column":39}},"90":{"start":{"line":295,"column":4},"end":{"line":295,"column":26}},"91":{"start":{"line":297,"column":4},"end":{"line":301,"column":7}},"92":{"start":{"line":303,"column":4},"end":{"line":303,"column":53}},"93":{"start":{"line":304,"column":4},"end":{"line":304,"column":72}},"94":{"start":{"line":256,"column":13},"end":{"line":256,"column":30}},"95":{"start":{"line":310,"column":33},"end":{"line":342,"column":2}},"96":{"start":{"line":310,"column":71},"end":{"line":342,"column":2}},"97":{"start":{"line":311,"column":2},"end":{"line":341,"column":3}},"98":{"start":{"line":312,"column":19},"end":{"line":312,"column":29}},"99":{"start":{"line":313,"column":29},"end":{"line":313,"column":56}},"100":{"start":{"line":315,"column":4},"end":{"line":317,"column":5}},"101":{"start":{"line":316,"column":6},"end":{"line":316,"column":69}},"102":{"start":{"line":320,"column":35},"end":{"line":320,"column":85}},"103":{"start":{"line":323,"column":4},"end":{"line":323,"column":38}},"104":{"start":{"line":324,"column":4},"end":{"line":324,"column":74}},"105":{"start":{"line":325,"column":4},"end":{"line":325,"column":50}},"106":{"start":{"line":326,"column":4},"end":{"line":326,"column":53}},"107":{"start":{"line":327,"column":4},"end":{"line":327,"column":39}},"108":{"start":{"line":330,"column":31},"end":{"line":330,"column":67}},"109":{"start":{"line":331,"column":4},"end":{"line":331,"column":36}},"110":{"start":{"line":333,"column":4},"end":{"line":336,"column":7}},"111":{"start":{"line":339,"column":4},"end":{"line":339,"column":56}},"112":{"start":{"line":340,"column":4},"end":{"line":340,"column":63}},"113":{"start":{"line":310,"column":13},"end":{"line":310,"column":33}},"114":{"start":{"line":345,"column":30},"end":{"line":363,"column":2}},"115":{"start":{"line":345,"column":68},"end":{"line":363,"column":2}},"116":{"start":{"line":346,"column":2},"end":{"line":362,"column":3}},"117":{"start":{"line":347,"column":21},"end":{"line":347,"column":59}},"118":{"start":{"line":349,"column":4},"end":{"line":351,"column":5}},"119":{"start":{"line":350,"column":6},"end":{"line":350,"column":69}},"120":{"start":{"line":354,"column":4},"end":{"line":354,"column":30}},"121":{"start":{"line":355,"column":4},"end":{"line":355,"column":36}},"122":{"start":{"line":356,"column":4},"end":{"line":356,"column":26}},"123":{"start":{"line":358,"column":4},"end":{"line":358,"column":69}},"124":{"start":{"line":360,"column":4},"end":{"line":360,"column":53}},"125":{"start":{"line":361,"column":4},"end":{"line":361,"column":72}},"126":{"start":{"line":345,"column":13},"end":{"line":345,"column":30}},"127":{"start":{"line":366,"column":41},"end":{"line":375,"column":2}},"128":{"start":{"line":366,"column":79},"end":{"line":375,"column":2}},"129":{"start":{"line":367,"column":2},"end":{"line":374,"column":3}},"130":{"start":{"line":368,"column":28},"end":{"line":368,"column":75}},"131":{"start":{"line":369,"column":4},"end":{"line":369,"column":89}},"132":{"start":{"line":369,"column":26},"end":{"line":369,"column":89}},"133":{"start":{"line":371,"column":4},"end":{"line":371,"column":58}},"134":{"start":{"line":373,"column":4},"end":{"line":373,"column":84}},"135":{"start":{"line":366,"column":13},"end":{"line":366,"column":41}},"136":{"start":{"line":379,"column":40},"end":{"line":390,"column":2}},"137":{"start":{"line":379,"column":78},"end":{"line":390,"column":2}},"138":{"start":{"line":380,"column":2},"end":{"line":389,"column":3}},"139":{"start":{"line":381,"column":22},"end":{"line":383,"column":15}},"140":{"start":{"line":385,"column":4},"end":{"line":385,"column":36}},"141":{"start":{"line":387,"column":4},"end":{"line":387,"column":68}},"142":{"start":{"line":388,"column":4},"end":{"line":388,"column":63}},"143":{"start":{"line":379,"column":13},"end":{"line":379,"column":40}},"144":{"start":{"line":394,"column":40},"end":{"line":404,"column":2}},"145":{"start":{"line":394,"column":78},"end":{"line":404,"column":2}},"146":{"start":{"line":395,"column":2},"end":{"line":403,"column":3}},"147":{"start":{"line":396,"column":22},"end":{"line":398,"column":16}},"148":{"start":{"line":399,"column":4},"end":{"line":399,"column":36}},"149":{"start":{"line":401,"column":4},"end":{"line":401,"column":68}},"150":{"start":{"line":402,"column":4},"end":{"line":402,"column":63}},"151":{"start":{"line":394,"column":13},"end":{"line":394,"column":40}},"152":{"start":{"line":407,"column":38},"end":{"line":432,"column":2}},"153":{"start":{"line":407,"column":76},"end":{"line":432,"column":2}},"154":{"start":{"line":408,"column":2},"end":{"line":431,"column":3}},"155":{"start":{"line":409,"column":27},"end":{"line":409,"column":37}},"156":{"start":{"line":412,"column":21},"end":{"line":412,"column":56}},"157":{"start":{"line":413,"column":4},"end":{"line":415,"column":5}},"158":{"start":{"line":414,"column":6},"end":{"line":414,"column":69}},"159":{"start":{"line":418,"column":28},"end":{"line":422,"column":6}},"160":{"start":{"line":424,"column":4},"end":{"line":427,"column":7}},"161":{"start":{"line":429,"column":4},"end":{"line":429,"column":60}},"162":{"start":{"line":430,"column":4},"end":{"line":430,"column":63}},"163":{"start":{"line":407,"column":13},"end":{"line":407,"column":38}}},"fnMap":{"0":{"name":"(anonymous_8)","decl":{"start":{"line":87,"column":30},"end":{"line":87,"column":37}},"loc":{"start":{"line":87,"column":68},"end":{"line":122,"column":2}}},"1":{"name":"(anonymous_9)","decl":{"start":{"line":87,"column":68},"end":{"line":87,"column":null}},"loc":{"start":{"line":87,"column":68},"end":{"line":122,"column":1}}},"2":{"name":"(anonymous_10)","decl":{"start":{"line":126,"column":31},"end":{"line":126,"column":38}},"loc":{"start":{"line":126,"column":69},"end":{"line":198,"column":2}}},"3":{"name":"(anonymous_11)","decl":{"start":{"line":126,"column":69},"end":{"line":126,"column":null}},"loc":{"start":{"line":126,"column":69},"end":{"line":198,"column":1}}},"4":{"name":"(anonymous_12)","decl":{"start":{"line":202,"column":31},"end":{"line":202,"column":38}},"loc":{"start":{"line":202,"column":69},"end":{"line":210,"column":2}}},"5":{"name":"(anonymous_13)","decl":{"start":{"line":202,"column":69},"end":{"line":202,"column":null}},"loc":{"start":{"line":202,"column":69},"end":{"line":210,"column":1}}},"6":{"name":"(anonymous_14)","decl":{"start":{"line":214,"column":31},"end":{"line":214,"column":38}},"loc":{"start":{"line":214,"column":69},"end":{"line":233,"column":2}}},"7":{"name":"(anonymous_15)","decl":{"start":{"line":214,"column":69},"end":{"line":214,"column":null}},"loc":{"start":{"line":214,"column":69},"end":{"line":233,"column":1}}},"8":{"name":"(anonymous_16)","decl":{"start":{"line":237,"column":35},"end":{"line":237,"column":42}},"loc":{"start":{"line":237,"column":73},"end":{"line":251,"column":2}}},"9":{"name":"(anonymous_17)","decl":{"start":{"line":237,"column":73},"end":{"line":237,"column":null}},"loc":{"start":{"line":237,"column":73},"end":{"line":251,"column":1}}},"10":{"name":"(anonymous_18)","decl":{"start":{"line":256,"column":30},"end":{"line":256,"column":37}},"loc":{"start":{"line":256,"column":68},"end":{"line":306,"column":2}}},"11":{"name":"(anonymous_19)","decl":{"start":{"line":256,"column":68},"end":{"line":256,"column":null}},"loc":{"start":{"line":256,"column":68},"end":{"line":306,"column":1}}},"12":{"name":"(anonymous_20)","decl":{"start":{"line":310,"column":33},"end":{"line":310,"column":40}},"loc":{"start":{"line":310,"column":71},"end":{"line":342,"column":2}}},"13":{"name":"(anonymous_21)","decl":{"start":{"line":310,"column":71},"end":{"line":310,"column":null}},"loc":{"start":{"line":310,"column":71},"end":{"line":342,"column":1}}},"14":{"name":"(anonymous_22)","decl":{"start":{"line":345,"column":30},"end":{"line":345,"column":37}},"loc":{"start":{"line":345,"column":68},"end":{"line":363,"column":2}}},"15":{"name":"(anonymous_23)","decl":{"start":{"line":345,"column":68},"end":{"line":345,"column":null}},"loc":{"start":{"line":345,"column":68},"end":{"line":363,"column":1}}},"16":{"name":"(anonymous_24)","decl":{"start":{"line":366,"column":41},"end":{"line":366,"column":48}},"loc":{"start":{"line":366,"column":79},"end":{"line":375,"column":2}}},"17":{"name":"(anonymous_25)","decl":{"start":{"line":366,"column":79},"end":{"line":366,"column":null}},"loc":{"start":{"line":366,"column":79},"end":{"line":375,"column":1}}},"18":{"name":"(anonymous_26)","decl":{"start":{"line":379,"column":40},"end":{"line":379,"column":47}},"loc":{"start":{"line":379,"column":78},"end":{"line":390,"column":2}}},"19":{"name":"(anonymous_27)","decl":{"start":{"line":379,"column":78},"end":{"line":379,"column":null}},"loc":{"start":{"line":379,"column":78},"end":{"line":390,"column":1}}},"20":{"name":"(anonymous_28)","decl":{"start":{"line":394,"column":40},"end":{"line":394,"column":47}},"loc":{"start":{"line":394,"column":78},"end":{"line":404,"column":2}}},"21":{"name":"(anonymous_29)","decl":{"start":{"line":394,"column":78},"end":{"line":394,"column":null}},"loc":{"start":{"line":394,"column":78},"end":{"line":404,"column":1}}},"22":{"name":"(anonymous_30)","decl":{"start":{"line":407,"column":38},"end":{"line":407,"column":45}},"loc":{"start":{"line":407,"column":76},"end":{"line":432,"column":2}}},"23":{"name":"(anonymous_31)","decl":{"start":{"line":407,"column":76},"end":{"line":407,"column":null}},"loc":{"start":{"line":407,"column":76},"end":{"line":432,"column":1}}}},"branchMap":{"0":{"loc":{"start":{"line":93,"column":4},"end":{"line":95,"column":5}},"type":"if","locations":[{"start":{"line":93,"column":4},"end":{"line":95,"column":5}}]},"1":{"loc":{"start":{"line":98,"column":4},"end":{"line":100,"column":5}},"type":"if","locations":[{"start":{"line":98,"column":4},"end":{"line":100,"column":5}}]},"2":{"loc":{"start":{"line":98,"column":8},"end":{"line":98,"column":58}},"type":"binary-expr","locations":[{"start":{"line":98,"column":8},"end":{"line":98,"column":13}},{"start":{"line":98,"column":17},"end":{"line":98,"column":22}},{"start":{"line":98,"column":26},"end":{"line":98,"column":35}},{"start":{"line":98,"column":39},"end":{"line":98,"column":46}},{"start":{"line":98,"column":50},"end":{"line":98,"column":58}}]},"3":{"loc":{"start":{"line":111,"column":16},"end":{"line":111,"column":33}},"type":"binary-expr","locations":[{"start":{"line":111,"column":16},"end":{"line":111,"column":24}},{"start":{"line":111,"column":28},"end":{"line":111,"column":33}}]},"4":{"loc":{"start":{"line":133,"column":6},"end":{"line":133,"column":29}},"type":"default-arg","locations":[{"start":{"line":133,"column":15},"end":{"line":133,"column":29}}]},"5":{"loc":{"start":{"line":134,"column":6},"end":{"line":134,"column":20}},"type":"default-arg","locations":[{"start":{"line":134,"column":14},"end":{"line":134,"column":20}}]},"6":{"loc":{"start":{"line":135,"column":6},"end":{"line":135,"column":16}},"type":"default-arg","locations":[{"start":{"line":135,"column":13},"end":{"line":135,"column":16}}]},"7":{"loc":{"start":{"line":136,"column":6},"end":{"line":136,"column":18}},"type":"default-arg","locations":[{"start":{"line":136,"column":14},"end":{"line":136,"column":18}}]},"8":{"loc":{"start":{"line":142,"column":4},"end":{"line":147,"column":5}},"type":"if","locations":[{"start":{"line":142,"column":4},"end":{"line":147,"column":5}}]},"9":{"loc":{"start":{"line":150,"column":4},"end":{"line":152,"column":5}},"type":"if","locations":[{"start":{"line":150,"column":4},"end":{"line":152,"column":5}}]},"10":{"loc":{"start":{"line":155,"column":4},"end":{"line":157,"column":5}},"type":"if","locations":[{"start":{"line":155,"column":4},"end":{"line":157,"column":5}}]},"11":{"loc":{"start":{"line":160,"column":4},"end":{"line":162,"column":5}},"type":"if","locations":[{"start":{"line":160,"column":4},"end":{"line":162,"column":5}}]},"12":{"loc":{"start":{"line":165,"column":23},"end":{"line":165,"column":56}},"type":"binary-expr","locations":[{"start":{"line":165,"column":23},"end":{"line":165,"column":51}},{"start":{"line":165,"column":55},"end":{"line":165,"column":56}}]},"13":{"loc":{"start":{"line":166,"column":21},"end":{"line":166,"column":56}},"type":"binary-expr","locations":[{"start":{"line":166,"column":21},"end":{"line":166,"column":50}},{"start":{"line":166,"column":54},"end":{"line":166,"column":56}}]},"14":{"loc":{"start":{"line":171,"column":22},"end":{"line":171,"column":47}},"type":"cond-expr","locations":[{"start":{"line":171,"column":41},"end":{"line":171,"column":43}},{"start":{"line":171,"column":46},"end":{"line":171,"column":47}}]},"15":{"loc":{"start":{"line":205,"column":4},"end":{"line":205,"column":82}},"type":"if","locations":[{"start":{"line":205,"column":4},"end":{"line":205,"column":82}}]},"16":{"loc":{"start":{"line":219,"column":4},"end":{"line":221,"column":5}},"type":"if","locations":[{"start":{"line":219,"column":4},"end":{"line":221,"column":5}}]},"17":{"loc":{"start":{"line":241,"column":6},"end":{"line":243,"column":7}},"type":"if","locations":[{"start":{"line":241,"column":6},"end":{"line":243,"column":7}}]},"18":{"loc":{"start":{"line":262,"column":4},"end":{"line":262,"column":82}},"type":"if","locations":[{"start":{"line":262,"column":4},"end":{"line":262,"column":82}}]},"19":{"loc":{"start":{"line":278,"column":20},"end":{"line":278,"column":41}},"type":"binary-expr","locations":[{"start":{"line":278,"column":20},"end":{"line":278,"column":24}},{"start":{"line":278,"column":28},"end":{"line":278,"column":41}}]},"20":{"loc":{"start":{"line":279,"column":23},"end":{"line":279,"column":50}},"type":"binary-expr","locations":[{"start":{"line":279,"column":23},"end":{"line":279,"column":30}},{"start":{"line":279,"column":34},"end":{"line":279,"column":50}}]},"21":{"loc":{"start":{"line":280,"column":23},"end":{"line":280,"column":50}},"type":"binary-expr","locations":[{"start":{"line":280,"column":23},"end":{"line":280,"column":30}},{"start":{"line":280,"column":34},"end":{"line":280,"column":50}}]},"22":{"loc":{"start":{"line":281,"column":20},"end":{"line":281,"column":41}},"type":"binary-expr","locations":[{"start":{"line":281,"column":20},"end":{"line":281,"column":24}},{"start":{"line":281,"column":28},"end":{"line":281,"column":41}}]},"23":{"loc":{"start":{"line":282,"column":24},"end":{"line":282,"column":53}},"type":"binary-expr","locations":[{"start":{"line":282,"column":24},"end":{"line":282,"column":32}},{"start":{"line":282,"column":36},"end":{"line":282,"column":53}}]},"24":{"loc":{"start":{"line":283,"column":20},"end":{"line":283,"column":41}},"type":"binary-expr","locations":[{"start":{"line":283,"column":20},"end":{"line":283,"column":24}},{"start":{"line":283,"column":28},"end":{"line":283,"column":41}}]},"25":{"loc":{"start":{"line":284,"column":22},"end":{"line":284,"column":47}},"type":"binary-expr","locations":[{"start":{"line":284,"column":22},"end":{"line":284,"column":28}},{"start":{"line":284,"column":32},"end":{"line":284,"column":47}}]},"26":{"loc":{"start":{"line":285,"column":24},"end":{"line":285,"column":77}},"type":"cond-expr","locations":[{"start":{"line":285,"column":49},"end":{"line":285,"column":57}},{"start":{"line":285,"column":60},"end":{"line":285,"column":77}}]},"27":{"loc":{"start":{"line":288,"column":4},"end":{"line":290,"column":5}},"type":"if","locations":[{"start":{"line":288,"column":4},"end":{"line":290,"column":5}}]},"28":{"loc":{"start":{"line":289,"column":26},"end":{"line":289,"column":47}},"type":"binary-expr","locations":[{"start":{"line":289,"column":26},"end":{"line":289,"column":42}},{"start":{"line":289,"column":46},"end":{"line":289,"column":47}}]},"29":{"loc":{"start":{"line":315,"column":4},"end":{"line":317,"column":5}},"type":"if","locations":[{"start":{"line":315,"column":4},"end":{"line":317,"column":5}}]},"30":{"loc":{"start":{"line":349,"column":4},"end":{"line":351,"column":5}},"type":"if","locations":[{"start":{"line":349,"column":4},"end":{"line":351,"column":5}}]},"31":{"loc":{"start":{"line":369,"column":4},"end":{"line":369,"column":89}},"type":"if","locations":[{"start":{"line":369,"column":4},"end":{"line":369,"column":89}}]},"32":{"loc":{"start":{"line":413,"column":4},"end":{"line":415,"column":5}},"type":"if","locations":[{"start":{"line":413,"column":4},"end":{"line":415,"column":5}}]},"33":{"loc":{"start":{"line":425,"column":27},"end":{"line":425,"column":75}},"type":"cond-expr","locations":[{"start":{"line":425,"column":55},"end":{"line":425,"column":63}},{"start":{"line":425,"column":66},"end":{"line":425,"column":75}}]},"34":{"loc":{"start":{"line":425,"column":27},"end":{"line":425,"column":52}},"type":"cond-expr","locations":[{"start":{"line":425,"column":42},"end":{"line":425,"column":44}},{"start":{"line":425,"column":27},"end":{"line":425,"column":52}}]},"35":{"loc":{"start":{"line":425,"column":27},"end":{"line":425,"column":44}},"type":"binary-expr","locations":[{"start":{"line":425,"column":27},"end":{"line":425,"column":44}},{"start":{"line":425,"column":27},"end":{"line":425,"column":44}}]}},"s":{"0":5,"1":5,"2":1,"3":1,"4":1,"5":1,"6":1,"7":0,"8":1,"9":1,"10":0,"11":0,"12":0,"13":0,"14":0,"15":5,"16":5,"17":1,"18":1,"19":1,"20":1,"21":1,"22":0,"23":1,"24":0,"25":1,"26":0,"27":1,"28":0,"29":1,"30":1,"31":1,"32":1,"33":1,"34":1,"35":1,"36":1,"37":1,"38":0,"39":0,"40":5,"41":5,"42":0,"43":0,"44":0,"45":0,"46":0,"47":0,"48":0,"49":5,"50":5,"51":0,"52":0,"53":0,"54":0,"55":0,"56":0,"57":0,"58":0,"59":0,"60":5,"61":5,"62":0,"63":0,"64":0,"65":0,"66":0,"67":0,"68":0,"69":0,"70":5,"71":5,"72":0,"73":0,"74":0,"75":0,"76":0,"77":0,"78":0,"79":0,"80":0,"81":0,"82":0,"83":0,"84":0,"85":0,"86":0,"87":0,"88":0,"89":0,"90":0,"91":0,"92":0,"93":0,"94":5,"95":5,"96":0,"97":0,"98":0,"99":0,"100":0,"101":0,"102":0,"103":0,"104":0,"105":0,"106":0,"107":0,"108":0,"109":0,"110":0,"111":0,"112":0,"113":5,"114":5,"115":0,"116":0,"117":0,"118":0,"119":0,"120":0,"121":0,"122":0,"123":0,"124":0,"125":0,"126":5,"127":5,"128":0,"129":0,"130":0,"131":0,"132":0,"133":0,"134":0,"135":5,"136":5,"137":1,"138":1,"139":1,"140":1,"141":0,"142":0,"143":5,"144":5,"145":1,"146":1,"147":1,"148":1,"149":0,"150":0,"151":5,"152":5,"153":0,"154":0,"155":0,"156":0,"157":0,"158":0,"159":0,"160":0,"161":0,"162":0,"163":5},"f":{"0":1,"1":1,"2":1,"3":1,"4":0,"5":0,"6":0,"7":0,"8":0,"9":0,"10":0,"11":0,"12":0,"13":0,"14":0,"15":0,"16":0,"17":0,"18":1,"19":1,"20":1,"21":1,"22":0,"23":0},"b":{"0":[0],"1":[1],"2":[1,1,1,1,1],"3":[0,0],"4":[1],"5":[1],"6":[1],"7":[1],"8":[0],"9":[0],"10":[0],"11":[0],"12":[1,0],"13":[1,0],"14":[1,0],"15":[0],"16":[0],"17":[0],"18":[0],"19":[0,0],"20":[0,0],"21":[0,0],"22":[0,0],"23":[0,0],"24":[0,0],"25":[0,0],"26":[0,0],"27":[0],"28":[0,0],"29":[0],"30":[0],"31":[0],"32":[0],"33":[0,0],"34":[0,0],"35":[0,0]}}
,"C:\\Users\\sajal\\OneDrive\\Desktop\\marketing-campaigns-portal-development\\marketing-campaigns-portal-backend\\src\\middleware\\authMiddleware.ts": {"path":"C:\\Users\\sajal\\OneDrive\\Desktop\\marketing-campaigns-portal-development\\marketing-campaigns-portal-backend\\src\\middleware\\authMiddleware.ts","statementMap":{"0":{"start":{"line":2,"column":0},"end":{"line":2,"column":31}},"1":{"start":{"line":3,"column":0},"end":{"line":3,"column":28}},"2":{"start":{"line":5,"column":0},"end":{"line":5,"column":16}},"3":{"start":{"line":7,"column":33},"end":{"line":18,"column":1}},"4":{"start":{"line":8,"column":21},"end":{"line":8,"column":49}},"5":{"start":{"line":9,"column":16},"end":{"line":9,"column":54}},"6":{"start":{"line":11,"column":2},"end":{"line":11,"column":41}},"7":{"start":{"line":11,"column":14},"end":{"line":11,"column":41}},"8":{"start":{"line":13,"column":2},"end":{"line":17,"column":5}},"9":{"start":{"line":14,"column":4},"end":{"line":14,"column":40}},"10":{"start":{"line":14,"column":13},"end":{"line":14,"column":40}},"11":{"start":{"line":15,"column":5},"end":{"line":15,"column":29}},"12":{"start":{"line":16,"column":4},"end":{"line":16,"column":11}},"13":{"start":{"line":7,"column":13},"end":{"line":7,"column":33}}},"fnMap":{"0":{"name":"(anonymous_1)","decl":{"start":{"line":7,"column":33},"end":{"line":7,"column":34}},"loc":{"start":{"line":7,"column":85},"end":{"line":18,"column":1}}},"1":{"name":"(anonymous_2)","decl":{"start":{"line":13,"column":54},"end":{"line":13,"column":55}},"loc":{"start":{"line":13,"column":68},"end":{"line":17,"column":3}}}},"branchMap":{"0":{"loc":{"start":{"line":9,"column":16},"end":{"line":9,"column":54}},"type":"binary-expr","locations":[{"start":{"line":9,"column":16},"end":{"line":9,"column":26}},{"start":{"line":9,"column":30},"end":{"line":9,"column":54}}]},"1":{"loc":{"start":{"line":11,"column":2},"end":{"line":11,"column":41}},"type":"if","locations":[{"start":{"line":11,"column":2},"end":{"line":11,"column":41}}]},"2":{"loc":{"start":{"line":14,"column":4},"end":{"line":14,"column":40}},"type":"if","locations":[{"start":{"line":14,"column":4},"end":{"line":14,"column":40}}]}},"s":{"0":5,"1":5,"2":5,"3":5,"4":0,"5":0,"6":0,"7":0,"8":0,"9":0,"10":0,"11":0,"12":0,"13":5},"f":{"0":0,"1":0},"b":{"0":[0,0],"1":[0],"2":[0]}}
,"C:\\Users\\sajal\\OneDrive\\Desktop\\marketing-campaigns-portal-development\\marketing-campaigns-portal-backend\\src\\middleware\\errorHandler.ts": {"path":"C:\\Users\\sajal\\OneDrive\\Desktop\\marketing-campaigns-portal-development\\marketing-campaigns-portal-backend\\src\\middleware\\errorHandler.ts","statementMap":{"0":{"start":{"line":2,"column":0},"end":{"line":2,"column":37}},"1":{"start":{"line":4,"column":28},"end":{"line":13,"column":1}},"2":{"start":{"line":5,"column":2},"end":{"line":5,"column":60}},"3":{"start":{"line":7,"column":21},"end":{"line":7,"column":42}},"4":{"start":{"line":8,"column":2},"end":{"line":12,"column":5}},"5":{"start":{"line":4,"column":13},"end":{"line":4,"column":28}}},"fnMap":{"0":{"name":"(anonymous_1)","decl":{"start":{"line":4,"column":28},"end":{"line":4,"column":29}},"loc":{"start":{"line":4,"column":90},"end":{"line":13,"column":1}}}},"branchMap":{"0":{"loc":{"start":{"line":7,"column":21},"end":{"line":7,"column":42}},"type":"binary-expr","locations":[{"start":{"line":7,"column":21},"end":{"line":7,"column":35}},{"start":{"line":7,"column":39},"end":{"line":7,"column":42}}]},"1":{"loc":{"start":{"line":10,"column":13},"end":{"line":10,"column":51}},"type":"binary-expr","locations":[{"start":{"line":10,"column":13},"end":{"line":10,"column":24}},{"start":{"line":10,"column":28},"end":{"line":10,"column":51}}]},"2":{"loc":{"start":{"line":11,"column":11},"end":{"line":11,"column":67}},"type":"cond-expr","locations":[{"start":{"line":11,"column":51},"end":{"line":11,"column":55}},{"start":{"line":11,"column":58},"end":{"line":11,"column":67}}]}},"s":{"0":5,"1":5,"2":0,"3":0,"4":0,"5":5},"f":{"0":0},"b":{"0":[0,0],"1":[0,0],"2":[0,0]}}
,"C:\\Users\\sajal\\OneDrive\\Desktop\\marketing-campaigns-portal-development\\marketing-campaigns-portal-backend\\src\\models\\ActivityLog.ts": {"path":"C:\\Users\\sajal\\OneDrive\\Desktop\\marketing-campaigns-portal-development\\marketing-campaigns-portal-backend\\src\\models\\ActivityLog.ts","statementMap":{"0":{"start":{"line":14,"column":0},"end":{"line":14,"column":32}},"1":{"start":{"line":16,"column":26},"end":{"line":21,"column":2}},"2":{"start":{"line":23,"column":20},"end":{"line":23,"column":68}},"3":{"start":{"line":24,"column":0},"end":{"line":24,"column":27}}},"fnMap":{},"branchMap":{},"s":{"0":5,"1":5,"2":5,"3":5},"f":{},"b":{}}
,"C:\\Users\\sajal\\OneDrive\\Desktop\\marketing-campaigns-portal-development\\marketing-campaigns-portal-backend\\src\\models\\Campaign.ts": {"path":"C:\\Users\\sajal\\OneDrive\\Desktop\\marketing-campaigns-portal-development\\marketing-campaigns-portal-backend\\src\\models\\Campaign.ts","statementMap":{"0":{"start":{"line":43,"column":0},"end":{"line":43,"column":54}},"1":{"start":{"line":64,"column":31},"end":{"line":81,"column":2}},"2":{"start":{"line":83,"column":17},"end":{"line":83,"column":70}},"3":{"start":{"line":84,"column":0},"end":{"line":84,"column":24}}},"fnMap":{},"branchMap":{},"s":{"0":5,"1":5,"2":5,"3":5},"f":{},"b":{}}
,"C:\\Users\\sajal\\OneDrive\\Desktop\\marketing-campaigns-portal-development\\marketing-campaigns-portal-backend\\src\\models\\CampaignPerformance.ts": {"path":"C:\\Users\\sajal\\OneDrive\\Desktop\\marketing-campaigns-portal-development\\marketing-campaigns-portal-backend\\src\\models\\CampaignPerformance.ts","statementMap":{"0":{"start":{"line":1,"column":0},"end":{"line":1,"column":32}},"1":{"start":{"line":3,"column":34},"end":{"line":10,"column":2}},"2":{"start":{"line":12,"column":28},"end":{"line":12,"column":92}},"3":{"start":{"line":13,"column":0},"end":{"line":13,"column":35}}},"fnMap":{},"branchMap":{},"s":{"0":5,"1":5,"2":5,"3":5},"f":{},"b":{}}
,"C:\\Users\\sajal\\OneDrive\\Desktop\\marketing-campaigns-portal-development\\marketing-campaigns-portal-backend\\src\\models\\EmailLog.ts": {"path":"C:\\Users\\sajal\\OneDrive\\Desktop\\marketing-campaigns-portal-development\\marketing-campaigns-portal-backend\\src\\models\\EmailLog.ts","statementMap":{"0":{"start":{"line":1,"column":0},"end":{"line":1,"column":32}},"1":{"start":{"line":3,"column":23},"end":{"line":12,"column":24}},"2":{"start":{"line":14,"column":0},"end":{"line":14,"column":58}}},"fnMap":{},"branchMap":{},"s":{"0":5,"1":5,"2":5},"f":{},"b":{}}
,"C:\\Users\\sajal\\OneDrive\\Desktop\\marketing-campaigns-portal-development\\marketing-campaigns-portal-backend\\src\\models\\Filter.ts": {"path":"C:\\Users\\sajal\\OneDrive\\Desktop\\marketing-campaigns-portal-development\\marketing-campaigns-portal-backend\\src\\models\\Filter.ts","statementMap":{"0":{"start":{"line":12,"column":0},"end":{"line":12,"column":32}},"1":{"start":{"line":14,"column":24},"end":{"line":19,"column":2}},"2":{"start":{"line":21,"column":21},"end":{"line":34,"column":2}},"3":{"start":{"line":36,"column":15},"end":{"line":36,"column":53}},"4":{"start":{"line":37,"column":0},"end":{"line":37,"column":22}}},"fnMap":{},"branchMap":{},"s":{"0":5,"1":5,"2":5,"3":5,"4":5},"f":{},"b":{}}
,"C:\\Users\\sajal\\OneDrive\\Desktop\\marketing-campaigns-portal-development\\marketing-campaigns-portal-backend\\src\\models\\Template.ts": {"path":"C:\\Users\\sajal\\OneDrive\\Desktop\\marketing-campaigns-portal-development\\marketing-campaigns-portal-backend\\src\\models\\Template.ts","statementMap":{"0":{"start":{"line":18,"column":0},"end":{"line":18,"column":32}},"1":{"start":{"line":20,"column":23},"end":{"line":38,"column":2}},"2":{"start":{"line":40,"column":17},"end":{"line":40,"column":59}},"3":{"start":{"line":41,"column":0},"end":{"line":41,"column":24}}},"fnMap":{},"branchMap":{},"s":{"0":5,"1":5,"2":5,"3":5},"f":{},"b":{}}
,"C:\\Users\\sajal\\OneDrive\\Desktop\\marketing-campaigns-portal-development\\marketing-campaigns-portal-backend\\src\\models\\User.ts": {"path":"C:\\Users\\sajal\\OneDrive\\Desktop\\marketing-campaigns-portal-development\\marketing-campaigns-portal-backend\\src\\models\\User.ts","statementMap":{"0":{"start":{"line":1,"column":0},"end":{"line":1,"column":32}},"1":{"start":{"line":2,"column":0},"end":{"line":2,"column":30}},"2":{"start":{"line":4,"column":19},"end":{"line":8,"column":2}},"3":{"start":{"line":10,"column":0},"end":{"line":14,"column":3}},"4":{"start":{"line":11,"column":2},"end":{"line":11,"column":50}},"5":{"start":{"line":11,"column":36},"end":{"line":11,"column":50}},"6":{"start":{"line":12,"column":2},"end":{"line":12,"column":55}},"7":{"start":{"line":13,"column":2},"end":{"line":13,"column":9}},"8":{"start":{"line":16,"column":13},"end":{"line":16,"column":47}},"9":{"start":{"line":17,"column":0},"end":{"line":17,"column":20}}},"fnMap":{"0":{"name":"(anonymous_8)","decl":{"start":{"line":10,"column":23},"end":{"line":10,"column":39}},"loc":{"start":{"line":10,"column":43},"end":{"line":14,"column":2}}}},"branchMap":{"0":{"loc":{"start":{"line":11,"column":2},"end":{"line":11,"column":50}},"type":"if","locations":[{"start":{"line":11,"column":2},"end":{"line":11,"column":50}}]}},"s":{"0":5,"1":5,"2":5,"3":5,"4":0,"5":0,"6":0,"7":0,"8":5,"9":5},"f":{"0":0},"b":{"0":[0]}}
,"C:\\Users\\sajal\\OneDrive\\Desktop\\marketing-campaigns-portal-development\\marketing-campaigns-portal-backend\\src\\routes\\activityRoutes.ts": {"path":"C:\\Users\\sajal\\OneDrive\\Desktop\\marketing-campaigns-portal-development\\marketing-campaigns-portal-backend\\src\\routes\\activityRoutes.ts","statementMap":{"0":{"start":{"line":1,"column":0},"end":{"line":1,"column":30}},"1":{"start":{"line":2,"column":0},"end":{"line":2,"column":68}},"2":{"start":{"line":3,"column":0},"end":{"line":3,"column":65}},"3":{"start":{"line":5,"column":15},"end":{"line":5,"column":31}},"4":{"start":{"line":7,"column":0},"end":{"line":7,"column":52}},"5":{"start":{"line":9,"column":0},"end":{"line":9,"column":22}}},"fnMap":{},"branchMap":{},"s":{"0":5,"1":5,"2":5,"3":5,"4":5,"5":5},"f":{},"b":{}}
,"C:\\Users\\sajal\\OneDrive\\Desktop\\marketing-campaigns-portal-development\\marketing-campaigns-portal-backend\\src\\routes\\analyticsRoutes.ts": {"path":"C:\\Users\\sajal\\OneDrive\\Desktop\\marketing-campaigns-portal-development\\marketing-campaigns-portal-backend\\src\\routes\\analyticsRoutes.ts","statementMap":{"0":{"start":{"line":1,"column":0},"end":{"line":1,"column":30}},"1":{"start":{"line":2,"column":0},"end":{"line":2,"column":114}},"2":{"start":{"line":3,"column":0},"end":{"line":3,"column":65}},"3":{"start":{"line":5,"column":15},"end":{"line":5,"column":31}},"4":{"start":{"line":7,"column":0},"end":{"line":7,"column":59}},"5":{"start":{"line":8,"column":0},"end":{"line":8,"column":82}},"6":{"start":{"line":9,"column":0},"end":{"line":9,"column":61}},"7":{"start":{"line":11,"column":0},"end":{"line":11,"column":22}}},"fnMap":{},"branchMap":{},"s":{"0":5,"1":5,"2":5,"3":5,"4":5,"5":5,"6":5,"7":5},"f":{},"b":{}}
,"C:\\Users\\sajal\\OneDrive\\Desktop\\marketing-campaigns-portal-development\\marketing-campaigns-portal-backend\\src\\routes\\authRoutes.ts": {"path":"C:\\Users\\sajal\\OneDrive\\Desktop\\marketing-campaigns-portal-development\\marketing-campaigns-portal-backend\\src\\routes\\authRoutes.ts","statementMap":{"0":{"start":{"line":1,"column":0},"end":{"line":1,"column":30}},"1":{"start":{"line":2,"column":0},"end":{"line":2,"column":55}},"2":{"start":{"line":4,"column":15},"end":{"line":4,"column":31}},"3":{"start":{"line":6,"column":0},"end":{"line":6,"column":35}},"4":{"start":{"line":8,"column":0},"end":{"line":8,"column":22}}},"fnMap":{},"branchMap":{},"s":{"0":5,"1":5,"2":5,"3":5,"4":5},"f":{},"b":{}}
,"C:\\Users\\sajal\\OneDrive\\Desktop\\marketing-campaigns-portal-development\\marketing-campaigns-portal-backend\\src\\routes\\campaignRoutes.ts": {"path":"C:\\Users\\sajal\\OneDrive\\Desktop\\marketing-campaigns-portal-development\\marketing-campaigns-portal-backend\\src\\routes\\campaignRoutes.ts","statementMap":{"0":{"start":{"line":16,"column":0},"end":{"line":16,"column":30}},"1":{"start":{"line":17,"column":0},"end":{"line":17,"column":194}},"2":{"start":{"line":20,"column":15},"end":{"line":20,"column":31}},"3":{"start":{"line":23,"column":0},"end":{"line":23,"column":64}},"4":{"start":{"line":24,"column":0},"end":{"line":24,"column":54}},"5":{"start":{"line":25,"column":0},"end":{"line":25,"column":73}},"6":{"start":{"line":26,"column":0},"end":{"line":26,"column":70}},"7":{"start":{"line":27,"column":0},"end":{"line":27,"column":69}},"8":{"start":{"line":28,"column":0},"end":{"line":28,"column":67}},"9":{"start":{"line":29,"column":0},"end":{"line":29,"column":85}},"10":{"start":{"line":30,"column":0},"end":{"line":30,"column":80}},"11":{"start":{"line":32,"column":0},"end":{"line":32,"column":22}}},"fnMap":{},"branchMap":{},"s":{"0":5,"1":5,"2":5,"3":5,"4":5,"5":5,"6":5,"7":5,"8":5,"9":5,"10":5,"11":5},"f":{},"b":{}}
,"C:\\Users\\sajal\\OneDrive\\Desktop\\marketing-campaigns-portal-development\\marketing-campaigns-portal-backend\\src\\routes\\dashboardRoutes.ts": {"path":"C:\\Users\\sajal\\OneDrive\\Desktop\\marketing-campaigns-portal-development\\marketing-campaigns-portal-backend\\src\\routes\\dashboardRoutes.ts","statementMap":{"0":{"start":{"line":1,"column":0},"end":{"line":1,"column":30}},"1":{"start":{"line":2,"column":0},"end":{"line":2,"column":71}},"2":{"start":{"line":5,"column":15},"end":{"line":5,"column":31}},"3":{"start":{"line":7,"column":0},"end":{"line":7,"column":58}},"4":{"start":{"line":9,"column":0},"end":{"line":9,"column":22}}},"fnMap":{},"branchMap":{},"s":{"0":5,"1":5,"2":5,"3":5,"4":5},"f":{},"b":{}}
,"C:\\Users\\sajal\\OneDrive\\Desktop\\marketing-campaigns-portal-development\\marketing-campaigns-portal-backend\\src\\routes\\emailRoutes.ts": {"path":"C:\\Users\\sajal\\OneDrive\\Desktop\\marketing-campaigns-portal-development\\marketing-campaigns-portal-backend\\src\\routes\\emailRoutes.ts","statementMap":{"0":{"start":{"line":1,"column":0},"end":{"line":1,"column":30}},"1":{"start":{"line":2,"column":0},"end":{"line":2,"column":71}},"2":{"start":{"line":4,"column":15},"end":{"line":4,"column":31}},"3":{"start":{"line":7,"column":0},"end":{"line":7,"column":46}},"4":{"start":{"line":9,"column":0},"end":{"line":9,"column":22}}},"fnMap":{},"branchMap":{},"s":{"0":5,"1":5,"2":5,"3":5,"4":5},"f":{},"b":{}}
,"C:\\Users\\sajal\\OneDrive\\Desktop\\marketing-campaigns-portal-development\\marketing-campaigns-portal-backend\\src\\routes\\filterRoutes.ts": {"path":"C:\\Users\\sajal\\OneDrive\\Desktop\\marketing-campaigns-portal-development\\marketing-campaigns-portal-backend\\src\\routes\\filterRoutes.ts","statementMap":{"0":{"start":{"line":13,"column":0},"end":{"line":13,"column":30}},"1":{"start":{"line":14,"column":0},"end":{"line":14,"column":172}},"2":{"start":{"line":17,"column":15},"end":{"line":17,"column":31}},"3":{"start":{"line":19,"column":0},"end":{"line":19,"column":62}},"4":{"start":{"line":20,"column":0},"end":{"line":20,"column":60}},"5":{"start":{"line":21,"column":0},"end":{"line":21,"column":76}},"6":{"start":{"line":22,"column":0},"end":{"line":22,"column":51}},"7":{"start":{"line":23,"column":0},"end":{"line":23,"column":65}},"8":{"start":{"line":24,"column":0},"end":{"line":24,"column":67}},"9":{"start":{"line":25,"column":0},"end":{"line":25,"column":64}},"10":{"start":{"line":26,"column":0},"end":{"line":26,"column":65}},"11":{"start":{"line":28,"column":0},"end":{"line":28,"column":22}}},"fnMap":{},"branchMap":{},"s":{"0":5,"1":5,"2":5,"3":5,"4":5,"5":5,"6":5,"7":5,"8":5,"9":5,"10":5,"11":5},"f":{},"b":{}}
,"C:\\Users\\sajal\\OneDrive\\Desktop\\marketing-campaigns-portal-development\\marketing-campaigns-portal-backend\\src\\routes\\templateRoutes.ts": {"path":"C:\\Users\\sajal\\OneDrive\\Desktop\\marketing-campaigns-portal-development\\marketing-campaigns-portal-backend\\src\\routes\\templateRoutes.ts","statementMap":{"0":{"start":{"line":22,"column":0},"end":{"line":22,"column":30}},"1":{"start":{"line":23,"column":0},"end":{"line":23,"column":291}},"2":{"start":{"line":26,"column":15},"end":{"line":26,"column":31}},"3":{"start":{"line":28,"column":0},"end":{"line":28,"column":56}},"4":{"start":{"line":29,"column":0},"end":{"line":29,"column":56}},"5":{"start":{"line":30,"column":0},"end":{"line":30,"column":58}},"6":{"start":{"line":31,"column":0},"end":{"line":31,"column":71}},"7":{"start":{"line":32,"column":0},"end":{"line":32,"column":69}},"8":{"start":{"line":33,"column":0},"end":{"line":33,"column":59}},"9":{"start":{"line":34,"column":0},"end":{"line":34,"column":67}},"10":{"start":{"line":35,"column":0},"end":{"line":35,"column":68}},"11":{"start":{"line":36,"column":0},"end":{"line":36,"column":72}},"12":{"start":{"line":37,"column":0},"end":{"line":37,"column":61}},"13":{"start":{"line":38,"column":0},"end":{"line":38,"column":72}},"14":{"start":{"line":39,"column":0},"end":{"line":39,"column":83}},"15":{"start":{"line":41,"column":0},"end":{"line":41,"column":22}}},"fnMap":{},"branchMap":{},"s":{"0":5,"1":5,"2":5,"3":5,"4":5,"5":5,"6":5,"7":5,"8":5,"9":5,"10":5,"11":5,"12":5,"13":5,"14":5,"15":5},"f":{},"b":{}}
,"C:\\Users\\sajal\\OneDrive\\Desktop\\marketing-campaigns-portal-development\\marketing-campaigns-portal-backend\\src\\utils\\logger.ts": {"path":"C:\\Users\\sajal\\OneDrive\\Desktop\\marketing-campaigns-portal-development\\marketing-campaigns-portal-backend\\src\\utils\\logger.ts","statementMap":{"0":{"start":{"line":1,"column":0},"end":{"line":1,"column":30}},"1":{"start":{"line":3,"column":15},"end":{"line":14,"column":2}},"2":{"start":{"line":16,"column":0},"end":{"line":16,"column":22}}},"fnMap":{},"branchMap":{},"s":{"0":5,"1":5,"2":5},"f":{},"b":{}}
}
