TN:
SF:src\app.ts
FN:32,(anonymous_1)
FNF:1
FNH:1
FNDA:29,(anonymous_1)
DA:1,5
DA:2,5
DA:3,5
DA:4,5
DA:6,5
DA:7,5
DA:8,5
DA:9,5
DA:10,5
DA:11,5
DA:12,5
DA:13,5
DA:14,5
DA:15,5
DA:16,5
DA:18,5
DA:20,5
DA:22,5
DA:24,5
DA:26,5
DA:27,5
DA:28,5
DA:29,5
DA:32,29
DA:34,5
DA:36,5
DA:37,5
DA:38,5
DA:39,5
DA:40,5
DA:41,5
DA:42,5
DA:43,5
DA:45,5
DA:47,5
LF:35
LH:35
BRF:0
BRH:0
end_of_record
TN:
SF:src\config\db.ts
FN:6,(anonymous_8)
FN:6,(anonymous_9)
FNF:2
FNH:2
FNDA:5,(anonymous_8)
FNDA:5,(anonymous_9)
DA:1,5
DA:2,5
DA:4,5
DA:6,5
DA:7,5
DA:8,5
DA:9,5
DA:11,0
DA:12,0
DA:16,5
LF:10
LH:8
BRF:0
BRH:0
end_of_record
TN:
SF:src\controllers\activityController.ts
FN:4,(anonymous_8)
FN:4,(anonymous_9)
FNF:2
FNH:0
FNDA:0,(anonymous_8)
FNDA:0,(anonymous_9)
DA:2,5
DA:4,5
DA:5,0
DA:6,0
DA:7,0
DA:9,0
LF:6
LH:2
BRF:0
BRH:0
end_of_record
TN:
SF:src\controllers\analyticsController.ts
FN:6,(anonymous_8)
FN:6,(anonymous_9)
FN:26,(anonymous_10)
FN:26,(anonymous_11)
FN:39,(anonymous_12)
FN:39,(anonymous_13)
FNF:6
FNH:0
FNDA:0,(anonymous_8)
FNDA:0,(anonymous_9)
FNDA:0,(anonymous_10)
FNDA:0,(anonymous_11)
FNDA:0,(anonymous_12)
FNDA:0,(anonymous_13)
DA:2,5
DA:6,5
DA:7,0
DA:8,0
DA:10,0
DA:18,0
DA:19,0
DA:21,0
DA:26,5
DA:27,0
DA:28,0
DA:29,0
DA:31,0
DA:32,0
DA:34,0
DA:39,5
DA:40,0
DA:41,0
DA:43,0
DA:44,0
DA:52,0
DA:58,0
DA:60,0
LF:23
LH:4
BRDA:31,0,0,0
BRF:1
BRH:0
end_of_record
TN:
SF:src\controllers\authController.ts
FN:9,(anonymous_8)
FN:9,(anonymous_9)
FNF:2
FNH:2
FNDA:8,(anonymous_8)
FNDA:8,(anonymous_9)
DA:1,5
DA:3,5
DA:4,5
DA:5,5
DA:7,5
DA:9,8
DA:10,8
DA:12,8
DA:14,8
DA:21,0
DA:22,0
DA:23,0
DA:27,0
DA:28,0
DA:29,0
DA:30,0
DA:32,0
DA:33,0
DA:37,0
DA:39,0
DA:46,8
DA:47,8
DA:48,8
DA:53,0
LF:24
LH:12
BRDA:22,0,0,0
BRDA:28,1,0,0
BRDA:28,1,1,0
BRDA:46,2,0,8
BRDA:46,2,1,0
BRDA:50,3,0,8
BRDA:50,3,1,8
BRDA:50,4,0,8
BRDA:50,4,1,0
BRDA:50,5,0,8
BRDA:50,5,1,8
BRF:11
BRH:6
end_of_record
TN:
SF:src\controllers\campaignController.ts
FN:75,(anonymous_8)
FN:75,(anonymous_9)
FN:98,(anonymous_10)
FN:104,(anonymous_11)
FN:153,(anonymous_12)
FN:153,(anonymous_13)
FN:179,(anonymous_14)
FN:179,(anonymous_15)
FN:202,(anonymous_16)
FN:202,(anonymous_17)
FN:224,(anonymous_18)
FN:224,(anonymous_19)
FN:247,(anonymous_20)
FN:247,(anonymous_21)
FN:290,(anonymous_22)
FN:290,(anonymous_23)
FN:312,(anonymous_24)
FN:312,(anonymous_25)
FNF:18
FNH:14
FNDA:2,(anonymous_8)
FNDA:2,(anonymous_9)
FNDA:0,(anonymous_10)
FNDA:0,(anonymous_11)
FNDA:1,(anonymous_12)
FNDA:1,(anonymous_13)
FNDA:1,(anonymous_14)
FNDA:1,(anonymous_15)
FNDA:0,(anonymous_16)
FNDA:0,(anonymous_17)
FNDA:1,(anonymous_18)
FNDA:1,(anonymous_19)
FNDA:1,(anonymous_20)
FNDA:1,(anonymous_21)
FNDA:1,(anonymous_22)
FNDA:1,(anonymous_23)
FNDA:1,(anonymous_24)
FNDA:1,(anonymous_25)
DA:73,5
DA:75,5
DA:76,2
DA:87,2
DA:89,2
DA:92,2
DA:93,0
DA:97,2
DA:98,0
DA:99,0
DA:103,2
DA:104,0
DA:108,2
DA:109,0
DA:116,2
DA:117,2
DA:118,2
DA:121,2
DA:122,2
DA:124,2
DA:127,2
DA:133,2
DA:135,2
DA:146,0
DA:147,0
DA:153,5
DA:154,1
DA:155,1
DA:157,1
DA:158,1
DA:161,0
DA:170,0
DA:171,0
DA:173,0
DA:174,0
DA:179,5
DA:180,1
DA:181,1
DA:182,1
DA:184,1
DA:190,0
DA:191,0
DA:194,0
DA:196,1
DA:197,1
DA:202,5
DA:203,0
DA:204,0
DA:207,0
DA:209,0
DA:210,0
DA:213,0
DA:218,0
DA:219,0
DA:224,5
DA:225,1
DA:226,1
DA:228,1
DA:229,0
DA:230,0
DA:234,0
DA:235,0
DA:237,0
DA:239,0
DA:241,1
DA:242,1
DA:247,5
DA:248,1
DA:249,1
DA:250,1
DA:252,0
DA:253,0
DA:257,0
DA:258,0
DA:261,0
DA:262,0
DA:263,0
DA:264,0
DA:266,0
DA:267,0
DA:269,0
DA:271,1
DA:272,1
DA:290,5
DA:291,1
DA:292,1
DA:294,1
DA:300,0
DA:301,0
DA:304,0
DA:306,1
DA:307,1
DA:312,5
DA:313,1
DA:314,1
DA:315,1
DA:317,0
DA:318,0
DA:321,0
DA:323,1
DA:324,1
LF:101
LH:55
BRDA:83,0,0,2
BRDA:84,1,0,2
BRDA:85,2,0,2
BRDA:86,3,0,2
BRDA:92,4,0,0
BRDA:97,5,0,0
BRDA:103,6,0,0
BRDA:108,7,0,0
BRDA:108,8,0,2
BRDA:108,8,1,0
BRDA:116,9,0,2
BRDA:116,9,1,0
BRDA:117,10,0,2
BRDA:117,10,1,0
BRDA:122,11,0,2
BRDA:122,11,1,0
BRDA:157,12,0,1
BRDA:157,13,0,1
BRDA:157,13,1,1
BRDA:157,13,2,1
BRDA:157,13,3,1
BRDA:157,13,4,1
BRDA:167,14,0,0
BRDA:167,14,1,0
BRDA:190,15,0,0
BRDA:209,16,0,0
BRDA:229,17,0,0
BRDA:234,18,0,0
BRDA:234,18,1,0
BRDA:252,19,0,0
BRDA:300,20,0,0
BRDA:317,21,0,0
BRF:32
BRH:14
end_of_record
TN:
SF:src\controllers\dashboardController.ts
FN:8,(anonymous_8)
FN:8,(anonymous_9)
FN:27,(anonymous_10)
FN:28,(anonymous_11)
FNF:4
FNH:2
FNDA:1,(anonymous_8)
FNDA:1,(anonymous_9)
FNDA:0,(anonymous_10)
FNDA:0,(anonymous_11)
DA:2,5
DA:3,5
DA:4,5
DA:5,5
DA:8,5
DA:9,1
DA:11,1
DA:14,1
DA:17,1
DA:20,1
DA:21,1
DA:22,1
DA:25,1
DA:26,1
DA:27,1
DA:28,1
DA:30,1
DA:31,1
DA:34,1
DA:36,1
DA:52,0
DA:53,0
LF:22
LH:20
BRDA:30,0,0,0
BRDA:30,0,1,1
BRDA:31,1,0,0
BRDA:31,1,1,1
BRF:4
BRH:2
end_of_record
TN:
SF:src\controllers\emailReportController.ts
FN:4,(anonymous_8)
FN:4,(anonymous_9)
FN:26,(anonymous_10)
FNF:3
FNH:0
FNDA:0,(anonymous_8)
FNDA:0,(anonymous_9)
FNDA:0,(anonymous_10)
DA:2,5
DA:4,5
DA:5,0
DA:6,0
DA:9,0
DA:10,0
DA:11,0
DA:14,0
DA:15,0
DA:16,0
DA:20,0
DA:26,0
DA:39,0
DA:41,0
DA:51,0
DA:52,0
LF:16
LH:2
BRDA:6,0,0,0
BRDA:6,1,0,0
BRDA:6,2,0,0
BRDA:6,3,0,0
BRDA:9,4,0,0
BRDA:9,4,1,0
BRDA:10,5,0,0
BRDA:10,5,1,0
BRDA:15,6,0,0
BRDA:21,7,0,0
BRDA:21,7,1,0
BRF:11
BRH:0
end_of_record
TN:
SF:src\controllers\filterController.ts
FN:59,(anonymous_8)
FN:59,(anonymous_9)
FN:91,(anonymous_10)
FN:91,(anonymous_11)
FN:115,(anonymous_12)
FN:115,(anonymous_13)
FN:142,(anonymous_14)
FN:142,(anonymous_15)
FN:154,(anonymous_16)
FN:154,(anonymous_17)
FN:179,(anonymous_18)
FN:179,(anonymous_19)
FN:198,(anonymous_20)
FN:198,(anonymous_21)
FN:208,(anonymous_22)
FN:228,(anonymous_23)
FN:228,(anonymous_24)
FNF:17
FNH:12
FNDA:1,(anonymous_8)
FNDA:1,(anonymous_9)
FNDA:1,(anonymous_10)
FNDA:1,(anonymous_11)
FNDA:1,(anonymous_12)
FNDA:1,(anonymous_13)
FNDA:1,(anonymous_14)
FNDA:1,(anonymous_15)
FNDA:0,(anonymous_16)
FNDA:0,(anonymous_17)
FNDA:1,(anonymous_18)
FNDA:1,(anonymous_19)
FNDA:0,(anonymous_20)
FNDA:0,(anonymous_21)
FNDA:0,(anonymous_22)
FNDA:1,(anonymous_23)
FNDA:1,(anonymous_24)
DA:3,5
DA:57,5
DA:59,5
DA:60,1
DA:61,1
DA:63,1
DA:64,1
DA:68,0
DA:70,0
DA:82,0
DA:83,0
DA:85,0
DA:86,0
DA:91,5
DA:92,1
DA:93,1
DA:94,1
DA:96,1
DA:103,0
DA:104,0
DA:107,0
DA:109,1
DA:110,1
DA:115,5
DA:116,1
DA:117,1
DA:118,1
DA:120,0
DA:121,0
DA:125,0
DA:127,0
DA:128,0
DA:129,0
DA:131,0
DA:132,0
DA:134,0
DA:136,1
DA:137,1
DA:142,5
DA:143,1
DA:144,1
DA:146,1
DA:148,0
DA:149,0
DA:154,5
DA:155,0
DA:156,0
DA:157,0
DA:159,0
DA:160,0
DA:163,0
DA:174,0
DA:179,5
DA:180,1
DA:181,1
DA:183,1
DA:184,0
DA:188,1
DA:190,1
DA:192,0
DA:193,0
DA:198,5
DA:199,0
DA:200,0
DA:201,0
DA:202,0
DA:204,0
DA:205,0
DA:206,0
DA:208,0
DA:209,0
DA:210,0
DA:211,0
DA:212,0
DA:214,0
DA:215,0
DA:216,0
DA:220,0
DA:221,0
DA:223,0
DA:228,5
DA:229,1
DA:230,1
DA:231,1
DA:236,0
DA:237,0
DA:240,0
DA:242,1
DA:243,1
LF:89
LH:38
BRDA:63,0,0,1
BRDA:63,1,0,1
BRDA:63,1,1,1
BRDA:63,1,2,1
BRDA:103,2,0,0
BRDA:120,3,0,0
BRDA:159,4,0,0
BRDA:183,5,0,0
BRDA:183,6,0,1
BRDA:183,6,1,1
BRDA:202,7,0,0
BRDA:209,8,0,0
BRDA:209,8,1,0
BRDA:211,9,0,0
BRDA:211,9,1,0
BRDA:236,10,0,0
BRF:16
BRH:6
end_of_record
TN:
SF:src\controllers\templateController.ts
FN:87,(anonymous_8)
FN:87,(anonymous_9)
FN:126,(anonymous_10)
FN:126,(anonymous_11)
FN:202,(anonymous_12)
FN:202,(anonymous_13)
FN:214,(anonymous_14)
FN:214,(anonymous_15)
FN:237,(anonymous_16)
FN:237,(anonymous_17)
FN:256,(anonymous_18)
FN:256,(anonymous_19)
FN:310,(anonymous_20)
FN:310,(anonymous_21)
FN:345,(anonymous_22)
FN:345,(anonymous_23)
FN:366,(anonymous_24)
FN:366,(anonymous_25)
FN:379,(anonymous_26)
FN:379,(anonymous_27)
FN:394,(anonymous_28)
FN:394,(anonymous_29)
FN:407,(anonymous_30)
FN:407,(anonymous_31)
FNF:24
FNH:8
FNDA:1,(anonymous_8)
FNDA:1,(anonymous_9)
FNDA:1,(anonymous_10)
FNDA:1,(anonymous_11)
FNDA:0,(anonymous_12)
FNDA:0,(anonymous_13)
FNDA:0,(anonymous_14)
FNDA:0,(anonymous_15)
FNDA:0,(anonymous_16)
FNDA:0,(anonymous_17)
FNDA:0,(anonymous_18)
FNDA:0,(anonymous_19)
FNDA:0,(anonymous_20)
FNDA:0,(anonymous_21)
FNDA:0,(anonymous_22)
FNDA:0,(anonymous_23)
FNDA:0,(anonymous_24)
FNDA:0,(anonymous_25)
FNDA:1,(anonymous_26)
FNDA:1,(anonymous_27)
FNDA:1,(anonymous_28)
FNDA:1,(anonymous_29)
FNDA:0,(anonymous_30)
FNDA:0,(anonymous_31)
DA:83,5
DA:87,5
DA:88,1
DA:89,1
DA:92,1
DA:93,1
DA:94,0
DA:98,1
DA:99,1
DA:102,0
DA:116,0
DA:117,0
DA:119,0
DA:120,0
DA:126,5
DA:127,1
DA:137,1
DA:139,1
DA:142,1
DA:143,0
DA:150,1
DA:151,0
DA:155,1
DA:156,0
DA:160,1
DA:161,0
DA:165,1
DA:166,1
DA:167,1
DA:170,1
DA:171,1
DA:173,1
DA:176,1
DA:182,1
DA:184,1
DA:195,0
DA:196,0
DA:202,5
DA:203,0
DA:204,0
DA:205,0
DA:206,0
DA:208,0
DA:214,5
DA:215,0
DA:216,0
DA:217,0
DA:219,0
DA:220,0
DA:223,0
DA:230,0
DA:231,0
DA:237,5
DA:238,0
DA:239,0
DA:241,0
DA:242,0
DA:246,0
DA:248,0
DA:249,0
DA:256,5
DA:257,0
DA:258,0
DA:261,0
DA:262,0
DA:265,0
DA:278,0
DA:279,0
DA:280,0
DA:281,0
DA:282,0
DA:283,0
DA:284,0
DA:285,0
DA:288,0
DA:289,0
DA:293,0
DA:295,0
DA:297,0
DA:303,0
DA:304,0
DA:310,5
DA:311,0
DA:312,0
DA:313,0
DA:315,0
DA:316,0
DA:320,0
DA:323,0
DA:324,0
DA:325,0
DA:326,0
DA:327,0
DA:330,0
DA:331,0
DA:333,0
DA:339,0
DA:340,0
DA:345,5
DA:346,0
DA:347,0
DA:349,0
DA:350,0
DA:354,0
DA:355,0
DA:356,0
DA:358,0
DA:360,0
DA:361,0
DA:366,5
DA:367,0
DA:368,0
DA:369,0
DA:371,0
DA:373,0
DA:379,5
DA:380,1
DA:381,1
DA:385,1
DA:387,0
DA:388,0
DA:394,5
DA:395,1
DA:396,1
DA:399,1
DA:401,0
DA:402,0
DA:407,5
DA:408,0
DA:409,0
DA:412,0
DA:413,0
DA:414,0
DA:418,0
DA:424,0
DA:429,0
DA:430,0
LF:137
LH:41
BRDA:93,0,0,0
BRDA:98,1,0,1
BRDA:98,2,0,1
BRDA:98,2,1,1
BRDA:98,2,2,1
BRDA:98,2,3,1
BRDA:98,2,4,1
BRDA:111,3,0,0
BRDA:111,3,1,0
BRDA:133,4,0,1
BRDA:134,5,0,1
BRDA:135,6,0,1
BRDA:136,7,0,1
BRDA:142,8,0,0
BRDA:150,9,0,0
BRDA:155,10,0,0
BRDA:160,11,0,0
BRDA:165,12,0,1
BRDA:165,12,1,0
BRDA:166,13,0,1
BRDA:166,13,1,0
BRDA:171,14,0,1
BRDA:171,14,1,0
BRDA:205,15,0,0
BRDA:219,16,0,0
BRDA:241,17,0,0
BRDA:262,18,0,0
BRDA:278,19,0,0
BRDA:278,19,1,0
BRDA:279,20,0,0
BRDA:279,20,1,0
BRDA:280,21,0,0
BRDA:280,21,1,0
BRDA:281,22,0,0
BRDA:281,22,1,0
BRDA:282,23,0,0
BRDA:282,23,1,0
BRDA:283,24,0,0
BRDA:283,24,1,0
BRDA:284,25,0,0
BRDA:284,25,1,0
BRDA:285,26,0,0
BRDA:285,26,1,0
BRDA:288,27,0,0
BRDA:289,28,0,0
BRDA:289,28,1,0
BRDA:315,29,0,0
BRDA:349,30,0,0
BRDA:369,31,0,0
BRDA:413,32,0,0
BRDA:425,33,0,0
BRDA:425,33,1,0
BRDA:425,34,0,0
BRDA:425,34,1,0
BRDA:425,35,0,0
BRDA:425,35,1,0
BRF:56
BRH:13
end_of_record
TN:
SF:src\middleware\authMiddleware.ts
FN:7,(anonymous_1)
FN:13,(anonymous_2)
FNF:2
FNH:0
FNDA:0,(anonymous_1)
FNDA:0,(anonymous_2)
DA:2,5
DA:3,5
DA:5,5
DA:7,5
DA:8,0
DA:9,0
DA:11,0
DA:13,0
DA:14,0
DA:15,0
DA:16,0
LF:11
LH:4
BRDA:9,0,0,0
BRDA:9,0,1,0
BRDA:11,1,0,0
BRDA:14,2,0,0
BRF:4
BRH:0
end_of_record
TN:
SF:src\middleware\errorHandler.ts
FN:4,(anonymous_1)
FNF:1
FNH:0
FNDA:0,(anonymous_1)
DA:2,5
DA:4,5
DA:5,0
DA:7,0
DA:8,0
LF:5
LH:2
BRDA:7,0,0,0
BRDA:7,0,1,0
BRDA:10,1,0,0
BRDA:10,1,1,0
BRDA:11,2,0,0
BRDA:11,2,1,0
BRF:6
BRH:0
end_of_record
TN:
SF:src\models\ActivityLog.ts
FNF:0
FNH:0
DA:14,5
DA:16,5
DA:23,5
DA:24,5
LF:4
LH:4
BRF:0
BRH:0
end_of_record
TN:
SF:src\models\Campaign.ts
FNF:0
FNH:0
DA:43,5
DA:64,5
DA:83,5
DA:84,5
LF:4
LH:4
BRF:0
BRH:0
end_of_record
TN:
SF:src\models\CampaignPerformance.ts
FNF:0
FNH:0
DA:1,5
DA:3,5
DA:12,5
DA:13,5
LF:4
LH:4
BRF:0
BRH:0
end_of_record
TN:
SF:src\models\EmailLog.ts
FNF:0
FNH:0
DA:1,5
DA:3,5
DA:14,5
LF:3
LH:3
BRF:0
BRH:0
end_of_record
TN:
SF:src\models\Filter.ts
FNF:0
FNH:0
DA:12,5
DA:14,5
DA:21,5
DA:36,5
DA:37,5
LF:5
LH:5
BRF:0
BRH:0
end_of_record
TN:
SF:src\models\Template.ts
FNF:0
FNH:0
DA:18,5
DA:20,5
DA:40,5
DA:41,5
LF:4
LH:4
BRF:0
BRH:0
end_of_record
TN:
SF:src\models\User.ts
FN:10,(anonymous_8)
FNF:1
FNH:0
FNDA:0,(anonymous_8)
DA:1,5
DA:2,5
DA:4,5
DA:10,5
DA:11,0
DA:12,0
DA:13,0
DA:16,5
DA:17,5
LF:9
LH:6
BRDA:11,0,0,0
BRF:1
BRH:0
end_of_record
TN:
SF:src\routes\activityRoutes.ts
FNF:0
FNH:0
DA:1,5
DA:2,5
DA:3,5
DA:5,5
DA:7,5
DA:9,5
LF:6
LH:6
BRF:0
BRH:0
end_of_record
TN:
SF:src\routes\analyticsRoutes.ts
FNF:0
FNH:0
DA:1,5
DA:2,5
DA:3,5
DA:5,5
DA:7,5
DA:8,5
DA:9,5
DA:11,5
LF:8
LH:8
BRF:0
BRH:0
end_of_record
TN:
SF:src\routes\authRoutes.ts
FNF:0
FNH:0
DA:1,5
DA:2,5
DA:4,5
DA:6,5
DA:8,5
LF:5
LH:5
BRF:0
BRH:0
end_of_record
TN:
SF:src\routes\campaignRoutes.ts
FNF:0
FNH:0
DA:16,5
DA:17,5
DA:20,5
DA:23,5
DA:24,5
DA:25,5
DA:26,5
DA:27,5
DA:28,5
DA:29,5
DA:30,5
DA:32,5
LF:12
LH:12
BRF:0
BRH:0
end_of_record
TN:
SF:src\routes\dashboardRoutes.ts
FNF:0
FNH:0
DA:1,5
DA:2,5
DA:5,5
DA:7,5
DA:9,5
LF:5
LH:5
BRF:0
BRH:0
end_of_record
TN:
SF:src\routes\emailRoutes.ts
FNF:0
FNH:0
DA:1,5
DA:2,5
DA:4,5
DA:7,5
DA:9,5
LF:5
LH:5
BRF:0
BRH:0
end_of_record
TN:
SF:src\routes\filterRoutes.ts
FNF:0
FNH:0
DA:13,5
DA:14,5
DA:17,5
DA:19,5
DA:20,5
DA:21,5
DA:22,5
DA:23,5
DA:24,5
DA:25,5
DA:26,5
DA:28,5
LF:12
LH:12
BRF:0
BRH:0
end_of_record
TN:
SF:src\routes\templateRoutes.ts
FNF:0
FNH:0
DA:22,5
DA:23,5
DA:26,5
DA:28,5
DA:29,5
DA:30,5
DA:31,5
DA:32,5
DA:33,5
DA:34,5
DA:35,5
DA:36,5
DA:37,5
DA:38,5
DA:39,5
DA:41,5
LF:16
LH:16
BRF:0
BRH:0
end_of_record
TN:
SF:src\utils\logger.ts
FNF:0
FNH:0
DA:1,5
DA:3,5
DA:16,5
LF:3
LH:3
BRF:0
BRH:0
end_of_record
